ARM GAS  /tmp/cc5K58m1.s 			page 1


   1              		.cpu cortex-m4
   2              		.eabi_attribute 27, 1
   3              		.eabi_attribute 28, 1
   4              		.eabi_attribute 20, 1
   5              		.eabi_attribute 21, 1
   6              		.eabi_attribute 23, 3
   7              		.eabi_attribute 24, 1
   8              		.eabi_attribute 25, 1
   9              		.eabi_attribute 26, 1
  10              		.eabi_attribute 30, 1
  11              		.eabi_attribute 34, 1
  12              		.eabi_attribute 18, 4
  13              		.file	"font12.c"
  14              		.text
  15              	.Ltext0:
  16              		.cfi_sections	.debug_frame
  17              		.global	Font12
  18              		.global	Font12_Table
  19              		.section	.data.Font12,"aw",%progbits
  20              		.align	2
  23              	Font12:
  24 0000 00000000 		.word	Font12_Table
  25 0004 0700     		.short	7
  26 0006 0C00     		.short	12
  27              		.section	.rodata.Font12_Table,"a",%progbits
  28              		.align	2
  31              	Font12_Table:
  32 0000 00       		.byte	0
  33 0001 00       		.byte	0
  34 0002 00       		.byte	0
  35 0003 00       		.byte	0
  36 0004 00       		.byte	0
  37 0005 00       		.byte	0
  38 0006 00       		.byte	0
  39 0007 00       		.byte	0
  40 0008 00       		.byte	0
  41 0009 00       		.byte	0
  42 000a 00       		.byte	0
  43 000b 00       		.byte	0
  44 000c 00       		.byte	0
  45 000d 10       		.byte	16
  46 000e 10       		.byte	16
  47 000f 10       		.byte	16
  48 0010 10       		.byte	16
  49 0011 10       		.byte	16
  50 0012 00       		.byte	0
  51 0013 00       		.byte	0
  52 0014 10       		.byte	16
  53 0015 00       		.byte	0
  54 0016 00       		.byte	0
  55 0017 00       		.byte	0
  56 0018 00       		.byte	0
  57 0019 6C       		.byte	108
  58 001a 48       		.byte	72
  59 001b 48       		.byte	72
  60 001c 00       		.byte	0
  61 001d 00       		.byte	0
ARM GAS  /tmp/cc5K58m1.s 			page 2


  62 001e 00       		.byte	0
  63 001f 00       		.byte	0
  64 0020 00       		.byte	0
  65 0021 00       		.byte	0
  66 0022 00       		.byte	0
  67 0023 00       		.byte	0
  68 0024 00       		.byte	0
  69 0025 14       		.byte	20
  70 0026 14       		.byte	20
  71 0027 28       		.byte	40
  72 0028 7C       		.byte	124
  73 0029 28       		.byte	40
  74 002a 7C       		.byte	124
  75 002b 28       		.byte	40
  76 002c 50       		.byte	80
  77 002d 50       		.byte	80
  78 002e 00       		.byte	0
  79 002f 00       		.byte	0
  80 0030 00       		.byte	0
  81 0031 10       		.byte	16
  82 0032 38       		.byte	56
  83 0033 40       		.byte	64
  84 0034 40       		.byte	64
  85 0035 38       		.byte	56
  86 0036 48       		.byte	72
  87 0037 70       		.byte	112
  88 0038 10       		.byte	16
  89 0039 10       		.byte	16
  90 003a 00       		.byte	0
  91 003b 00       		.byte	0
  92 003c 00       		.byte	0
  93 003d 20       		.byte	32
  94 003e 50       		.byte	80
  95 003f 20       		.byte	32
  96 0040 0C       		.byte	12
  97 0041 70       		.byte	112
  98 0042 08       		.byte	8
  99 0043 14       		.byte	20
 100 0044 08       		.byte	8
 101 0045 00       		.byte	0
 102 0046 00       		.byte	0
 103 0047 00       		.byte	0
 104 0048 00       		.byte	0
 105 0049 00       		.byte	0
 106 004a 00       		.byte	0
 107 004b 18       		.byte	24
 108 004c 20       		.byte	32
 109 004d 20       		.byte	32
 110 004e 54       		.byte	84
 111 004f 48       		.byte	72
 112 0050 34       		.byte	52
 113 0051 00       		.byte	0
 114 0052 00       		.byte	0
 115 0053 00       		.byte	0
 116 0054 00       		.byte	0
 117 0055 10       		.byte	16
 118 0056 10       		.byte	16
ARM GAS  /tmp/cc5K58m1.s 			page 3


 119 0057 10       		.byte	16
 120 0058 10       		.byte	16
 121 0059 00       		.byte	0
 122 005a 00       		.byte	0
 123 005b 00       		.byte	0
 124 005c 00       		.byte	0
 125 005d 00       		.byte	0
 126 005e 00       		.byte	0
 127 005f 00       		.byte	0
 128 0060 00       		.byte	0
 129 0061 08       		.byte	8
 130 0062 08       		.byte	8
 131 0063 10       		.byte	16
 132 0064 10       		.byte	16
 133 0065 10       		.byte	16
 134 0066 10       		.byte	16
 135 0067 10       		.byte	16
 136 0068 10       		.byte	16
 137 0069 08       		.byte	8
 138 006a 08       		.byte	8
 139 006b 00       		.byte	0
 140 006c 00       		.byte	0
 141 006d 20       		.byte	32
 142 006e 20       		.byte	32
 143 006f 10       		.byte	16
 144 0070 10       		.byte	16
 145 0071 10       		.byte	16
 146 0072 10       		.byte	16
 147 0073 10       		.byte	16
 148 0074 10       		.byte	16
 149 0075 20       		.byte	32
 150 0076 20       		.byte	32
 151 0077 00       		.byte	0
 152 0078 00       		.byte	0
 153 0079 10       		.byte	16
 154 007a 7C       		.byte	124
 155 007b 10       		.byte	16
 156 007c 28       		.byte	40
 157 007d 28       		.byte	40
 158 007e 00       		.byte	0
 159 007f 00       		.byte	0
 160 0080 00       		.byte	0
 161 0081 00       		.byte	0
 162 0082 00       		.byte	0
 163 0083 00       		.byte	0
 164 0084 00       		.byte	0
 165 0085 00       		.byte	0
 166 0086 10       		.byte	16
 167 0087 10       		.byte	16
 168 0088 10       		.byte	16
 169 0089 FE       		.byte	-2
 170 008a 10       		.byte	16
 171 008b 10       		.byte	16
 172 008c 10       		.byte	16
 173 008d 00       		.byte	0
 174 008e 00       		.byte	0
 175 008f 00       		.byte	0
ARM GAS  /tmp/cc5K58m1.s 			page 4


 176 0090 00       		.byte	0
 177 0091 00       		.byte	0
 178 0092 00       		.byte	0
 179 0093 00       		.byte	0
 180 0094 00       		.byte	0
 181 0095 00       		.byte	0
 182 0096 00       		.byte	0
 183 0097 18       		.byte	24
 184 0098 10       		.byte	16
 185 0099 30       		.byte	48
 186 009a 20       		.byte	32
 187 009b 00       		.byte	0
 188 009c 00       		.byte	0
 189 009d 00       		.byte	0
 190 009e 00       		.byte	0
 191 009f 00       		.byte	0
 192 00a0 00       		.byte	0
 193 00a1 7C       		.byte	124
 194 00a2 00       		.byte	0
 195 00a3 00       		.byte	0
 196 00a4 00       		.byte	0
 197 00a5 00       		.byte	0
 198 00a6 00       		.byte	0
 199 00a7 00       		.byte	0
 200 00a8 00       		.byte	0
 201 00a9 00       		.byte	0
 202 00aa 00       		.byte	0
 203 00ab 00       		.byte	0
 204 00ac 00       		.byte	0
 205 00ad 00       		.byte	0
 206 00ae 00       		.byte	0
 207 00af 30       		.byte	48
 208 00b0 30       		.byte	48
 209 00b1 00       		.byte	0
 210 00b2 00       		.byte	0
 211 00b3 00       		.byte	0
 212 00b4 00       		.byte	0
 213 00b5 04       		.byte	4
 214 00b6 04       		.byte	4
 215 00b7 08       		.byte	8
 216 00b8 08       		.byte	8
 217 00b9 10       		.byte	16
 218 00ba 10       		.byte	16
 219 00bb 20       		.byte	32
 220 00bc 20       		.byte	32
 221 00bd 40       		.byte	64
 222 00be 00       		.byte	0
 223 00bf 00       		.byte	0
 224 00c0 00       		.byte	0
 225 00c1 38       		.byte	56
 226 00c2 44       		.byte	68
 227 00c3 44       		.byte	68
 228 00c4 44       		.byte	68
 229 00c5 44       		.byte	68
 230 00c6 44       		.byte	68
 231 00c7 44       		.byte	68
 232 00c8 38       		.byte	56
ARM GAS  /tmp/cc5K58m1.s 			page 5


 233 00c9 00       		.byte	0
 234 00ca 00       		.byte	0
 235 00cb 00       		.byte	0
 236 00cc 00       		.byte	0
 237 00cd 30       		.byte	48
 238 00ce 10       		.byte	16
 239 00cf 10       		.byte	16
 240 00d0 10       		.byte	16
 241 00d1 10       		.byte	16
 242 00d2 10       		.byte	16
 243 00d3 10       		.byte	16
 244 00d4 7C       		.byte	124
 245 00d5 00       		.byte	0
 246 00d6 00       		.byte	0
 247 00d7 00       		.byte	0
 248 00d8 00       		.byte	0
 249 00d9 38       		.byte	56
 250 00da 44       		.byte	68
 251 00db 04       		.byte	4
 252 00dc 08       		.byte	8
 253 00dd 10       		.byte	16
 254 00de 20       		.byte	32
 255 00df 44       		.byte	68
 256 00e0 7C       		.byte	124
 257 00e1 00       		.byte	0
 258 00e2 00       		.byte	0
 259 00e3 00       		.byte	0
 260 00e4 00       		.byte	0
 261 00e5 38       		.byte	56
 262 00e6 44       		.byte	68
 263 00e7 04       		.byte	4
 264 00e8 18       		.byte	24
 265 00e9 04       		.byte	4
 266 00ea 04       		.byte	4
 267 00eb 44       		.byte	68
 268 00ec 38       		.byte	56
 269 00ed 00       		.byte	0
 270 00ee 00       		.byte	0
 271 00ef 00       		.byte	0
 272 00f0 00       		.byte	0
 273 00f1 0C       		.byte	12
 274 00f2 14       		.byte	20
 275 00f3 14       		.byte	20
 276 00f4 24       		.byte	36
 277 00f5 44       		.byte	68
 278 00f6 7E       		.byte	126
 279 00f7 04       		.byte	4
 280 00f8 0E       		.byte	14
 281 00f9 00       		.byte	0
 282 00fa 00       		.byte	0
 283 00fb 00       		.byte	0
 284 00fc 00       		.byte	0
 285 00fd 3C       		.byte	60
 286 00fe 20       		.byte	32
 287 00ff 20       		.byte	32
 288 0100 38       		.byte	56
 289 0101 04       		.byte	4
ARM GAS  /tmp/cc5K58m1.s 			page 6


 290 0102 04       		.byte	4
 291 0103 44       		.byte	68
 292 0104 38       		.byte	56
 293 0105 00       		.byte	0
 294 0106 00       		.byte	0
 295 0107 00       		.byte	0
 296 0108 00       		.byte	0
 297 0109 1C       		.byte	28
 298 010a 20       		.byte	32
 299 010b 40       		.byte	64
 300 010c 78       		.byte	120
 301 010d 44       		.byte	68
 302 010e 44       		.byte	68
 303 010f 44       		.byte	68
 304 0110 38       		.byte	56
 305 0111 00       		.byte	0
 306 0112 00       		.byte	0
 307 0113 00       		.byte	0
 308 0114 00       		.byte	0
 309 0115 7C       		.byte	124
 310 0116 44       		.byte	68
 311 0117 04       		.byte	4
 312 0118 08       		.byte	8
 313 0119 08       		.byte	8
 314 011a 08       		.byte	8
 315 011b 10       		.byte	16
 316 011c 10       		.byte	16
 317 011d 00       		.byte	0
 318 011e 00       		.byte	0
 319 011f 00       		.byte	0
 320 0120 00       		.byte	0
 321 0121 38       		.byte	56
 322 0122 44       		.byte	68
 323 0123 44       		.byte	68
 324 0124 38       		.byte	56
 325 0125 44       		.byte	68
 326 0126 44       		.byte	68
 327 0127 44       		.byte	68
 328 0128 38       		.byte	56
 329 0129 00       		.byte	0
 330 012a 00       		.byte	0
 331 012b 00       		.byte	0
 332 012c 00       		.byte	0
 333 012d 38       		.byte	56
 334 012e 44       		.byte	68
 335 012f 44       		.byte	68
 336 0130 44       		.byte	68
 337 0131 3C       		.byte	60
 338 0132 04       		.byte	4
 339 0133 08       		.byte	8
 340 0134 70       		.byte	112
 341 0135 00       		.byte	0
 342 0136 00       		.byte	0
 343 0137 00       		.byte	0
 344 0138 00       		.byte	0
 345 0139 00       		.byte	0
 346 013a 00       		.byte	0
ARM GAS  /tmp/cc5K58m1.s 			page 7


 347 013b 30       		.byte	48
 348 013c 30       		.byte	48
 349 013d 00       		.byte	0
 350 013e 00       		.byte	0
 351 013f 30       		.byte	48
 352 0140 30       		.byte	48
 353 0141 00       		.byte	0
 354 0142 00       		.byte	0
 355 0143 00       		.byte	0
 356 0144 00       		.byte	0
 357 0145 00       		.byte	0
 358 0146 00       		.byte	0
 359 0147 18       		.byte	24
 360 0148 18       		.byte	24
 361 0149 00       		.byte	0
 362 014a 00       		.byte	0
 363 014b 18       		.byte	24
 364 014c 30       		.byte	48
 365 014d 20       		.byte	32
 366 014e 00       		.byte	0
 367 014f 00       		.byte	0
 368 0150 00       		.byte	0
 369 0151 00       		.byte	0
 370 0152 0C       		.byte	12
 371 0153 10       		.byte	16
 372 0154 60       		.byte	96
 373 0155 80       		.byte	-128
 374 0156 60       		.byte	96
 375 0157 10       		.byte	16
 376 0158 0C       		.byte	12
 377 0159 00       		.byte	0
 378 015a 00       		.byte	0
 379 015b 00       		.byte	0
 380 015c 00       		.byte	0
 381 015d 00       		.byte	0
 382 015e 00       		.byte	0
 383 015f 00       		.byte	0
 384 0160 7C       		.byte	124
 385 0161 00       		.byte	0
 386 0162 7C       		.byte	124
 387 0163 00       		.byte	0
 388 0164 00       		.byte	0
 389 0165 00       		.byte	0
 390 0166 00       		.byte	0
 391 0167 00       		.byte	0
 392 0168 00       		.byte	0
 393 0169 00       		.byte	0
 394 016a C0       		.byte	-64
 395 016b 20       		.byte	32
 396 016c 18       		.byte	24
 397 016d 04       		.byte	4
 398 016e 18       		.byte	24
 399 016f 20       		.byte	32
 400 0170 C0       		.byte	-64
 401 0171 00       		.byte	0
 402 0172 00       		.byte	0
 403 0173 00       		.byte	0
ARM GAS  /tmp/cc5K58m1.s 			page 8


 404 0174 00       		.byte	0
 405 0175 00       		.byte	0
 406 0176 18       		.byte	24
 407 0177 24       		.byte	36
 408 0178 04       		.byte	4
 409 0179 08       		.byte	8
 410 017a 10       		.byte	16
 411 017b 00       		.byte	0
 412 017c 30       		.byte	48
 413 017d 00       		.byte	0
 414 017e 00       		.byte	0
 415 017f 00       		.byte	0
 416 0180 38       		.byte	56
 417 0181 44       		.byte	68
 418 0182 44       		.byte	68
 419 0183 4C       		.byte	76
 420 0184 54       		.byte	84
 421 0185 54       		.byte	84
 422 0186 4C       		.byte	76
 423 0187 40       		.byte	64
 424 0188 44       		.byte	68
 425 0189 38       		.byte	56
 426 018a 00       		.byte	0
 427 018b 00       		.byte	0
 428 018c 00       		.byte	0
 429 018d 30       		.byte	48
 430 018e 10       		.byte	16
 431 018f 28       		.byte	40
 432 0190 28       		.byte	40
 433 0191 28       		.byte	40
 434 0192 7C       		.byte	124
 435 0193 44       		.byte	68
 436 0194 EE       		.byte	-18
 437 0195 00       		.byte	0
 438 0196 00       		.byte	0
 439 0197 00       		.byte	0
 440 0198 00       		.byte	0
 441 0199 F8       		.byte	-8
 442 019a 44       		.byte	68
 443 019b 44       		.byte	68
 444 019c 78       		.byte	120
 445 019d 44       		.byte	68
 446 019e 44       		.byte	68
 447 019f 44       		.byte	68
 448 01a0 F8       		.byte	-8
 449 01a1 00       		.byte	0
 450 01a2 00       		.byte	0
 451 01a3 00       		.byte	0
 452 01a4 00       		.byte	0
 453 01a5 3C       		.byte	60
 454 01a6 44       		.byte	68
 455 01a7 40       		.byte	64
 456 01a8 40       		.byte	64
 457 01a9 40       		.byte	64
 458 01aa 40       		.byte	64
 459 01ab 44       		.byte	68
 460 01ac 38       		.byte	56
ARM GAS  /tmp/cc5K58m1.s 			page 9


 461 01ad 00       		.byte	0
 462 01ae 00       		.byte	0
 463 01af 00       		.byte	0
 464 01b0 00       		.byte	0
 465 01b1 F0       		.byte	-16
 466 01b2 48       		.byte	72
 467 01b3 44       		.byte	68
 468 01b4 44       		.byte	68
 469 01b5 44       		.byte	68
 470 01b6 44       		.byte	68
 471 01b7 48       		.byte	72
 472 01b8 F0       		.byte	-16
 473 01b9 00       		.byte	0
 474 01ba 00       		.byte	0
 475 01bb 00       		.byte	0
 476 01bc 00       		.byte	0
 477 01bd FC       		.byte	-4
 478 01be 44       		.byte	68
 479 01bf 50       		.byte	80
 480 01c0 70       		.byte	112
 481 01c1 50       		.byte	80
 482 01c2 40       		.byte	64
 483 01c3 44       		.byte	68
 484 01c4 FC       		.byte	-4
 485 01c5 00       		.byte	0
 486 01c6 00       		.byte	0
 487 01c7 00       		.byte	0
 488 01c8 00       		.byte	0
 489 01c9 7E       		.byte	126
 490 01ca 22       		.byte	34
 491 01cb 28       		.byte	40
 492 01cc 38       		.byte	56
 493 01cd 28       		.byte	40
 494 01ce 20       		.byte	32
 495 01cf 20       		.byte	32
 496 01d0 70       		.byte	112
 497 01d1 00       		.byte	0
 498 01d2 00       		.byte	0
 499 01d3 00       		.byte	0
 500 01d4 00       		.byte	0
 501 01d5 3C       		.byte	60
 502 01d6 44       		.byte	68
 503 01d7 40       		.byte	64
 504 01d8 40       		.byte	64
 505 01d9 4E       		.byte	78
 506 01da 44       		.byte	68
 507 01db 44       		.byte	68
 508 01dc 38       		.byte	56
 509 01dd 00       		.byte	0
 510 01de 00       		.byte	0
 511 01df 00       		.byte	0
 512 01e0 00       		.byte	0
 513 01e1 EE       		.byte	-18
 514 01e2 44       		.byte	68
 515 01e3 44       		.byte	68
 516 01e4 7C       		.byte	124
 517 01e5 44       		.byte	68
ARM GAS  /tmp/cc5K58m1.s 			page 10


 518 01e6 44       		.byte	68
 519 01e7 44       		.byte	68
 520 01e8 EE       		.byte	-18
 521 01e9 00       		.byte	0
 522 01ea 00       		.byte	0
 523 01eb 00       		.byte	0
 524 01ec 00       		.byte	0
 525 01ed 7C       		.byte	124
 526 01ee 10       		.byte	16
 527 01ef 10       		.byte	16
 528 01f0 10       		.byte	16
 529 01f1 10       		.byte	16
 530 01f2 10       		.byte	16
 531 01f3 10       		.byte	16
 532 01f4 7C       		.byte	124
 533 01f5 00       		.byte	0
 534 01f6 00       		.byte	0
 535 01f7 00       		.byte	0
 536 01f8 00       		.byte	0
 537 01f9 3C       		.byte	60
 538 01fa 08       		.byte	8
 539 01fb 08       		.byte	8
 540 01fc 08       		.byte	8
 541 01fd 48       		.byte	72
 542 01fe 48       		.byte	72
 543 01ff 48       		.byte	72
 544 0200 30       		.byte	48
 545 0201 00       		.byte	0
 546 0202 00       		.byte	0
 547 0203 00       		.byte	0
 548 0204 00       		.byte	0
 549 0205 EE       		.byte	-18
 550 0206 44       		.byte	68
 551 0207 48       		.byte	72
 552 0208 50       		.byte	80
 553 0209 70       		.byte	112
 554 020a 48       		.byte	72
 555 020b 44       		.byte	68
 556 020c E6       		.byte	-26
 557 020d 00       		.byte	0
 558 020e 00       		.byte	0
 559 020f 00       		.byte	0
 560 0210 00       		.byte	0
 561 0211 70       		.byte	112
 562 0212 20       		.byte	32
 563 0213 20       		.byte	32
 564 0214 20       		.byte	32
 565 0215 20       		.byte	32
 566 0216 24       		.byte	36
 567 0217 24       		.byte	36
 568 0218 7C       		.byte	124
 569 0219 00       		.byte	0
 570 021a 00       		.byte	0
 571 021b 00       		.byte	0
 572 021c 00       		.byte	0
 573 021d EE       		.byte	-18
 574 021e 6C       		.byte	108
ARM GAS  /tmp/cc5K58m1.s 			page 11


 575 021f 6C       		.byte	108
 576 0220 54       		.byte	84
 577 0221 54       		.byte	84
 578 0222 44       		.byte	68
 579 0223 44       		.byte	68
 580 0224 EE       		.byte	-18
 581 0225 00       		.byte	0
 582 0226 00       		.byte	0
 583 0227 00       		.byte	0
 584 0228 00       		.byte	0
 585 0229 EE       		.byte	-18
 586 022a 64       		.byte	100
 587 022b 64       		.byte	100
 588 022c 54       		.byte	84
 589 022d 54       		.byte	84
 590 022e 54       		.byte	84
 591 022f 4C       		.byte	76
 592 0230 EC       		.byte	-20
 593 0231 00       		.byte	0
 594 0232 00       		.byte	0
 595 0233 00       		.byte	0
 596 0234 00       		.byte	0
 597 0235 38       		.byte	56
 598 0236 44       		.byte	68
 599 0237 44       		.byte	68
 600 0238 44       		.byte	68
 601 0239 44       		.byte	68
 602 023a 44       		.byte	68
 603 023b 44       		.byte	68
 604 023c 38       		.byte	56
 605 023d 00       		.byte	0
 606 023e 00       		.byte	0
 607 023f 00       		.byte	0
 608 0240 00       		.byte	0
 609 0241 78       		.byte	120
 610 0242 24       		.byte	36
 611 0243 24       		.byte	36
 612 0244 24       		.byte	36
 613 0245 38       		.byte	56
 614 0246 20       		.byte	32
 615 0247 20       		.byte	32
 616 0248 70       		.byte	112
 617 0249 00       		.byte	0
 618 024a 00       		.byte	0
 619 024b 00       		.byte	0
 620 024c 00       		.byte	0
 621 024d 38       		.byte	56
 622 024e 44       		.byte	68
 623 024f 44       		.byte	68
 624 0250 44       		.byte	68
 625 0251 44       		.byte	68
 626 0252 44       		.byte	68
 627 0253 44       		.byte	68
 628 0254 38       		.byte	56
 629 0255 1C       		.byte	28
 630 0256 00       		.byte	0
 631 0257 00       		.byte	0
ARM GAS  /tmp/cc5K58m1.s 			page 12


 632 0258 00       		.byte	0
 633 0259 F8       		.byte	-8
 634 025a 44       		.byte	68
 635 025b 44       		.byte	68
 636 025c 44       		.byte	68
 637 025d 78       		.byte	120
 638 025e 48       		.byte	72
 639 025f 44       		.byte	68
 640 0260 E2       		.byte	-30
 641 0261 00       		.byte	0
 642 0262 00       		.byte	0
 643 0263 00       		.byte	0
 644 0264 00       		.byte	0
 645 0265 34       		.byte	52
 646 0266 4C       		.byte	76
 647 0267 40       		.byte	64
 648 0268 38       		.byte	56
 649 0269 04       		.byte	4
 650 026a 04       		.byte	4
 651 026b 64       		.byte	100
 652 026c 58       		.byte	88
 653 026d 00       		.byte	0
 654 026e 00       		.byte	0
 655 026f 00       		.byte	0
 656 0270 00       		.byte	0
 657 0271 FE       		.byte	-2
 658 0272 92       		.byte	-110
 659 0273 10       		.byte	16
 660 0274 10       		.byte	16
 661 0275 10       		.byte	16
 662 0276 10       		.byte	16
 663 0277 10       		.byte	16
 664 0278 38       		.byte	56
 665 0279 00       		.byte	0
 666 027a 00       		.byte	0
 667 027b 00       		.byte	0
 668 027c 00       		.byte	0
 669 027d EE       		.byte	-18
 670 027e 44       		.byte	68
 671 027f 44       		.byte	68
 672 0280 44       		.byte	68
 673 0281 44       		.byte	68
 674 0282 44       		.byte	68
 675 0283 44       		.byte	68
 676 0284 38       		.byte	56
 677 0285 00       		.byte	0
 678 0286 00       		.byte	0
 679 0287 00       		.byte	0
 680 0288 00       		.byte	0
 681 0289 EE       		.byte	-18
 682 028a 44       		.byte	68
 683 028b 44       		.byte	68
 684 028c 28       		.byte	40
 685 028d 28       		.byte	40
 686 028e 28       		.byte	40
 687 028f 10       		.byte	16
 688 0290 10       		.byte	16
ARM GAS  /tmp/cc5K58m1.s 			page 13


 689 0291 00       		.byte	0
 690 0292 00       		.byte	0
 691 0293 00       		.byte	0
 692 0294 00       		.byte	0
 693 0295 EE       		.byte	-18
 694 0296 44       		.byte	68
 695 0297 44       		.byte	68
 696 0298 54       		.byte	84
 697 0299 54       		.byte	84
 698 029a 54       		.byte	84
 699 029b 54       		.byte	84
 700 029c 28       		.byte	40
 701 029d 00       		.byte	0
 702 029e 00       		.byte	0
 703 029f 00       		.byte	0
 704 02a0 00       		.byte	0
 705 02a1 C6       		.byte	-58
 706 02a2 44       		.byte	68
 707 02a3 28       		.byte	40
 708 02a4 10       		.byte	16
 709 02a5 10       		.byte	16
 710 02a6 28       		.byte	40
 711 02a7 44       		.byte	68
 712 02a8 C6       		.byte	-58
 713 02a9 00       		.byte	0
 714 02aa 00       		.byte	0
 715 02ab 00       		.byte	0
 716 02ac 00       		.byte	0
 717 02ad EE       		.byte	-18
 718 02ae 44       		.byte	68
 719 02af 28       		.byte	40
 720 02b0 28       		.byte	40
 721 02b1 10       		.byte	16
 722 02b2 10       		.byte	16
 723 02b3 10       		.byte	16
 724 02b4 38       		.byte	56
 725 02b5 00       		.byte	0
 726 02b6 00       		.byte	0
 727 02b7 00       		.byte	0
 728 02b8 00       		.byte	0
 729 02b9 7C       		.byte	124
 730 02ba 44       		.byte	68
 731 02bb 08       		.byte	8
 732 02bc 10       		.byte	16
 733 02bd 10       		.byte	16
 734 02be 20       		.byte	32
 735 02bf 44       		.byte	68
 736 02c0 7C       		.byte	124
 737 02c1 00       		.byte	0
 738 02c2 00       		.byte	0
 739 02c3 00       		.byte	0
 740 02c4 00       		.byte	0
 741 02c5 38       		.byte	56
 742 02c6 20       		.byte	32
 743 02c7 20       		.byte	32
 744 02c8 20       		.byte	32
 745 02c9 20       		.byte	32
ARM GAS  /tmp/cc5K58m1.s 			page 14


 746 02ca 20       		.byte	32
 747 02cb 20       		.byte	32
 748 02cc 20       		.byte	32
 749 02cd 20       		.byte	32
 750 02ce 38       		.byte	56
 751 02cf 00       		.byte	0
 752 02d0 00       		.byte	0
 753 02d1 40       		.byte	64
 754 02d2 20       		.byte	32
 755 02d3 20       		.byte	32
 756 02d4 20       		.byte	32
 757 02d5 10       		.byte	16
 758 02d6 10       		.byte	16
 759 02d7 08       		.byte	8
 760 02d8 08       		.byte	8
 761 02d9 08       		.byte	8
 762 02da 00       		.byte	0
 763 02db 00       		.byte	0
 764 02dc 00       		.byte	0
 765 02dd 38       		.byte	56
 766 02de 08       		.byte	8
 767 02df 08       		.byte	8
 768 02e0 08       		.byte	8
 769 02e1 08       		.byte	8
 770 02e2 08       		.byte	8
 771 02e3 08       		.byte	8
 772 02e4 08       		.byte	8
 773 02e5 08       		.byte	8
 774 02e6 38       		.byte	56
 775 02e7 00       		.byte	0
 776 02e8 00       		.byte	0
 777 02e9 10       		.byte	16
 778 02ea 10       		.byte	16
 779 02eb 28       		.byte	40
 780 02ec 44       		.byte	68
 781 02ed 00       		.byte	0
 782 02ee 00       		.byte	0
 783 02ef 00       		.byte	0
 784 02f0 00       		.byte	0
 785 02f1 00       		.byte	0
 786 02f2 00       		.byte	0
 787 02f3 00       		.byte	0
 788 02f4 00       		.byte	0
 789 02f5 00       		.byte	0
 790 02f6 00       		.byte	0
 791 02f7 00       		.byte	0
 792 02f8 00       		.byte	0
 793 02f9 00       		.byte	0
 794 02fa 00       		.byte	0
 795 02fb 00       		.byte	0
 796 02fc 00       		.byte	0
 797 02fd 00       		.byte	0
 798 02fe 00       		.byte	0
 799 02ff FE       		.byte	-2
 800 0300 00       		.byte	0
 801 0301 10       		.byte	16
 802 0302 08       		.byte	8
ARM GAS  /tmp/cc5K58m1.s 			page 15


 803 0303 00       		.byte	0
 804 0304 00       		.byte	0
 805 0305 00       		.byte	0
 806 0306 00       		.byte	0
 807 0307 00       		.byte	0
 808 0308 00       		.byte	0
 809 0309 00       		.byte	0
 810 030a 00       		.byte	0
 811 030b 00       		.byte	0
 812 030c 00       		.byte	0
 813 030d 00       		.byte	0
 814 030e 00       		.byte	0
 815 030f 38       		.byte	56
 816 0310 44       		.byte	68
 817 0311 3C       		.byte	60
 818 0312 44       		.byte	68
 819 0313 44       		.byte	68
 820 0314 3E       		.byte	62
 821 0315 00       		.byte	0
 822 0316 00       		.byte	0
 823 0317 00       		.byte	0
 824 0318 00       		.byte	0
 825 0319 C0       		.byte	-64
 826 031a 40       		.byte	64
 827 031b 58       		.byte	88
 828 031c 64       		.byte	100
 829 031d 44       		.byte	68
 830 031e 44       		.byte	68
 831 031f 44       		.byte	68
 832 0320 F8       		.byte	-8
 833 0321 00       		.byte	0
 834 0322 00       		.byte	0
 835 0323 00       		.byte	0
 836 0324 00       		.byte	0
 837 0325 00       		.byte	0
 838 0326 00       		.byte	0
 839 0327 3C       		.byte	60
 840 0328 44       		.byte	68
 841 0329 40       		.byte	64
 842 032a 40       		.byte	64
 843 032b 44       		.byte	68
 844 032c 38       		.byte	56
 845 032d 00       		.byte	0
 846 032e 00       		.byte	0
 847 032f 00       		.byte	0
 848 0330 00       		.byte	0
 849 0331 0C       		.byte	12
 850 0332 04       		.byte	4
 851 0333 34       		.byte	52
 852 0334 4C       		.byte	76
 853 0335 44       		.byte	68
 854 0336 44       		.byte	68
 855 0337 44       		.byte	68
 856 0338 3E       		.byte	62
 857 0339 00       		.byte	0
 858 033a 00       		.byte	0
 859 033b 00       		.byte	0
ARM GAS  /tmp/cc5K58m1.s 			page 16


 860 033c 00       		.byte	0
 861 033d 00       		.byte	0
 862 033e 00       		.byte	0
 863 033f 38       		.byte	56
 864 0340 44       		.byte	68
 865 0341 7C       		.byte	124
 866 0342 40       		.byte	64
 867 0343 40       		.byte	64
 868 0344 3C       		.byte	60
 869 0345 00       		.byte	0
 870 0346 00       		.byte	0
 871 0347 00       		.byte	0
 872 0348 00       		.byte	0
 873 0349 1C       		.byte	28
 874 034a 20       		.byte	32
 875 034b 7C       		.byte	124
 876 034c 20       		.byte	32
 877 034d 20       		.byte	32
 878 034e 20       		.byte	32
 879 034f 20       		.byte	32
 880 0350 7C       		.byte	124
 881 0351 00       		.byte	0
 882 0352 00       		.byte	0
 883 0353 00       		.byte	0
 884 0354 00       		.byte	0
 885 0355 00       		.byte	0
 886 0356 00       		.byte	0
 887 0357 36       		.byte	54
 888 0358 4C       		.byte	76
 889 0359 44       		.byte	68
 890 035a 44       		.byte	68
 891 035b 44       		.byte	68
 892 035c 3C       		.byte	60
 893 035d 04       		.byte	4
 894 035e 38       		.byte	56
 895 035f 00       		.byte	0
 896 0360 00       		.byte	0
 897 0361 C0       		.byte	-64
 898 0362 40       		.byte	64
 899 0363 58       		.byte	88
 900 0364 64       		.byte	100
 901 0365 44       		.byte	68
 902 0366 44       		.byte	68
 903 0367 44       		.byte	68
 904 0368 EE       		.byte	-18
 905 0369 00       		.byte	0
 906 036a 00       		.byte	0
 907 036b 00       		.byte	0
 908 036c 00       		.byte	0
 909 036d 10       		.byte	16
 910 036e 00       		.byte	0
 911 036f 70       		.byte	112
 912 0370 10       		.byte	16
 913 0371 10       		.byte	16
 914 0372 10       		.byte	16
 915 0373 10       		.byte	16
 916 0374 7C       		.byte	124
ARM GAS  /tmp/cc5K58m1.s 			page 17


 917 0375 00       		.byte	0
 918 0376 00       		.byte	0
 919 0377 00       		.byte	0
 920 0378 00       		.byte	0
 921 0379 10       		.byte	16
 922 037a 00       		.byte	0
 923 037b 78       		.byte	120
 924 037c 08       		.byte	8
 925 037d 08       		.byte	8
 926 037e 08       		.byte	8
 927 037f 08       		.byte	8
 928 0380 08       		.byte	8
 929 0381 08       		.byte	8
 930 0382 70       		.byte	112
 931 0383 00       		.byte	0
 932 0384 00       		.byte	0
 933 0385 C0       		.byte	-64
 934 0386 40       		.byte	64
 935 0387 5C       		.byte	92
 936 0388 48       		.byte	72
 937 0389 70       		.byte	112
 938 038a 50       		.byte	80
 939 038b 48       		.byte	72
 940 038c DC       		.byte	-36
 941 038d 00       		.byte	0
 942 038e 00       		.byte	0
 943 038f 00       		.byte	0
 944 0390 00       		.byte	0
 945 0391 30       		.byte	48
 946 0392 10       		.byte	16
 947 0393 10       		.byte	16
 948 0394 10       		.byte	16
 949 0395 10       		.byte	16
 950 0396 10       		.byte	16
 951 0397 10       		.byte	16
 952 0398 7C       		.byte	124
 953 0399 00       		.byte	0
 954 039a 00       		.byte	0
 955 039b 00       		.byte	0
 956 039c 00       		.byte	0
 957 039d 00       		.byte	0
 958 039e 00       		.byte	0
 959 039f E8       		.byte	-24
 960 03a0 54       		.byte	84
 961 03a1 54       		.byte	84
 962 03a2 54       		.byte	84
 963 03a3 54       		.byte	84
 964 03a4 FE       		.byte	-2
 965 03a5 00       		.byte	0
 966 03a6 00       		.byte	0
 967 03a7 00       		.byte	0
 968 03a8 00       		.byte	0
 969 03a9 00       		.byte	0
 970 03aa 00       		.byte	0
 971 03ab D8       		.byte	-40
 972 03ac 64       		.byte	100
 973 03ad 44       		.byte	68
ARM GAS  /tmp/cc5K58m1.s 			page 18


 974 03ae 44       		.byte	68
 975 03af 44       		.byte	68
 976 03b0 EE       		.byte	-18
 977 03b1 00       		.byte	0
 978 03b2 00       		.byte	0
 979 03b3 00       		.byte	0
 980 03b4 00       		.byte	0
 981 03b5 00       		.byte	0
 982 03b6 00       		.byte	0
 983 03b7 38       		.byte	56
 984 03b8 44       		.byte	68
 985 03b9 44       		.byte	68
 986 03ba 44       		.byte	68
 987 03bb 44       		.byte	68
 988 03bc 38       		.byte	56
 989 03bd 00       		.byte	0
 990 03be 00       		.byte	0
 991 03bf 00       		.byte	0
 992 03c0 00       		.byte	0
 993 03c1 00       		.byte	0
 994 03c2 00       		.byte	0
 995 03c3 D8       		.byte	-40
 996 03c4 64       		.byte	100
 997 03c5 44       		.byte	68
 998 03c6 44       		.byte	68
 999 03c7 44       		.byte	68
 1000 03c8 78       		.byte	120
 1001 03c9 40       		.byte	64
 1002 03ca E0       		.byte	-32
 1003 03cb 00       		.byte	0
 1004 03cc 00       		.byte	0
 1005 03cd 00       		.byte	0
 1006 03ce 00       		.byte	0
 1007 03cf 36       		.byte	54
 1008 03d0 4C       		.byte	76
 1009 03d1 44       		.byte	68
 1010 03d2 44       		.byte	68
 1011 03d3 44       		.byte	68
 1012 03d4 3C       		.byte	60
 1013 03d5 04       		.byte	4
 1014 03d6 0E       		.byte	14
 1015 03d7 00       		.byte	0
 1016 03d8 00       		.byte	0
 1017 03d9 00       		.byte	0
 1018 03da 00       		.byte	0
 1019 03db 6C       		.byte	108
 1020 03dc 30       		.byte	48
 1021 03dd 20       		.byte	32
 1022 03de 20       		.byte	32
 1023 03df 20       		.byte	32
 1024 03e0 7C       		.byte	124
 1025 03e1 00       		.byte	0
 1026 03e2 00       		.byte	0
 1027 03e3 00       		.byte	0
 1028 03e4 00       		.byte	0
 1029 03e5 00       		.byte	0
 1030 03e6 00       		.byte	0
ARM GAS  /tmp/cc5K58m1.s 			page 19


 1031 03e7 3C       		.byte	60
 1032 03e8 44       		.byte	68
 1033 03e9 38       		.byte	56
 1034 03ea 04       		.byte	4
 1035 03eb 44       		.byte	68
 1036 03ec 78       		.byte	120
 1037 03ed 00       		.byte	0
 1038 03ee 00       		.byte	0
 1039 03ef 00       		.byte	0
 1040 03f0 00       		.byte	0
 1041 03f1 00       		.byte	0
 1042 03f2 20       		.byte	32
 1043 03f3 7C       		.byte	124
 1044 03f4 20       		.byte	32
 1045 03f5 20       		.byte	32
 1046 03f6 20       		.byte	32
 1047 03f7 22       		.byte	34
 1048 03f8 1C       		.byte	28
 1049 03f9 00       		.byte	0
 1050 03fa 00       		.byte	0
 1051 03fb 00       		.byte	0
 1052 03fc 00       		.byte	0
 1053 03fd 00       		.byte	0
 1054 03fe 00       		.byte	0
 1055 03ff CC       		.byte	-52
 1056 0400 44       		.byte	68
 1057 0401 44       		.byte	68
 1058 0402 44       		.byte	68
 1059 0403 4C       		.byte	76
 1060 0404 36       		.byte	54
 1061 0405 00       		.byte	0
 1062 0406 00       		.byte	0
 1063 0407 00       		.byte	0
 1064 0408 00       		.byte	0
 1065 0409 00       		.byte	0
 1066 040a 00       		.byte	0
 1067 040b EE       		.byte	-18
 1068 040c 44       		.byte	68
 1069 040d 44       		.byte	68
 1070 040e 28       		.byte	40
 1071 040f 28       		.byte	40
 1072 0410 10       		.byte	16
 1073 0411 00       		.byte	0
 1074 0412 00       		.byte	0
 1075 0413 00       		.byte	0
 1076 0414 00       		.byte	0
 1077 0415 00       		.byte	0
 1078 0416 00       		.byte	0
 1079 0417 EE       		.byte	-18
 1080 0418 44       		.byte	68
 1081 0419 54       		.byte	84
 1082 041a 54       		.byte	84
 1083 041b 54       		.byte	84
 1084 041c 28       		.byte	40
 1085 041d 00       		.byte	0
 1086 041e 00       		.byte	0
 1087 041f 00       		.byte	0
ARM GAS  /tmp/cc5K58m1.s 			page 20


 1088 0420 00       		.byte	0
 1089 0421 00       		.byte	0
 1090 0422 00       		.byte	0
 1091 0423 CC       		.byte	-52
 1092 0424 48       		.byte	72
 1093 0425 30       		.byte	48
 1094 0426 30       		.byte	48
 1095 0427 48       		.byte	72
 1096 0428 CC       		.byte	-52
 1097 0429 00       		.byte	0
 1098 042a 00       		.byte	0
 1099 042b 00       		.byte	0
 1100 042c 00       		.byte	0
 1101 042d 00       		.byte	0
 1102 042e 00       		.byte	0
 1103 042f EE       		.byte	-18
 1104 0430 44       		.byte	68
 1105 0431 24       		.byte	36
 1106 0432 28       		.byte	40
 1107 0433 18       		.byte	24
 1108 0434 10       		.byte	16
 1109 0435 10       		.byte	16
 1110 0436 78       		.byte	120
 1111 0437 00       		.byte	0
 1112 0438 00       		.byte	0
 1113 0439 00       		.byte	0
 1114 043a 00       		.byte	0
 1115 043b 7C       		.byte	124
 1116 043c 48       		.byte	72
 1117 043d 10       		.byte	16
 1118 043e 20       		.byte	32
 1119 043f 44       		.byte	68
 1120 0440 7C       		.byte	124
 1121 0441 00       		.byte	0
 1122 0442 00       		.byte	0
 1123 0443 00       		.byte	0
 1124 0444 00       		.byte	0
 1125 0445 08       		.byte	8
 1126 0446 10       		.byte	16
 1127 0447 10       		.byte	16
 1128 0448 10       		.byte	16
 1129 0449 10       		.byte	16
 1130 044a 20       		.byte	32
 1131 044b 10       		.byte	16
 1132 044c 10       		.byte	16
 1133 044d 10       		.byte	16
 1134 044e 08       		.byte	8
 1135 044f 00       		.byte	0
 1136 0450 00       		.byte	0
 1137 0451 10       		.byte	16
 1138 0452 10       		.byte	16
 1139 0453 10       		.byte	16
 1140 0454 10       		.byte	16
 1141 0455 10       		.byte	16
 1142 0456 10       		.byte	16
 1143 0457 10       		.byte	16
 1144 0458 10       		.byte	16
ARM GAS  /tmp/cc5K58m1.s 			page 21


 1145 0459 10       		.byte	16
 1146 045a 00       		.byte	0
 1147 045b 00       		.byte	0
 1148 045c 00       		.byte	0
 1149 045d 20       		.byte	32
 1150 045e 10       		.byte	16
 1151 045f 10       		.byte	16
 1152 0460 10       		.byte	16
 1153 0461 10       		.byte	16
 1154 0462 08       		.byte	8
 1155 0463 10       		.byte	16
 1156 0464 10       		.byte	16
 1157 0465 10       		.byte	16
 1158 0466 20       		.byte	32
 1159 0467 00       		.byte	0
 1160 0468 00       		.byte	0
 1161 0469 00       		.byte	0
 1162 046a 00       		.byte	0
 1163 046b 00       		.byte	0
 1164 046c 00       		.byte	0
 1165 046d 24       		.byte	36
 1166 046e 58       		.byte	88
 1167 046f 00       		.byte	0
 1168 0470 00       		.byte	0
 1169 0471 00       		.byte	0
 1170 0472 00       		.byte	0
 1171 0473 00       		.byte	0
 1172              		.text
 1173              	.Letext0:
 1174              		.file 1 "/usr/arm-none-eabi/include/machine/_default_types.h"
 1175              		.file 2 "/usr/arm-none-eabi/include/sys/_stdint.h"
 1176              		.file 3 "Display/Fonts/fonts.h"
 1177              		.file 4 "Display/Fonts/font12.c"
ARM GAS  /tmp/cc5K58m1.s 			page 22


DEFINED SYMBOLS
                            *ABS*:0000000000000000 font12.c
     /tmp/cc5K58m1.s:23     .data.Font12:0000000000000000 Font12
     /tmp/cc5K58m1.s:31     .rodata.Font12_Table:0000000000000000 Font12_Table
     /tmp/cc5K58m1.s:20     .data.Font12:0000000000000000 $d
     /tmp/cc5K58m1.s:28     .rodata.Font12_Table:0000000000000000 $d

NO UNDEFINED SYMBOLS
