ARM GAS  /tmp/ccR1cKUm.s 			page 1


   1              		.cpu cortex-m4
   2              		.eabi_attribute 27, 1
   3              		.eabi_attribute 28, 1
   4              		.eabi_attribute 20, 1
   5              		.eabi_attribute 21, 1
   6              		.eabi_attribute 23, 3
   7              		.eabi_attribute 24, 1
   8              		.eabi_attribute 25, 1
   9              		.eabi_attribute 26, 1
  10              		.eabi_attribute 30, 1
  11              		.eabi_attribute 34, 1
  12              		.eabi_attribute 18, 4
  13              		.file	"font16.c"
  14              		.text
  15              	.Ltext0:
  16              		.cfi_sections	.debug_frame
  17              		.global	Font16
  18              		.global	Font16_Table
  19              		.section	.data.Font16,"aw",%progbits
  20              		.align	2
  23              	Font16:
  24 0000 00000000 		.word	Font16_Table
  25 0004 0B00     		.short	11
  26 0006 1000     		.short	16
  27              		.section	.rodata.Font16_Table,"a",%progbits
  28              		.align	2
  31              	Font16_Table:
  32 0000 00       		.byte	0
  33 0001 00       		.byte	0
  34 0002 00       		.byte	0
  35 0003 00       		.byte	0
  36 0004 00       		.byte	0
  37 0005 00       		.byte	0
  38 0006 00       		.byte	0
  39 0007 00       		.byte	0
  40 0008 00       		.byte	0
  41 0009 00       		.byte	0
  42 000a 00       		.byte	0
  43 000b 00       		.byte	0
  44 000c 00       		.byte	0
  45 000d 00       		.byte	0
  46 000e 00       		.byte	0
  47 000f 00       		.byte	0
  48 0010 00       		.byte	0
  49 0011 00       		.byte	0
  50 0012 00       		.byte	0
  51 0013 00       		.byte	0
  52 0014 00       		.byte	0
  53 0015 00       		.byte	0
  54 0016 00       		.byte	0
  55 0017 00       		.byte	0
  56 0018 00       		.byte	0
  57 0019 00       		.byte	0
  58 001a 00       		.byte	0
  59 001b 00       		.byte	0
  60 001c 00       		.byte	0
  61 001d 00       		.byte	0
ARM GAS  /tmp/ccR1cKUm.s 			page 2


  62 001e 00       		.byte	0
  63 001f 00       		.byte	0
  64 0020 00       		.byte	0
  65 0021 00       		.byte	0
  66 0022 0C       		.byte	12
  67 0023 00       		.byte	0
  68 0024 0C       		.byte	12
  69 0025 00       		.byte	0
  70 0026 0C       		.byte	12
  71 0027 00       		.byte	0
  72 0028 0C       		.byte	12
  73 0029 00       		.byte	0
  74 002a 0C       		.byte	12
  75 002b 00       		.byte	0
  76 002c 0C       		.byte	12
  77 002d 00       		.byte	0
  78 002e 0C       		.byte	12
  79 002f 00       		.byte	0
  80 0030 0C       		.byte	12
  81 0031 00       		.byte	0
  82 0032 00       		.byte	0
  83 0033 00       		.byte	0
  84 0034 0C       		.byte	12
  85 0035 00       		.byte	0
  86 0036 00       		.byte	0
  87 0037 00       		.byte	0
  88 0038 00       		.byte	0
  89 0039 00       		.byte	0
  90 003a 00       		.byte	0
  91 003b 00       		.byte	0
  92 003c 00       		.byte	0
  93 003d 00       		.byte	0
  94 003e 00       		.byte	0
  95 003f 00       		.byte	0
  96 0040 00       		.byte	0
  97 0041 00       		.byte	0
  98 0042 00       		.byte	0
  99 0043 00       		.byte	0
 100 0044 1D       		.byte	29
 101 0045 C0       		.byte	-64
 102 0046 1D       		.byte	29
 103 0047 C0       		.byte	-64
 104 0048 08       		.byte	8
 105 0049 80       		.byte	-128
 106 004a 08       		.byte	8
 107 004b 80       		.byte	-128
 108 004c 08       		.byte	8
 109 004d 80       		.byte	-128
 110 004e 00       		.byte	0
 111 004f 00       		.byte	0
 112 0050 00       		.byte	0
 113 0051 00       		.byte	0
 114 0052 00       		.byte	0
 115 0053 00       		.byte	0
 116 0054 00       		.byte	0
 117 0055 00       		.byte	0
 118 0056 00       		.byte	0
ARM GAS  /tmp/ccR1cKUm.s 			page 3


 119 0057 00       		.byte	0
 120 0058 00       		.byte	0
 121 0059 00       		.byte	0
 122 005a 00       		.byte	0
 123 005b 00       		.byte	0
 124 005c 00       		.byte	0
 125 005d 00       		.byte	0
 126 005e 00       		.byte	0
 127 005f 00       		.byte	0
 128 0060 00       		.byte	0
 129 0061 00       		.byte	0
 130 0062 0D       		.byte	13
 131 0063 80       		.byte	-128
 132 0064 0D       		.byte	13
 133 0065 80       		.byte	-128
 134 0066 0D       		.byte	13
 135 0067 80       		.byte	-128
 136 0068 0D       		.byte	13
 137 0069 80       		.byte	-128
 138 006a 3F       		.byte	63
 139 006b C0       		.byte	-64
 140 006c 1B       		.byte	27
 141 006d 00       		.byte	0
 142 006e 3F       		.byte	63
 143 006f C0       		.byte	-64
 144 0070 1B       		.byte	27
 145 0071 00       		.byte	0
 146 0072 1B       		.byte	27
 147 0073 00       		.byte	0
 148 0074 1B       		.byte	27
 149 0075 00       		.byte	0
 150 0076 1B       		.byte	27
 151 0077 00       		.byte	0
 152 0078 00       		.byte	0
 153 0079 00       		.byte	0
 154 007a 00       		.byte	0
 155 007b 00       		.byte	0
 156 007c 00       		.byte	0
 157 007d 00       		.byte	0
 158 007e 00       		.byte	0
 159 007f 00       		.byte	0
 160 0080 04       		.byte	4
 161 0081 00       		.byte	0
 162 0082 1F       		.byte	31
 163 0083 80       		.byte	-128
 164 0084 31       		.byte	49
 165 0085 80       		.byte	-128
 166 0086 31       		.byte	49
 167 0087 80       		.byte	-128
 168 0088 38       		.byte	56
 169 0089 00       		.byte	0
 170 008a 1E       		.byte	30
 171 008b 00       		.byte	0
 172 008c 0F       		.byte	15
 173 008d 00       		.byte	0
 174 008e 03       		.byte	3
 175 008f 80       		.byte	-128
ARM GAS  /tmp/ccR1cKUm.s 			page 4


 176 0090 31       		.byte	49
 177 0091 80       		.byte	-128
 178 0092 31       		.byte	49
 179 0093 80       		.byte	-128
 180 0094 3F       		.byte	63
 181 0095 00       		.byte	0
 182 0096 04       		.byte	4
 183 0097 00       		.byte	0
 184 0098 04       		.byte	4
 185 0099 00       		.byte	0
 186 009a 00       		.byte	0
 187 009b 00       		.byte	0
 188 009c 00       		.byte	0
 189 009d 00       		.byte	0
 190 009e 00       		.byte	0
 191 009f 00       		.byte	0
 192 00a0 00       		.byte	0
 193 00a1 00       		.byte	0
 194 00a2 18       		.byte	24
 195 00a3 00       		.byte	0
 196 00a4 24       		.byte	36
 197 00a5 00       		.byte	0
 198 00a6 24       		.byte	36
 199 00a7 00       		.byte	0
 200 00a8 18       		.byte	24
 201 00a9 C0       		.byte	-64
 202 00aa 07       		.byte	7
 203 00ab 80       		.byte	-128
 204 00ac 1E       		.byte	30
 205 00ad 00       		.byte	0
 206 00ae 31       		.byte	49
 207 00af 80       		.byte	-128
 208 00b0 02       		.byte	2
 209 00b1 40       		.byte	64
 210 00b2 02       		.byte	2
 211 00b3 40       		.byte	64
 212 00b4 01       		.byte	1
 213 00b5 80       		.byte	-128
 214 00b6 00       		.byte	0
 215 00b7 00       		.byte	0
 216 00b8 00       		.byte	0
 217 00b9 00       		.byte	0
 218 00ba 00       		.byte	0
 219 00bb 00       		.byte	0
 220 00bc 00       		.byte	0
 221 00bd 00       		.byte	0
 222 00be 00       		.byte	0
 223 00bf 00       		.byte	0
 224 00c0 00       		.byte	0
 225 00c1 00       		.byte	0
 226 00c2 00       		.byte	0
 227 00c3 00       		.byte	0
 228 00c4 0F       		.byte	15
 229 00c5 00       		.byte	0
 230 00c6 18       		.byte	24
 231 00c7 00       		.byte	0
 232 00c8 18       		.byte	24
ARM GAS  /tmp/ccR1cKUm.s 			page 5


 233 00c9 00       		.byte	0
 234 00ca 18       		.byte	24
 235 00cb 00       		.byte	0
 236 00cc 0C       		.byte	12
 237 00cd 00       		.byte	0
 238 00ce 1D       		.byte	29
 239 00cf 80       		.byte	-128
 240 00d0 37       		.byte	55
 241 00d1 00       		.byte	0
 242 00d2 33       		.byte	51
 243 00d3 00       		.byte	0
 244 00d4 1D       		.byte	29
 245 00d5 80       		.byte	-128
 246 00d6 00       		.byte	0
 247 00d7 00       		.byte	0
 248 00d8 00       		.byte	0
 249 00d9 00       		.byte	0
 250 00da 00       		.byte	0
 251 00db 00       		.byte	0
 252 00dc 00       		.byte	0
 253 00dd 00       		.byte	0
 254 00de 00       		.byte	0
 255 00df 00       		.byte	0
 256 00e0 00       		.byte	0
 257 00e1 00       		.byte	0
 258 00e2 00       		.byte	0
 259 00e3 00       		.byte	0
 260 00e4 07       		.byte	7
 261 00e5 00       		.byte	0
 262 00e6 07       		.byte	7
 263 00e7 00       		.byte	0
 264 00e8 02       		.byte	2
 265 00e9 00       		.byte	0
 266 00ea 02       		.byte	2
 267 00eb 00       		.byte	0
 268 00ec 02       		.byte	2
 269 00ed 00       		.byte	0
 270 00ee 00       		.byte	0
 271 00ef 00       		.byte	0
 272 00f0 00       		.byte	0
 273 00f1 00       		.byte	0
 274 00f2 00       		.byte	0
 275 00f3 00       		.byte	0
 276 00f4 00       		.byte	0
 277 00f5 00       		.byte	0
 278 00f6 00       		.byte	0
 279 00f7 00       		.byte	0
 280 00f8 00       		.byte	0
 281 00f9 00       		.byte	0
 282 00fa 00       		.byte	0
 283 00fb 00       		.byte	0
 284 00fc 00       		.byte	0
 285 00fd 00       		.byte	0
 286 00fe 00       		.byte	0
 287 00ff 00       		.byte	0
 288 0100 00       		.byte	0
 289 0101 00       		.byte	0
ARM GAS  /tmp/ccR1cKUm.s 			page 6


 290 0102 03       		.byte	3
 291 0103 00       		.byte	0
 292 0104 03       		.byte	3
 293 0105 00       		.byte	0
 294 0106 06       		.byte	6
 295 0107 00       		.byte	0
 296 0108 0E       		.byte	14
 297 0109 00       		.byte	0
 298 010a 0C       		.byte	12
 299 010b 00       		.byte	0
 300 010c 0C       		.byte	12
 301 010d 00       		.byte	0
 302 010e 0C       		.byte	12
 303 010f 00       		.byte	0
 304 0110 0C       		.byte	12
 305 0111 00       		.byte	0
 306 0112 0E       		.byte	14
 307 0113 00       		.byte	0
 308 0114 06       		.byte	6
 309 0115 00       		.byte	0
 310 0116 03       		.byte	3
 311 0117 00       		.byte	0
 312 0118 03       		.byte	3
 313 0119 00       		.byte	0
 314 011a 00       		.byte	0
 315 011b 00       		.byte	0
 316 011c 00       		.byte	0
 317 011d 00       		.byte	0
 318 011e 00       		.byte	0
 319 011f 00       		.byte	0
 320 0120 00       		.byte	0
 321 0121 00       		.byte	0
 322 0122 18       		.byte	24
 323 0123 00       		.byte	0
 324 0124 18       		.byte	24
 325 0125 00       		.byte	0
 326 0126 0C       		.byte	12
 327 0127 00       		.byte	0
 328 0128 06       		.byte	6
 329 0129 00       		.byte	0
 330 012a 06       		.byte	6
 331 012b 00       		.byte	0
 332 012c 06       		.byte	6
 333 012d 00       		.byte	0
 334 012e 06       		.byte	6
 335 012f 00       		.byte	0
 336 0130 06       		.byte	6
 337 0131 00       		.byte	0
 338 0132 06       		.byte	6
 339 0133 00       		.byte	0
 340 0134 0C       		.byte	12
 341 0135 00       		.byte	0
 342 0136 1C       		.byte	28
 343 0137 00       		.byte	0
 344 0138 18       		.byte	24
 345 0139 00       		.byte	0
 346 013a 00       		.byte	0
ARM GAS  /tmp/ccR1cKUm.s 			page 7


 347 013b 00       		.byte	0
 348 013c 00       		.byte	0
 349 013d 00       		.byte	0
 350 013e 00       		.byte	0
 351 013f 00       		.byte	0
 352 0140 00       		.byte	0
 353 0141 00       		.byte	0
 354 0142 06       		.byte	6
 355 0143 00       		.byte	0
 356 0144 06       		.byte	6
 357 0145 00       		.byte	0
 358 0146 3F       		.byte	63
 359 0147 C0       		.byte	-64
 360 0148 3F       		.byte	63
 361 0149 C0       		.byte	-64
 362 014a 0F       		.byte	15
 363 014b 00       		.byte	0
 364 014c 1F       		.byte	31
 365 014d 80       		.byte	-128
 366 014e 19       		.byte	25
 367 014f 80       		.byte	-128
 368 0150 00       		.byte	0
 369 0151 00       		.byte	0
 370 0152 00       		.byte	0
 371 0153 00       		.byte	0
 372 0154 00       		.byte	0
 373 0155 00       		.byte	0
 374 0156 00       		.byte	0
 375 0157 00       		.byte	0
 376 0158 00       		.byte	0
 377 0159 00       		.byte	0
 378 015a 00       		.byte	0
 379 015b 00       		.byte	0
 380 015c 00       		.byte	0
 381 015d 00       		.byte	0
 382 015e 00       		.byte	0
 383 015f 00       		.byte	0
 384 0160 00       		.byte	0
 385 0161 00       		.byte	0
 386 0162 00       		.byte	0
 387 0163 00       		.byte	0
 388 0164 00       		.byte	0
 389 0165 00       		.byte	0
 390 0166 04       		.byte	4
 391 0167 00       		.byte	0
 392 0168 04       		.byte	4
 393 0169 00       		.byte	0
 394 016a 04       		.byte	4
 395 016b 00       		.byte	0
 396 016c 3F       		.byte	63
 397 016d 80       		.byte	-128
 398 016e 04       		.byte	4
 399 016f 00       		.byte	0
 400 0170 04       		.byte	4
 401 0171 00       		.byte	0
 402 0172 04       		.byte	4
 403 0173 00       		.byte	0
ARM GAS  /tmp/ccR1cKUm.s 			page 8


 404 0174 00       		.byte	0
 405 0175 00       		.byte	0
 406 0176 00       		.byte	0
 407 0177 00       		.byte	0
 408 0178 00       		.byte	0
 409 0179 00       		.byte	0
 410 017a 00       		.byte	0
 411 017b 00       		.byte	0
 412 017c 00       		.byte	0
 413 017d 00       		.byte	0
 414 017e 00       		.byte	0
 415 017f 00       		.byte	0
 416 0180 00       		.byte	0
 417 0181 00       		.byte	0
 418 0182 00       		.byte	0
 419 0183 00       		.byte	0
 420 0184 00       		.byte	0
 421 0185 00       		.byte	0
 422 0186 00       		.byte	0
 423 0187 00       		.byte	0
 424 0188 00       		.byte	0
 425 0189 00       		.byte	0
 426 018a 00       		.byte	0
 427 018b 00       		.byte	0
 428 018c 00       		.byte	0
 429 018d 00       		.byte	0
 430 018e 00       		.byte	0
 431 018f 00       		.byte	0
 432 0190 00       		.byte	0
 433 0191 00       		.byte	0
 434 0192 06       		.byte	6
 435 0193 00       		.byte	0
 436 0194 04       		.byte	4
 437 0195 00       		.byte	0
 438 0196 0C       		.byte	12
 439 0197 00       		.byte	0
 440 0198 08       		.byte	8
 441 0199 00       		.byte	0
 442 019a 08       		.byte	8
 443 019b 00       		.byte	0
 444 019c 00       		.byte	0
 445 019d 00       		.byte	0
 446 019e 00       		.byte	0
 447 019f 00       		.byte	0
 448 01a0 00       		.byte	0
 449 01a1 00       		.byte	0
 450 01a2 00       		.byte	0
 451 01a3 00       		.byte	0
 452 01a4 00       		.byte	0
 453 01a5 00       		.byte	0
 454 01a6 00       		.byte	0
 455 01a7 00       		.byte	0
 456 01a8 00       		.byte	0
 457 01a9 00       		.byte	0
 458 01aa 00       		.byte	0
 459 01ab 00       		.byte	0
 460 01ac 3F       		.byte	63
ARM GAS  /tmp/ccR1cKUm.s 			page 9


 461 01ad 80       		.byte	-128
 462 01ae 00       		.byte	0
 463 01af 00       		.byte	0
 464 01b0 00       		.byte	0
 465 01b1 00       		.byte	0
 466 01b2 00       		.byte	0
 467 01b3 00       		.byte	0
 468 01b4 00       		.byte	0
 469 01b5 00       		.byte	0
 470 01b6 00       		.byte	0
 471 01b7 00       		.byte	0
 472 01b8 00       		.byte	0
 473 01b9 00       		.byte	0
 474 01ba 00       		.byte	0
 475 01bb 00       		.byte	0
 476 01bc 00       		.byte	0
 477 01bd 00       		.byte	0
 478 01be 00       		.byte	0
 479 01bf 00       		.byte	0
 480 01c0 00       		.byte	0
 481 01c1 00       		.byte	0
 482 01c2 00       		.byte	0
 483 01c3 00       		.byte	0
 484 01c4 00       		.byte	0
 485 01c5 00       		.byte	0
 486 01c6 00       		.byte	0
 487 01c7 00       		.byte	0
 488 01c8 00       		.byte	0
 489 01c9 00       		.byte	0
 490 01ca 00       		.byte	0
 491 01cb 00       		.byte	0
 492 01cc 00       		.byte	0
 493 01cd 00       		.byte	0
 494 01ce 00       		.byte	0
 495 01cf 00       		.byte	0
 496 01d0 00       		.byte	0
 497 01d1 00       		.byte	0
 498 01d2 0C       		.byte	12
 499 01d3 00       		.byte	0
 500 01d4 0C       		.byte	12
 501 01d5 00       		.byte	0
 502 01d6 00       		.byte	0
 503 01d7 00       		.byte	0
 504 01d8 00       		.byte	0
 505 01d9 00       		.byte	0
 506 01da 00       		.byte	0
 507 01db 00       		.byte	0
 508 01dc 00       		.byte	0
 509 01dd 00       		.byte	0
 510 01de 00       		.byte	0
 511 01df 00       		.byte	0
 512 01e0 00       		.byte	0
 513 01e1 C0       		.byte	-64
 514 01e2 00       		.byte	0
 515 01e3 C0       		.byte	-64
 516 01e4 01       		.byte	1
 517 01e5 80       		.byte	-128
ARM GAS  /tmp/ccR1cKUm.s 			page 10


 518 01e6 01       		.byte	1
 519 01e7 80       		.byte	-128
 520 01e8 03       		.byte	3
 521 01e9 00       		.byte	0
 522 01ea 03       		.byte	3
 523 01eb 00       		.byte	0
 524 01ec 06       		.byte	6
 525 01ed 00       		.byte	0
 526 01ee 0C       		.byte	12
 527 01ef 00       		.byte	0
 528 01f0 0C       		.byte	12
 529 01f1 00       		.byte	0
 530 01f2 18       		.byte	24
 531 01f3 00       		.byte	0
 532 01f4 18       		.byte	24
 533 01f5 00       		.byte	0
 534 01f6 30       		.byte	48
 535 01f7 00       		.byte	0
 536 01f8 30       		.byte	48
 537 01f9 00       		.byte	0
 538 01fa 00       		.byte	0
 539 01fb 00       		.byte	0
 540 01fc 00       		.byte	0
 541 01fd 00       		.byte	0
 542 01fe 00       		.byte	0
 543 01ff 00       		.byte	0
 544 0200 00       		.byte	0
 545 0201 00       		.byte	0
 546 0202 0E       		.byte	14
 547 0203 00       		.byte	0
 548 0204 1B       		.byte	27
 549 0205 00       		.byte	0
 550 0206 31       		.byte	49
 551 0207 80       		.byte	-128
 552 0208 31       		.byte	49
 553 0209 80       		.byte	-128
 554 020a 31       		.byte	49
 555 020b 80       		.byte	-128
 556 020c 31       		.byte	49
 557 020d 80       		.byte	-128
 558 020e 31       		.byte	49
 559 020f 80       		.byte	-128
 560 0210 31       		.byte	49
 561 0211 80       		.byte	-128
 562 0212 1B       		.byte	27
 563 0213 00       		.byte	0
 564 0214 0E       		.byte	14
 565 0215 00       		.byte	0
 566 0216 00       		.byte	0
 567 0217 00       		.byte	0
 568 0218 00       		.byte	0
 569 0219 00       		.byte	0
 570 021a 00       		.byte	0
 571 021b 00       		.byte	0
 572 021c 00       		.byte	0
 573 021d 00       		.byte	0
 574 021e 00       		.byte	0
ARM GAS  /tmp/ccR1cKUm.s 			page 11


 575 021f 00       		.byte	0
 576 0220 00       		.byte	0
 577 0221 00       		.byte	0
 578 0222 06       		.byte	6
 579 0223 00       		.byte	0
 580 0224 3E       		.byte	62
 581 0225 00       		.byte	0
 582 0226 06       		.byte	6
 583 0227 00       		.byte	0
 584 0228 06       		.byte	6
 585 0229 00       		.byte	0
 586 022a 06       		.byte	6
 587 022b 00       		.byte	0
 588 022c 06       		.byte	6
 589 022d 00       		.byte	0
 590 022e 06       		.byte	6
 591 022f 00       		.byte	0
 592 0230 06       		.byte	6
 593 0231 00       		.byte	0
 594 0232 06       		.byte	6
 595 0233 00       		.byte	0
 596 0234 3F       		.byte	63
 597 0235 C0       		.byte	-64
 598 0236 00       		.byte	0
 599 0237 00       		.byte	0
 600 0238 00       		.byte	0
 601 0239 00       		.byte	0
 602 023a 00       		.byte	0
 603 023b 00       		.byte	0
 604 023c 00       		.byte	0
 605 023d 00       		.byte	0
 606 023e 00       		.byte	0
 607 023f 00       		.byte	0
 608 0240 00       		.byte	0
 609 0241 00       		.byte	0
 610 0242 0F       		.byte	15
 611 0243 00       		.byte	0
 612 0244 19       		.byte	25
 613 0245 80       		.byte	-128
 614 0246 31       		.byte	49
 615 0247 80       		.byte	-128
 616 0248 31       		.byte	49
 617 0249 80       		.byte	-128
 618 024a 03       		.byte	3
 619 024b 00       		.byte	0
 620 024c 06       		.byte	6
 621 024d 00       		.byte	0
 622 024e 0C       		.byte	12
 623 024f 00       		.byte	0
 624 0250 18       		.byte	24
 625 0251 00       		.byte	0
 626 0252 30       		.byte	48
 627 0253 00       		.byte	0
 628 0254 3F       		.byte	63
 629 0255 80       		.byte	-128
 630 0256 00       		.byte	0
 631 0257 00       		.byte	0
ARM GAS  /tmp/ccR1cKUm.s 			page 12


 632 0258 00       		.byte	0
 633 0259 00       		.byte	0
 634 025a 00       		.byte	0
 635 025b 00       		.byte	0
 636 025c 00       		.byte	0
 637 025d 00       		.byte	0
 638 025e 00       		.byte	0
 639 025f 00       		.byte	0
 640 0260 00       		.byte	0
 641 0261 00       		.byte	0
 642 0262 3F       		.byte	63
 643 0263 00       		.byte	0
 644 0264 61       		.byte	97
 645 0265 80       		.byte	-128
 646 0266 01       		.byte	1
 647 0267 80       		.byte	-128
 648 0268 03       		.byte	3
 649 0269 00       		.byte	0
 650 026a 1F       		.byte	31
 651 026b 00       		.byte	0
 652 026c 03       		.byte	3
 653 026d 80       		.byte	-128
 654 026e 01       		.byte	1
 655 026f 80       		.byte	-128
 656 0270 01       		.byte	1
 657 0271 80       		.byte	-128
 658 0272 61       		.byte	97
 659 0273 80       		.byte	-128
 660 0274 3F       		.byte	63
 661 0275 00       		.byte	0
 662 0276 00       		.byte	0
 663 0277 00       		.byte	0
 664 0278 00       		.byte	0
 665 0279 00       		.byte	0
 666 027a 00       		.byte	0
 667 027b 00       		.byte	0
 668 027c 00       		.byte	0
 669 027d 00       		.byte	0
 670 027e 00       		.byte	0
 671 027f 00       		.byte	0
 672 0280 00       		.byte	0
 673 0281 00       		.byte	0
 674 0282 07       		.byte	7
 675 0283 00       		.byte	0
 676 0284 07       		.byte	7
 677 0285 00       		.byte	0
 678 0286 0F       		.byte	15
 679 0287 00       		.byte	0
 680 0288 0B       		.byte	11
 681 0289 00       		.byte	0
 682 028a 1B       		.byte	27
 683 028b 00       		.byte	0
 684 028c 13       		.byte	19
 685 028d 00       		.byte	0
 686 028e 33       		.byte	51
 687 028f 00       		.byte	0
 688 0290 3F       		.byte	63
ARM GAS  /tmp/ccR1cKUm.s 			page 13


 689 0291 80       		.byte	-128
 690 0292 03       		.byte	3
 691 0293 00       		.byte	0
 692 0294 0F       		.byte	15
 693 0295 80       		.byte	-128
 694 0296 00       		.byte	0
 695 0297 00       		.byte	0
 696 0298 00       		.byte	0
 697 0299 00       		.byte	0
 698 029a 00       		.byte	0
 699 029b 00       		.byte	0
 700 029c 00       		.byte	0
 701 029d 00       		.byte	0
 702 029e 00       		.byte	0
 703 029f 00       		.byte	0
 704 02a0 00       		.byte	0
 705 02a1 00       		.byte	0
 706 02a2 1F       		.byte	31
 707 02a3 80       		.byte	-128
 708 02a4 18       		.byte	24
 709 02a5 00       		.byte	0
 710 02a6 18       		.byte	24
 711 02a7 00       		.byte	0
 712 02a8 18       		.byte	24
 713 02a9 00       		.byte	0
 714 02aa 1F       		.byte	31
 715 02ab 00       		.byte	0
 716 02ac 11       		.byte	17
 717 02ad 80       		.byte	-128
 718 02ae 01       		.byte	1
 719 02af 80       		.byte	-128
 720 02b0 01       		.byte	1
 721 02b1 80       		.byte	-128
 722 02b2 21       		.byte	33
 723 02b3 80       		.byte	-128
 724 02b4 1F       		.byte	31
 725 02b5 00       		.byte	0
 726 02b6 00       		.byte	0
 727 02b7 00       		.byte	0
 728 02b8 00       		.byte	0
 729 02b9 00       		.byte	0
 730 02ba 00       		.byte	0
 731 02bb 00       		.byte	0
 732 02bc 00       		.byte	0
 733 02bd 00       		.byte	0
 734 02be 00       		.byte	0
 735 02bf 00       		.byte	0
 736 02c0 00       		.byte	0
 737 02c1 00       		.byte	0
 738 02c2 07       		.byte	7
 739 02c3 80       		.byte	-128
 740 02c4 1C       		.byte	28
 741 02c5 00       		.byte	0
 742 02c6 18       		.byte	24
 743 02c7 00       		.byte	0
 744 02c8 30       		.byte	48
 745 02c9 00       		.byte	0
ARM GAS  /tmp/ccR1cKUm.s 			page 14


 746 02ca 37       		.byte	55
 747 02cb 00       		.byte	0
 748 02cc 39       		.byte	57
 749 02cd 80       		.byte	-128
 750 02ce 31       		.byte	49
 751 02cf 80       		.byte	-128
 752 02d0 31       		.byte	49
 753 02d1 80       		.byte	-128
 754 02d2 19       		.byte	25
 755 02d3 80       		.byte	-128
 756 02d4 0F       		.byte	15
 757 02d5 00       		.byte	0
 758 02d6 00       		.byte	0
 759 02d7 00       		.byte	0
 760 02d8 00       		.byte	0
 761 02d9 00       		.byte	0
 762 02da 00       		.byte	0
 763 02db 00       		.byte	0
 764 02dc 00       		.byte	0
 765 02dd 00       		.byte	0
 766 02de 00       		.byte	0
 767 02df 00       		.byte	0
 768 02e0 00       		.byte	0
 769 02e1 00       		.byte	0
 770 02e2 7F       		.byte	127
 771 02e3 00       		.byte	0
 772 02e4 43       		.byte	67
 773 02e5 00       		.byte	0
 774 02e6 03       		.byte	3
 775 02e7 00       		.byte	0
 776 02e8 06       		.byte	6
 777 02e9 00       		.byte	0
 778 02ea 06       		.byte	6
 779 02eb 00       		.byte	0
 780 02ec 06       		.byte	6
 781 02ed 00       		.byte	0
 782 02ee 06       		.byte	6
 783 02ef 00       		.byte	0
 784 02f0 0C       		.byte	12
 785 02f1 00       		.byte	0
 786 02f2 0C       		.byte	12
 787 02f3 00       		.byte	0
 788 02f4 0C       		.byte	12
 789 02f5 00       		.byte	0
 790 02f6 00       		.byte	0
 791 02f7 00       		.byte	0
 792 02f8 00       		.byte	0
 793 02f9 00       		.byte	0
 794 02fa 00       		.byte	0
 795 02fb 00       		.byte	0
 796 02fc 00       		.byte	0
 797 02fd 00       		.byte	0
 798 02fe 00       		.byte	0
 799 02ff 00       		.byte	0
 800 0300 00       		.byte	0
 801 0301 00       		.byte	0
 802 0302 1F       		.byte	31
ARM GAS  /tmp/ccR1cKUm.s 			page 15


 803 0303 00       		.byte	0
 804 0304 31       		.byte	49
 805 0305 80       		.byte	-128
 806 0306 31       		.byte	49
 807 0307 80       		.byte	-128
 808 0308 31       		.byte	49
 809 0309 80       		.byte	-128
 810 030a 1F       		.byte	31
 811 030b 00       		.byte	0
 812 030c 31       		.byte	49
 813 030d 80       		.byte	-128
 814 030e 31       		.byte	49
 815 030f 80       		.byte	-128
 816 0310 31       		.byte	49
 817 0311 80       		.byte	-128
 818 0312 31       		.byte	49
 819 0313 80       		.byte	-128
 820 0314 1F       		.byte	31
 821 0315 00       		.byte	0
 822 0316 00       		.byte	0
 823 0317 00       		.byte	0
 824 0318 00       		.byte	0
 825 0319 00       		.byte	0
 826 031a 00       		.byte	0
 827 031b 00       		.byte	0
 828 031c 00       		.byte	0
 829 031d 00       		.byte	0
 830 031e 00       		.byte	0
 831 031f 00       		.byte	0
 832 0320 00       		.byte	0
 833 0321 00       		.byte	0
 834 0322 1E       		.byte	30
 835 0323 00       		.byte	0
 836 0324 33       		.byte	51
 837 0325 00       		.byte	0
 838 0326 31       		.byte	49
 839 0327 80       		.byte	-128
 840 0328 31       		.byte	49
 841 0329 80       		.byte	-128
 842 032a 33       		.byte	51
 843 032b 80       		.byte	-128
 844 032c 1D       		.byte	29
 845 032d 80       		.byte	-128
 846 032e 01       		.byte	1
 847 032f 80       		.byte	-128
 848 0330 03       		.byte	3
 849 0331 00       		.byte	0
 850 0332 07       		.byte	7
 851 0333 00       		.byte	0
 852 0334 3C       		.byte	60
 853 0335 00       		.byte	0
 854 0336 00       		.byte	0
 855 0337 00       		.byte	0
 856 0338 00       		.byte	0
 857 0339 00       		.byte	0
 858 033a 00       		.byte	0
 859 033b 00       		.byte	0
ARM GAS  /tmp/ccR1cKUm.s 			page 16


 860 033c 00       		.byte	0
 861 033d 00       		.byte	0
 862 033e 00       		.byte	0
 863 033f 00       		.byte	0
 864 0340 00       		.byte	0
 865 0341 00       		.byte	0
 866 0342 00       		.byte	0
 867 0343 00       		.byte	0
 868 0344 00       		.byte	0
 869 0345 00       		.byte	0
 870 0346 00       		.byte	0
 871 0347 00       		.byte	0
 872 0348 0C       		.byte	12
 873 0349 00       		.byte	0
 874 034a 0C       		.byte	12
 875 034b 00       		.byte	0
 876 034c 00       		.byte	0
 877 034d 00       		.byte	0
 878 034e 00       		.byte	0
 879 034f 00       		.byte	0
 880 0350 00       		.byte	0
 881 0351 00       		.byte	0
 882 0352 0C       		.byte	12
 883 0353 00       		.byte	0
 884 0354 0C       		.byte	12
 885 0355 00       		.byte	0
 886 0356 00       		.byte	0
 887 0357 00       		.byte	0
 888 0358 00       		.byte	0
 889 0359 00       		.byte	0
 890 035a 00       		.byte	0
 891 035b 00       		.byte	0
 892 035c 00       		.byte	0
 893 035d 00       		.byte	0
 894 035e 00       		.byte	0
 895 035f 00       		.byte	0
 896 0360 00       		.byte	0
 897 0361 00       		.byte	0
 898 0362 00       		.byte	0
 899 0363 00       		.byte	0
 900 0364 00       		.byte	0
 901 0365 00       		.byte	0
 902 0366 00       		.byte	0
 903 0367 00       		.byte	0
 904 0368 03       		.byte	3
 905 0369 00       		.byte	0
 906 036a 03       		.byte	3
 907 036b 00       		.byte	0
 908 036c 00       		.byte	0
 909 036d 00       		.byte	0
 910 036e 00       		.byte	0
 911 036f 00       		.byte	0
 912 0370 00       		.byte	0
 913 0371 00       		.byte	0
 914 0372 06       		.byte	6
 915 0373 00       		.byte	0
 916 0374 04       		.byte	4
ARM GAS  /tmp/ccR1cKUm.s 			page 17


 917 0375 00       		.byte	0
 918 0376 08       		.byte	8
 919 0377 00       		.byte	0
 920 0378 08       		.byte	8
 921 0379 00       		.byte	0
 922 037a 00       		.byte	0
 923 037b 00       		.byte	0
 924 037c 00       		.byte	0
 925 037d 00       		.byte	0
 926 037e 00       		.byte	0
 927 037f 00       		.byte	0
 928 0380 00       		.byte	0
 929 0381 00       		.byte	0
 930 0382 00       		.byte	0
 931 0383 00       		.byte	0
 932 0384 00       		.byte	0
 933 0385 C0       		.byte	-64
 934 0386 03       		.byte	3
 935 0387 00       		.byte	0
 936 0388 04       		.byte	4
 937 0389 00       		.byte	0
 938 038a 18       		.byte	24
 939 038b 00       		.byte	0
 940 038c 60       		.byte	96
 941 038d 00       		.byte	0
 942 038e 18       		.byte	24
 943 038f 00       		.byte	0
 944 0390 04       		.byte	4
 945 0391 00       		.byte	0
 946 0392 03       		.byte	3
 947 0393 00       		.byte	0
 948 0394 00       		.byte	0
 949 0395 C0       		.byte	-64
 950 0396 00       		.byte	0
 951 0397 00       		.byte	0
 952 0398 00       		.byte	0
 953 0399 00       		.byte	0
 954 039a 00       		.byte	0
 955 039b 00       		.byte	0
 956 039c 00       		.byte	0
 957 039d 00       		.byte	0
 958 039e 00       		.byte	0
 959 039f 00       		.byte	0
 960 03a0 00       		.byte	0
 961 03a1 00       		.byte	0
 962 03a2 00       		.byte	0
 963 03a3 00       		.byte	0
 964 03a4 00       		.byte	0
 965 03a5 00       		.byte	0
 966 03a6 00       		.byte	0
 967 03a7 00       		.byte	0
 968 03a8 00       		.byte	0
 969 03a9 00       		.byte	0
 970 03aa 7F       		.byte	127
 971 03ab C0       		.byte	-64
 972 03ac 00       		.byte	0
 973 03ad 00       		.byte	0
ARM GAS  /tmp/ccR1cKUm.s 			page 18


 974 03ae 7F       		.byte	127
 975 03af C0       		.byte	-64
 976 03b0 00       		.byte	0
 977 03b1 00       		.byte	0
 978 03b2 00       		.byte	0
 979 03b3 00       		.byte	0
 980 03b4 00       		.byte	0
 981 03b5 00       		.byte	0
 982 03b6 00       		.byte	0
 983 03b7 00       		.byte	0
 984 03b8 00       		.byte	0
 985 03b9 00       		.byte	0
 986 03ba 00       		.byte	0
 987 03bb 00       		.byte	0
 988 03bc 00       		.byte	0
 989 03bd 00       		.byte	0
 990 03be 00       		.byte	0
 991 03bf 00       		.byte	0
 992 03c0 00       		.byte	0
 993 03c1 00       		.byte	0
 994 03c2 00       		.byte	0
 995 03c3 00       		.byte	0
 996 03c4 60       		.byte	96
 997 03c5 00       		.byte	0
 998 03c6 18       		.byte	24
 999 03c7 00       		.byte	0
 1000 03c8 04       		.byte	4
 1001 03c9 00       		.byte	0
 1002 03ca 03       		.byte	3
 1003 03cb 00       		.byte	0
 1004 03cc 00       		.byte	0
 1005 03cd C0       		.byte	-64
 1006 03ce 03       		.byte	3
 1007 03cf 00       		.byte	0
 1008 03d0 04       		.byte	4
 1009 03d1 00       		.byte	0
 1010 03d2 18       		.byte	24
 1011 03d3 00       		.byte	0
 1012 03d4 60       		.byte	96
 1013 03d5 00       		.byte	0
 1014 03d6 00       		.byte	0
 1015 03d7 00       		.byte	0
 1016 03d8 00       		.byte	0
 1017 03d9 00       		.byte	0
 1018 03da 00       		.byte	0
 1019 03db 00       		.byte	0
 1020 03dc 00       		.byte	0
 1021 03dd 00       		.byte	0
 1022 03de 00       		.byte	0
 1023 03df 00       		.byte	0
 1024 03e0 00       		.byte	0
 1025 03e1 00       		.byte	0
 1026 03e2 00       		.byte	0
 1027 03e3 00       		.byte	0
 1028 03e4 1F       		.byte	31
 1029 03e5 00       		.byte	0
 1030 03e6 31       		.byte	49
ARM GAS  /tmp/ccR1cKUm.s 			page 19


 1031 03e7 80       		.byte	-128
 1032 03e8 31       		.byte	49
 1033 03e9 80       		.byte	-128
 1034 03ea 01       		.byte	1
 1035 03eb 80       		.byte	-128
 1036 03ec 07       		.byte	7
 1037 03ed 00       		.byte	0
 1038 03ee 0C       		.byte	12
 1039 03ef 00       		.byte	0
 1040 03f0 0C       		.byte	12
 1041 03f1 00       		.byte	0
 1042 03f2 00       		.byte	0
 1043 03f3 00       		.byte	0
 1044 03f4 0C       		.byte	12
 1045 03f5 00       		.byte	0
 1046 03f6 00       		.byte	0
 1047 03f7 00       		.byte	0
 1048 03f8 00       		.byte	0
 1049 03f9 00       		.byte	0
 1050 03fa 00       		.byte	0
 1051 03fb 00       		.byte	0
 1052 03fc 00       		.byte	0
 1053 03fd 00       		.byte	0
 1054 03fe 00       		.byte	0
 1055 03ff 00       		.byte	0
 1056 0400 00       		.byte	0
 1057 0401 00       		.byte	0
 1058 0402 0E       		.byte	14
 1059 0403 00       		.byte	0
 1060 0404 11       		.byte	17
 1061 0405 00       		.byte	0
 1062 0406 21       		.byte	33
 1063 0407 00       		.byte	0
 1064 0408 21       		.byte	33
 1065 0409 00       		.byte	0
 1066 040a 27       		.byte	39
 1067 040b 00       		.byte	0
 1068 040c 29       		.byte	41
 1069 040d 00       		.byte	0
 1070 040e 29       		.byte	41
 1071 040f 00       		.byte	0
 1072 0410 27       		.byte	39
 1073 0411 00       		.byte	0
 1074 0412 20       		.byte	32
 1075 0413 00       		.byte	0
 1076 0414 11       		.byte	17
 1077 0415 00       		.byte	0
 1078 0416 0E       		.byte	14
 1079 0417 00       		.byte	0
 1080 0418 00       		.byte	0
 1081 0419 00       		.byte	0
 1082 041a 00       		.byte	0
 1083 041b 00       		.byte	0
 1084 041c 00       		.byte	0
 1085 041d 00       		.byte	0
 1086 041e 00       		.byte	0
 1087 041f 00       		.byte	0
ARM GAS  /tmp/ccR1cKUm.s 			page 20


 1088 0420 00       		.byte	0
 1089 0421 00       		.byte	0
 1090 0422 00       		.byte	0
 1091 0423 00       		.byte	0
 1092 0424 3F       		.byte	63
 1093 0425 00       		.byte	0
 1094 0426 0F       		.byte	15
 1095 0427 00       		.byte	0
 1096 0428 09       		.byte	9
 1097 0429 00       		.byte	0
 1098 042a 19       		.byte	25
 1099 042b 80       		.byte	-128
 1100 042c 19       		.byte	25
 1101 042d 80       		.byte	-128
 1102 042e 1F       		.byte	31
 1103 042f 80       		.byte	-128
 1104 0430 30       		.byte	48
 1105 0431 C0       		.byte	-64
 1106 0432 30       		.byte	48
 1107 0433 C0       		.byte	-64
 1108 0434 79       		.byte	121
 1109 0435 E0       		.byte	-32
 1110 0436 00       		.byte	0
 1111 0437 00       		.byte	0
 1112 0438 00       		.byte	0
 1113 0439 00       		.byte	0
 1114 043a 00       		.byte	0
 1115 043b 00       		.byte	0
 1116 043c 00       		.byte	0
 1117 043d 00       		.byte	0
 1118 043e 00       		.byte	0
 1119 043f 00       		.byte	0
 1120 0440 00       		.byte	0
 1121 0441 00       		.byte	0
 1122 0442 00       		.byte	0
 1123 0443 00       		.byte	0
 1124 0444 7F       		.byte	127
 1125 0445 00       		.byte	0
 1126 0446 31       		.byte	49
 1127 0447 80       		.byte	-128
 1128 0448 31       		.byte	49
 1129 0449 80       		.byte	-128
 1130 044a 31       		.byte	49
 1131 044b 80       		.byte	-128
 1132 044c 3F       		.byte	63
 1133 044d 00       		.byte	0
 1134 044e 31       		.byte	49
 1135 044f 80       		.byte	-128
 1136 0450 31       		.byte	49
 1137 0451 80       		.byte	-128
 1138 0452 31       		.byte	49
 1139 0453 80       		.byte	-128
 1140 0454 7F       		.byte	127
 1141 0455 00       		.byte	0
 1142 0456 00       		.byte	0
 1143 0457 00       		.byte	0
 1144 0458 00       		.byte	0
ARM GAS  /tmp/ccR1cKUm.s 			page 21


 1145 0459 00       		.byte	0
 1146 045a 00       		.byte	0
 1147 045b 00       		.byte	0
 1148 045c 00       		.byte	0
 1149 045d 00       		.byte	0
 1150 045e 00       		.byte	0
 1151 045f 00       		.byte	0
 1152 0460 00       		.byte	0
 1153 0461 00       		.byte	0
 1154 0462 00       		.byte	0
 1155 0463 00       		.byte	0
 1156 0464 1F       		.byte	31
 1157 0465 40       		.byte	64
 1158 0466 30       		.byte	48
 1159 0467 C0       		.byte	-64
 1160 0468 60       		.byte	96
 1161 0469 40       		.byte	64
 1162 046a 60       		.byte	96
 1163 046b 00       		.byte	0
 1164 046c 60       		.byte	96
 1165 046d 00       		.byte	0
 1166 046e 60       		.byte	96
 1167 046f 00       		.byte	0
 1168 0470 60       		.byte	96
 1169 0471 40       		.byte	64
 1170 0472 30       		.byte	48
 1171 0473 80       		.byte	-128
 1172 0474 1F       		.byte	31
 1173 0475 00       		.byte	0
 1174 0476 00       		.byte	0
 1175 0477 00       		.byte	0
 1176 0478 00       		.byte	0
 1177 0479 00       		.byte	0
 1178 047a 00       		.byte	0
 1179 047b 00       		.byte	0
 1180 047c 00       		.byte	0
 1181 047d 00       		.byte	0
 1182 047e 00       		.byte	0
 1183 047f 00       		.byte	0
 1184 0480 00       		.byte	0
 1185 0481 00       		.byte	0
 1186 0482 00       		.byte	0
 1187 0483 00       		.byte	0
 1188 0484 7F       		.byte	127
 1189 0485 00       		.byte	0
 1190 0486 31       		.byte	49
 1191 0487 80       		.byte	-128
 1192 0488 30       		.byte	48
 1193 0489 C0       		.byte	-64
 1194 048a 30       		.byte	48
 1195 048b C0       		.byte	-64
 1196 048c 30       		.byte	48
 1197 048d C0       		.byte	-64
 1198 048e 30       		.byte	48
 1199 048f C0       		.byte	-64
 1200 0490 30       		.byte	48
 1201 0491 C0       		.byte	-64
ARM GAS  /tmp/ccR1cKUm.s 			page 22


 1202 0492 31       		.byte	49
 1203 0493 80       		.byte	-128
 1204 0494 7F       		.byte	127
 1205 0495 00       		.byte	0
 1206 0496 00       		.byte	0
 1207 0497 00       		.byte	0
 1208 0498 00       		.byte	0
 1209 0499 00       		.byte	0
 1210 049a 00       		.byte	0
 1211 049b 00       		.byte	0
 1212 049c 00       		.byte	0
 1213 049d 00       		.byte	0
 1214 049e 00       		.byte	0
 1215 049f 00       		.byte	0
 1216 04a0 00       		.byte	0
 1217 04a1 00       		.byte	0
 1218 04a2 00       		.byte	0
 1219 04a3 00       		.byte	0
 1220 04a4 7F       		.byte	127
 1221 04a5 80       		.byte	-128
 1222 04a6 30       		.byte	48
 1223 04a7 80       		.byte	-128
 1224 04a8 30       		.byte	48
 1225 04a9 80       		.byte	-128
 1226 04aa 32       		.byte	50
 1227 04ab 00       		.byte	0
 1228 04ac 3E       		.byte	62
 1229 04ad 00       		.byte	0
 1230 04ae 32       		.byte	50
 1231 04af 00       		.byte	0
 1232 04b0 30       		.byte	48
 1233 04b1 80       		.byte	-128
 1234 04b2 30       		.byte	48
 1235 04b3 80       		.byte	-128
 1236 04b4 7F       		.byte	127
 1237 04b5 80       		.byte	-128
 1238 04b6 00       		.byte	0
 1239 04b7 00       		.byte	0
 1240 04b8 00       		.byte	0
 1241 04b9 00       		.byte	0
 1242 04ba 00       		.byte	0
 1243 04bb 00       		.byte	0
 1244 04bc 00       		.byte	0
 1245 04bd 00       		.byte	0
 1246 04be 00       		.byte	0
 1247 04bf 00       		.byte	0
 1248 04c0 00       		.byte	0
 1249 04c1 00       		.byte	0
 1250 04c2 00       		.byte	0
 1251 04c3 00       		.byte	0
 1252 04c4 7F       		.byte	127
 1253 04c5 C0       		.byte	-64
 1254 04c6 30       		.byte	48
 1255 04c7 40       		.byte	64
 1256 04c8 30       		.byte	48
 1257 04c9 40       		.byte	64
 1258 04ca 32       		.byte	50
ARM GAS  /tmp/ccR1cKUm.s 			page 23


 1259 04cb 00       		.byte	0
 1260 04cc 3E       		.byte	62
 1261 04cd 00       		.byte	0
 1262 04ce 32       		.byte	50
 1263 04cf 00       		.byte	0
 1264 04d0 30       		.byte	48
 1265 04d1 00       		.byte	0
 1266 04d2 30       		.byte	48
 1267 04d3 00       		.byte	0
 1268 04d4 7C       		.byte	124
 1269 04d5 00       		.byte	0
 1270 04d6 00       		.byte	0
 1271 04d7 00       		.byte	0
 1272 04d8 00       		.byte	0
 1273 04d9 00       		.byte	0
 1274 04da 00       		.byte	0
 1275 04db 00       		.byte	0
 1276 04dc 00       		.byte	0
 1277 04dd 00       		.byte	0
 1278 04de 00       		.byte	0
 1279 04df 00       		.byte	0
 1280 04e0 00       		.byte	0
 1281 04e1 00       		.byte	0
 1282 04e2 00       		.byte	0
 1283 04e3 00       		.byte	0
 1284 04e4 1E       		.byte	30
 1285 04e5 80       		.byte	-128
 1286 04e6 31       		.byte	49
 1287 04e7 80       		.byte	-128
 1288 04e8 60       		.byte	96
 1289 04e9 80       		.byte	-128
 1290 04ea 60       		.byte	96
 1291 04eb 00       		.byte	0
 1292 04ec 60       		.byte	96
 1293 04ed 00       		.byte	0
 1294 04ee 67       		.byte	103
 1295 04ef C0       		.byte	-64
 1296 04f0 61       		.byte	97
 1297 04f1 80       		.byte	-128
 1298 04f2 31       		.byte	49
 1299 04f3 80       		.byte	-128
 1300 04f4 1F       		.byte	31
 1301 04f5 00       		.byte	0
 1302 04f6 00       		.byte	0
 1303 04f7 00       		.byte	0
 1304 04f8 00       		.byte	0
 1305 04f9 00       		.byte	0
 1306 04fa 00       		.byte	0
 1307 04fb 00       		.byte	0
 1308 04fc 00       		.byte	0
 1309 04fd 00       		.byte	0
 1310 04fe 00       		.byte	0
 1311 04ff 00       		.byte	0
 1312 0500 00       		.byte	0
 1313 0501 00       		.byte	0
 1314 0502 00       		.byte	0
 1315 0503 00       		.byte	0
ARM GAS  /tmp/ccR1cKUm.s 			page 24


 1316 0504 7B       		.byte	123
 1317 0505 C0       		.byte	-64
 1318 0506 31       		.byte	49
 1319 0507 80       		.byte	-128
 1320 0508 31       		.byte	49
 1321 0509 80       		.byte	-128
 1322 050a 31       		.byte	49
 1323 050b 80       		.byte	-128
 1324 050c 3F       		.byte	63
 1325 050d 80       		.byte	-128
 1326 050e 31       		.byte	49
 1327 050f 80       		.byte	-128
 1328 0510 31       		.byte	49
 1329 0511 80       		.byte	-128
 1330 0512 31       		.byte	49
 1331 0513 80       		.byte	-128
 1332 0514 7B       		.byte	123
 1333 0515 C0       		.byte	-64
 1334 0516 00       		.byte	0
 1335 0517 00       		.byte	0
 1336 0518 00       		.byte	0
 1337 0519 00       		.byte	0
 1338 051a 00       		.byte	0
 1339 051b 00       		.byte	0
 1340 051c 00       		.byte	0
 1341 051d 00       		.byte	0
 1342 051e 00       		.byte	0
 1343 051f 00       		.byte	0
 1344 0520 00       		.byte	0
 1345 0521 00       		.byte	0
 1346 0522 00       		.byte	0
 1347 0523 00       		.byte	0
 1348 0524 3F       		.byte	63
 1349 0525 C0       		.byte	-64
 1350 0526 06       		.byte	6
 1351 0527 00       		.byte	0
 1352 0528 06       		.byte	6
 1353 0529 00       		.byte	0
 1354 052a 06       		.byte	6
 1355 052b 00       		.byte	0
 1356 052c 06       		.byte	6
 1357 052d 00       		.byte	0
 1358 052e 06       		.byte	6
 1359 052f 00       		.byte	0
 1360 0530 06       		.byte	6
 1361 0531 00       		.byte	0
 1362 0532 06       		.byte	6
 1363 0533 00       		.byte	0
 1364 0534 3F       		.byte	63
 1365 0535 C0       		.byte	-64
 1366 0536 00       		.byte	0
 1367 0537 00       		.byte	0
 1368 0538 00       		.byte	0
 1369 0539 00       		.byte	0
 1370 053a 00       		.byte	0
 1371 053b 00       		.byte	0
 1372 053c 00       		.byte	0
ARM GAS  /tmp/ccR1cKUm.s 			page 25


 1373 053d 00       		.byte	0
 1374 053e 00       		.byte	0
 1375 053f 00       		.byte	0
 1376 0540 00       		.byte	0
 1377 0541 00       		.byte	0
 1378 0542 00       		.byte	0
 1379 0543 00       		.byte	0
 1380 0544 1F       		.byte	31
 1381 0545 C0       		.byte	-64
 1382 0546 03       		.byte	3
 1383 0547 00       		.byte	0
 1384 0548 03       		.byte	3
 1385 0549 00       		.byte	0
 1386 054a 03       		.byte	3
 1387 054b 00       		.byte	0
 1388 054c 03       		.byte	3
 1389 054d 00       		.byte	0
 1390 054e 63       		.byte	99
 1391 054f 00       		.byte	0
 1392 0550 63       		.byte	99
 1393 0551 00       		.byte	0
 1394 0552 63       		.byte	99
 1395 0553 00       		.byte	0
 1396 0554 3E       		.byte	62
 1397 0555 00       		.byte	0
 1398 0556 00       		.byte	0
 1399 0557 00       		.byte	0
 1400 0558 00       		.byte	0
 1401 0559 00       		.byte	0
 1402 055a 00       		.byte	0
 1403 055b 00       		.byte	0
 1404 055c 00       		.byte	0
 1405 055d 00       		.byte	0
 1406 055e 00       		.byte	0
 1407 055f 00       		.byte	0
 1408 0560 00       		.byte	0
 1409 0561 00       		.byte	0
 1410 0562 00       		.byte	0
 1411 0563 00       		.byte	0
 1412 0564 7B       		.byte	123
 1413 0565 C0       		.byte	-64
 1414 0566 31       		.byte	49
 1415 0567 80       		.byte	-128
 1416 0568 33       		.byte	51
 1417 0569 00       		.byte	0
 1418 056a 36       		.byte	54
 1419 056b 00       		.byte	0
 1420 056c 3C       		.byte	60
 1421 056d 00       		.byte	0
 1422 056e 3E       		.byte	62
 1423 056f 00       		.byte	0
 1424 0570 33       		.byte	51
 1425 0571 00       		.byte	0
 1426 0572 31       		.byte	49
 1427 0573 80       		.byte	-128
 1428 0574 79       		.byte	121
 1429 0575 C0       		.byte	-64
ARM GAS  /tmp/ccR1cKUm.s 			page 26


 1430 0576 00       		.byte	0
 1431 0577 00       		.byte	0
 1432 0578 00       		.byte	0
 1433 0579 00       		.byte	0
 1434 057a 00       		.byte	0
 1435 057b 00       		.byte	0
 1436 057c 00       		.byte	0
 1437 057d 00       		.byte	0
 1438 057e 00       		.byte	0
 1439 057f 00       		.byte	0
 1440 0580 00       		.byte	0
 1441 0581 00       		.byte	0
 1442 0582 00       		.byte	0
 1443 0583 00       		.byte	0
 1444 0584 7E       		.byte	126
 1445 0585 00       		.byte	0
 1446 0586 18       		.byte	24
 1447 0587 00       		.byte	0
 1448 0588 18       		.byte	24
 1449 0589 00       		.byte	0
 1450 058a 18       		.byte	24
 1451 058b 00       		.byte	0
 1452 058c 18       		.byte	24
 1453 058d 00       		.byte	0
 1454 058e 18       		.byte	24
 1455 058f 40       		.byte	64
 1456 0590 18       		.byte	24
 1457 0591 40       		.byte	64
 1458 0592 18       		.byte	24
 1459 0593 40       		.byte	64
 1460 0594 7F       		.byte	127
 1461 0595 C0       		.byte	-64
 1462 0596 00       		.byte	0
 1463 0597 00       		.byte	0
 1464 0598 00       		.byte	0
 1465 0599 00       		.byte	0
 1466 059a 00       		.byte	0
 1467 059b 00       		.byte	0
 1468 059c 00       		.byte	0
 1469 059d 00       		.byte	0
 1470 059e 00       		.byte	0
 1471 059f 00       		.byte	0
 1472 05a0 00       		.byte	0
 1473 05a1 00       		.byte	0
 1474 05a2 00       		.byte	0
 1475 05a3 00       		.byte	0
 1476 05a4 E0       		.byte	-32
 1477 05a5 E0       		.byte	-32
 1478 05a6 60       		.byte	96
 1479 05a7 C0       		.byte	-64
 1480 05a8 71       		.byte	113
 1481 05a9 C0       		.byte	-64
 1482 05aa 7B       		.byte	123
 1483 05ab C0       		.byte	-64
 1484 05ac 6A       		.byte	106
 1485 05ad C0       		.byte	-64
 1486 05ae 6E       		.byte	110
ARM GAS  /tmp/ccR1cKUm.s 			page 27


 1487 05af C0       		.byte	-64
 1488 05b0 64       		.byte	100
 1489 05b1 C0       		.byte	-64
 1490 05b2 60       		.byte	96
 1491 05b3 C0       		.byte	-64
 1492 05b4 FB       		.byte	-5
 1493 05b5 E0       		.byte	-32
 1494 05b6 00       		.byte	0
 1495 05b7 00       		.byte	0
 1496 05b8 00       		.byte	0
 1497 05b9 00       		.byte	0
 1498 05ba 00       		.byte	0
 1499 05bb 00       		.byte	0
 1500 05bc 00       		.byte	0
 1501 05bd 00       		.byte	0
 1502 05be 00       		.byte	0
 1503 05bf 00       		.byte	0
 1504 05c0 00       		.byte	0
 1505 05c1 00       		.byte	0
 1506 05c2 00       		.byte	0
 1507 05c3 00       		.byte	0
 1508 05c4 73       		.byte	115
 1509 05c5 C0       		.byte	-64
 1510 05c6 31       		.byte	49
 1511 05c7 80       		.byte	-128
 1512 05c8 39       		.byte	57
 1513 05c9 80       		.byte	-128
 1514 05ca 3D       		.byte	61
 1515 05cb 80       		.byte	-128
 1516 05cc 35       		.byte	53
 1517 05cd 80       		.byte	-128
 1518 05ce 37       		.byte	55
 1519 05cf 80       		.byte	-128
 1520 05d0 33       		.byte	51
 1521 05d1 80       		.byte	-128
 1522 05d2 31       		.byte	49
 1523 05d3 80       		.byte	-128
 1524 05d4 79       		.byte	121
 1525 05d5 80       		.byte	-128
 1526 05d6 00       		.byte	0
 1527 05d7 00       		.byte	0
 1528 05d8 00       		.byte	0
 1529 05d9 00       		.byte	0
 1530 05da 00       		.byte	0
 1531 05db 00       		.byte	0
 1532 05dc 00       		.byte	0
 1533 05dd 00       		.byte	0
 1534 05de 00       		.byte	0
 1535 05df 00       		.byte	0
 1536 05e0 00       		.byte	0
 1537 05e1 00       		.byte	0
 1538 05e2 00       		.byte	0
 1539 05e3 00       		.byte	0
 1540 05e4 1F       		.byte	31
 1541 05e5 00       		.byte	0
 1542 05e6 31       		.byte	49
 1543 05e7 80       		.byte	-128
ARM GAS  /tmp/ccR1cKUm.s 			page 28


 1544 05e8 60       		.byte	96
 1545 05e9 C0       		.byte	-64
 1546 05ea 60       		.byte	96
 1547 05eb C0       		.byte	-64
 1548 05ec 60       		.byte	96
 1549 05ed C0       		.byte	-64
 1550 05ee 60       		.byte	96
 1551 05ef C0       		.byte	-64
 1552 05f0 60       		.byte	96
 1553 05f1 C0       		.byte	-64
 1554 05f2 31       		.byte	49
 1555 05f3 80       		.byte	-128
 1556 05f4 1F       		.byte	31
 1557 05f5 00       		.byte	0
 1558 05f6 00       		.byte	0
 1559 05f7 00       		.byte	0
 1560 05f8 00       		.byte	0
 1561 05f9 00       		.byte	0
 1562 05fa 00       		.byte	0
 1563 05fb 00       		.byte	0
 1564 05fc 00       		.byte	0
 1565 05fd 00       		.byte	0
 1566 05fe 00       		.byte	0
 1567 05ff 00       		.byte	0
 1568 0600 00       		.byte	0
 1569 0601 00       		.byte	0
 1570 0602 00       		.byte	0
 1571 0603 00       		.byte	0
 1572 0604 7F       		.byte	127
 1573 0605 00       		.byte	0
 1574 0606 31       		.byte	49
 1575 0607 80       		.byte	-128
 1576 0608 31       		.byte	49
 1577 0609 80       		.byte	-128
 1578 060a 31       		.byte	49
 1579 060b 80       		.byte	-128
 1580 060c 31       		.byte	49
 1581 060d 80       		.byte	-128
 1582 060e 3F       		.byte	63
 1583 060f 00       		.byte	0
 1584 0610 30       		.byte	48
 1585 0611 00       		.byte	0
 1586 0612 30       		.byte	48
 1587 0613 00       		.byte	0
 1588 0614 7E       		.byte	126
 1589 0615 00       		.byte	0
 1590 0616 00       		.byte	0
 1591 0617 00       		.byte	0
 1592 0618 00       		.byte	0
 1593 0619 00       		.byte	0
 1594 061a 00       		.byte	0
 1595 061b 00       		.byte	0
 1596 061c 00       		.byte	0
 1597 061d 00       		.byte	0
 1598 061e 00       		.byte	0
 1599 061f 00       		.byte	0
 1600 0620 00       		.byte	0
ARM GAS  /tmp/ccR1cKUm.s 			page 29


 1601 0621 00       		.byte	0
 1602 0622 00       		.byte	0
 1603 0623 00       		.byte	0
 1604 0624 1F       		.byte	31
 1605 0625 00       		.byte	0
 1606 0626 31       		.byte	49
 1607 0627 80       		.byte	-128
 1608 0628 60       		.byte	96
 1609 0629 C0       		.byte	-64
 1610 062a 60       		.byte	96
 1611 062b C0       		.byte	-64
 1612 062c 60       		.byte	96
 1613 062d C0       		.byte	-64
 1614 062e 60       		.byte	96
 1615 062f C0       		.byte	-64
 1616 0630 60       		.byte	96
 1617 0631 C0       		.byte	-64
 1618 0632 31       		.byte	49
 1619 0633 80       		.byte	-128
 1620 0634 1F       		.byte	31
 1621 0635 00       		.byte	0
 1622 0636 0C       		.byte	12
 1623 0637 C0       		.byte	-64
 1624 0638 1F       		.byte	31
 1625 0639 80       		.byte	-128
 1626 063a 00       		.byte	0
 1627 063b 00       		.byte	0
 1628 063c 00       		.byte	0
 1629 063d 00       		.byte	0
 1630 063e 00       		.byte	0
 1631 063f 00       		.byte	0
 1632 0640 00       		.byte	0
 1633 0641 00       		.byte	0
 1634 0642 00       		.byte	0
 1635 0643 00       		.byte	0
 1636 0644 7F       		.byte	127
 1637 0645 00       		.byte	0
 1638 0646 31       		.byte	49
 1639 0647 80       		.byte	-128
 1640 0648 31       		.byte	49
 1641 0649 80       		.byte	-128
 1642 064a 31       		.byte	49
 1643 064b 80       		.byte	-128
 1644 064c 3E       		.byte	62
 1645 064d 00       		.byte	0
 1646 064e 33       		.byte	51
 1647 064f 00       		.byte	0
 1648 0650 31       		.byte	49
 1649 0651 80       		.byte	-128
 1650 0652 31       		.byte	49
 1651 0653 80       		.byte	-128
 1652 0654 7C       		.byte	124
 1653 0655 E0       		.byte	-32
 1654 0656 00       		.byte	0
 1655 0657 00       		.byte	0
 1656 0658 00       		.byte	0
 1657 0659 00       		.byte	0
ARM GAS  /tmp/ccR1cKUm.s 			page 30


 1658 065a 00       		.byte	0
 1659 065b 00       		.byte	0
 1660 065c 00       		.byte	0
 1661 065d 00       		.byte	0
 1662 065e 00       		.byte	0
 1663 065f 00       		.byte	0
 1664 0660 00       		.byte	0
 1665 0661 00       		.byte	0
 1666 0662 00       		.byte	0
 1667 0663 00       		.byte	0
 1668 0664 1F       		.byte	31
 1669 0665 80       		.byte	-128
 1670 0666 31       		.byte	49
 1671 0667 80       		.byte	-128
 1672 0668 31       		.byte	49
 1673 0669 80       		.byte	-128
 1674 066a 38       		.byte	56
 1675 066b 00       		.byte	0
 1676 066c 1F       		.byte	31
 1677 066d 00       		.byte	0
 1678 066e 03       		.byte	3
 1679 066f 80       		.byte	-128
 1680 0670 31       		.byte	49
 1681 0671 80       		.byte	-128
 1682 0672 31       		.byte	49
 1683 0673 80       		.byte	-128
 1684 0674 3F       		.byte	63
 1685 0675 00       		.byte	0
 1686 0676 00       		.byte	0
 1687 0677 00       		.byte	0
 1688 0678 00       		.byte	0
 1689 0679 00       		.byte	0
 1690 067a 00       		.byte	0
 1691 067b 00       		.byte	0
 1692 067c 00       		.byte	0
 1693 067d 00       		.byte	0
 1694 067e 00       		.byte	0
 1695 067f 00       		.byte	0
 1696 0680 00       		.byte	0
 1697 0681 00       		.byte	0
 1698 0682 00       		.byte	0
 1699 0683 00       		.byte	0
 1700 0684 7F       		.byte	127
 1701 0685 80       		.byte	-128
 1702 0686 4C       		.byte	76
 1703 0687 80       		.byte	-128
 1704 0688 4C       		.byte	76
 1705 0689 80       		.byte	-128
 1706 068a 4C       		.byte	76
 1707 068b 80       		.byte	-128
 1708 068c 0C       		.byte	12
 1709 068d 00       		.byte	0
 1710 068e 0C       		.byte	12
 1711 068f 00       		.byte	0
 1712 0690 0C       		.byte	12
 1713 0691 00       		.byte	0
 1714 0692 0C       		.byte	12
ARM GAS  /tmp/ccR1cKUm.s 			page 31


 1715 0693 00       		.byte	0
 1716 0694 3F       		.byte	63
 1717 0695 00       		.byte	0
 1718 0696 00       		.byte	0
 1719 0697 00       		.byte	0
 1720 0698 00       		.byte	0
 1721 0699 00       		.byte	0
 1722 069a 00       		.byte	0
 1723 069b 00       		.byte	0
 1724 069c 00       		.byte	0
 1725 069d 00       		.byte	0
 1726 069e 00       		.byte	0
 1727 069f 00       		.byte	0
 1728 06a0 00       		.byte	0
 1729 06a1 00       		.byte	0
 1730 06a2 00       		.byte	0
 1731 06a3 00       		.byte	0
 1732 06a4 7B       		.byte	123
 1733 06a5 C0       		.byte	-64
 1734 06a6 31       		.byte	49
 1735 06a7 80       		.byte	-128
 1736 06a8 31       		.byte	49
 1737 06a9 80       		.byte	-128
 1738 06aa 31       		.byte	49
 1739 06ab 80       		.byte	-128
 1740 06ac 31       		.byte	49
 1741 06ad 80       		.byte	-128
 1742 06ae 31       		.byte	49
 1743 06af 80       		.byte	-128
 1744 06b0 31       		.byte	49
 1745 06b1 80       		.byte	-128
 1746 06b2 31       		.byte	49
 1747 06b3 80       		.byte	-128
 1748 06b4 1F       		.byte	31
 1749 06b5 00       		.byte	0
 1750 06b6 00       		.byte	0
 1751 06b7 00       		.byte	0
 1752 06b8 00       		.byte	0
 1753 06b9 00       		.byte	0
 1754 06ba 00       		.byte	0
 1755 06bb 00       		.byte	0
 1756 06bc 00       		.byte	0
 1757 06bd 00       		.byte	0
 1758 06be 00       		.byte	0
 1759 06bf 00       		.byte	0
 1760 06c0 00       		.byte	0
 1761 06c1 00       		.byte	0
 1762 06c2 00       		.byte	0
 1763 06c3 00       		.byte	0
 1764 06c4 7B       		.byte	123
 1765 06c5 C0       		.byte	-64
 1766 06c6 31       		.byte	49
 1767 06c7 80       		.byte	-128
 1768 06c8 31       		.byte	49
 1769 06c9 80       		.byte	-128
 1770 06ca 1B       		.byte	27
 1771 06cb 00       		.byte	0
ARM GAS  /tmp/ccR1cKUm.s 			page 32


 1772 06cc 1B       		.byte	27
 1773 06cd 00       		.byte	0
 1774 06ce 1B       		.byte	27
 1775 06cf 00       		.byte	0
 1776 06d0 0A       		.byte	10
 1777 06d1 00       		.byte	0
 1778 06d2 0E       		.byte	14
 1779 06d3 00       		.byte	0
 1780 06d4 0E       		.byte	14
 1781 06d5 00       		.byte	0
 1782 06d6 00       		.byte	0
 1783 06d7 00       		.byte	0
 1784 06d8 00       		.byte	0
 1785 06d9 00       		.byte	0
 1786 06da 00       		.byte	0
 1787 06db 00       		.byte	0
 1788 06dc 00       		.byte	0
 1789 06dd 00       		.byte	0
 1790 06de 00       		.byte	0
 1791 06df 00       		.byte	0
 1792 06e0 00       		.byte	0
 1793 06e1 00       		.byte	0
 1794 06e2 00       		.byte	0
 1795 06e3 00       		.byte	0
 1796 06e4 FB       		.byte	-5
 1797 06e5 E0       		.byte	-32
 1798 06e6 60       		.byte	96
 1799 06e7 C0       		.byte	-64
 1800 06e8 64       		.byte	100
 1801 06e9 C0       		.byte	-64
 1802 06ea 6E       		.byte	110
 1803 06eb C0       		.byte	-64
 1804 06ec 6E       		.byte	110
 1805 06ed C0       		.byte	-64
 1806 06ee 2A       		.byte	42
 1807 06ef 80       		.byte	-128
 1808 06f0 3B       		.byte	59
 1809 06f1 80       		.byte	-128
 1810 06f2 3B       		.byte	59
 1811 06f3 80       		.byte	-128
 1812 06f4 31       		.byte	49
 1813 06f5 80       		.byte	-128
 1814 06f6 00       		.byte	0
 1815 06f7 00       		.byte	0
 1816 06f8 00       		.byte	0
 1817 06f9 00       		.byte	0
 1818 06fa 00       		.byte	0
 1819 06fb 00       		.byte	0
 1820 06fc 00       		.byte	0
 1821 06fd 00       		.byte	0
 1822 06fe 00       		.byte	0
 1823 06ff 00       		.byte	0
 1824 0700 00       		.byte	0
 1825 0701 00       		.byte	0
 1826 0702 00       		.byte	0
 1827 0703 00       		.byte	0
 1828 0704 7B       		.byte	123
ARM GAS  /tmp/ccR1cKUm.s 			page 33


 1829 0705 C0       		.byte	-64
 1830 0706 31       		.byte	49
 1831 0707 80       		.byte	-128
 1832 0708 1B       		.byte	27
 1833 0709 00       		.byte	0
 1834 070a 0E       		.byte	14
 1835 070b 00       		.byte	0
 1836 070c 0E       		.byte	14
 1837 070d 00       		.byte	0
 1838 070e 0E       		.byte	14
 1839 070f 00       		.byte	0
 1840 0710 1B       		.byte	27
 1841 0711 00       		.byte	0
 1842 0712 31       		.byte	49
 1843 0713 80       		.byte	-128
 1844 0714 7B       		.byte	123
 1845 0715 C0       		.byte	-64
 1846 0716 00       		.byte	0
 1847 0717 00       		.byte	0
 1848 0718 00       		.byte	0
 1849 0719 00       		.byte	0
 1850 071a 00       		.byte	0
 1851 071b 00       		.byte	0
 1852 071c 00       		.byte	0
 1853 071d 00       		.byte	0
 1854 071e 00       		.byte	0
 1855 071f 00       		.byte	0
 1856 0720 00       		.byte	0
 1857 0721 00       		.byte	0
 1858 0722 00       		.byte	0
 1859 0723 00       		.byte	0
 1860 0724 79       		.byte	121
 1861 0725 E0       		.byte	-32
 1862 0726 30       		.byte	48
 1863 0727 C0       		.byte	-64
 1864 0728 19       		.byte	25
 1865 0729 80       		.byte	-128
 1866 072a 0F       		.byte	15
 1867 072b 00       		.byte	0
 1868 072c 06       		.byte	6
 1869 072d 00       		.byte	0
 1870 072e 06       		.byte	6
 1871 072f 00       		.byte	0
 1872 0730 06       		.byte	6
 1873 0731 00       		.byte	0
 1874 0732 06       		.byte	6
 1875 0733 00       		.byte	0
 1876 0734 1F       		.byte	31
 1877 0735 80       		.byte	-128
 1878 0736 00       		.byte	0
 1879 0737 00       		.byte	0
 1880 0738 00       		.byte	0
 1881 0739 00       		.byte	0
 1882 073a 00       		.byte	0
 1883 073b 00       		.byte	0
 1884 073c 00       		.byte	0
 1885 073d 00       		.byte	0
ARM GAS  /tmp/ccR1cKUm.s 			page 34


 1886 073e 00       		.byte	0
 1887 073f 00       		.byte	0
 1888 0740 00       		.byte	0
 1889 0741 00       		.byte	0
 1890 0742 00       		.byte	0
 1891 0743 00       		.byte	0
 1892 0744 3F       		.byte	63
 1893 0745 80       		.byte	-128
 1894 0746 21       		.byte	33
 1895 0747 80       		.byte	-128
 1896 0748 23       		.byte	35
 1897 0749 00       		.byte	0
 1898 074a 06       		.byte	6
 1899 074b 00       		.byte	0
 1900 074c 04       		.byte	4
 1901 074d 00       		.byte	0
 1902 074e 0C       		.byte	12
 1903 074f 00       		.byte	0
 1904 0750 18       		.byte	24
 1905 0751 80       		.byte	-128
 1906 0752 30       		.byte	48
 1907 0753 80       		.byte	-128
 1908 0754 3F       		.byte	63
 1909 0755 80       		.byte	-128
 1910 0756 00       		.byte	0
 1911 0757 00       		.byte	0
 1912 0758 00       		.byte	0
 1913 0759 00       		.byte	0
 1914 075a 00       		.byte	0
 1915 075b 00       		.byte	0
 1916 075c 00       		.byte	0
 1917 075d 00       		.byte	0
 1918 075e 00       		.byte	0
 1919 075f 00       		.byte	0
 1920 0760 00       		.byte	0
 1921 0761 00       		.byte	0
 1922 0762 07       		.byte	7
 1923 0763 80       		.byte	-128
 1924 0764 06       		.byte	6
 1925 0765 00       		.byte	0
 1926 0766 06       		.byte	6
 1927 0767 00       		.byte	0
 1928 0768 06       		.byte	6
 1929 0769 00       		.byte	0
 1930 076a 06       		.byte	6
 1931 076b 00       		.byte	0
 1932 076c 06       		.byte	6
 1933 076d 00       		.byte	0
 1934 076e 06       		.byte	6
 1935 076f 00       		.byte	0
 1936 0770 06       		.byte	6
 1937 0771 00       		.byte	0
 1938 0772 06       		.byte	6
 1939 0773 00       		.byte	0
 1940 0774 06       		.byte	6
 1941 0775 00       		.byte	0
 1942 0776 06       		.byte	6
ARM GAS  /tmp/ccR1cKUm.s 			page 35


 1943 0777 00       		.byte	0
 1944 0778 07       		.byte	7
 1945 0779 80       		.byte	-128
 1946 077a 00       		.byte	0
 1947 077b 00       		.byte	0
 1948 077c 00       		.byte	0
 1949 077d 00       		.byte	0
 1950 077e 00       		.byte	0
 1951 077f 00       		.byte	0
 1952 0780 30       		.byte	48
 1953 0781 00       		.byte	0
 1954 0782 30       		.byte	48
 1955 0783 00       		.byte	0
 1956 0784 18       		.byte	24
 1957 0785 00       		.byte	0
 1958 0786 18       		.byte	24
 1959 0787 00       		.byte	0
 1960 0788 0C       		.byte	12
 1961 0789 00       		.byte	0
 1962 078a 0C       		.byte	12
 1963 078b 00       		.byte	0
 1964 078c 06       		.byte	6
 1965 078d 00       		.byte	0
 1966 078e 03       		.byte	3
 1967 078f 00       		.byte	0
 1968 0790 03       		.byte	3
 1969 0791 00       		.byte	0
 1970 0792 01       		.byte	1
 1971 0793 80       		.byte	-128
 1972 0794 01       		.byte	1
 1973 0795 80       		.byte	-128
 1974 0796 00       		.byte	0
 1975 0797 C0       		.byte	-64
 1976 0798 00       		.byte	0
 1977 0799 C0       		.byte	-64
 1978 079a 00       		.byte	0
 1979 079b 00       		.byte	0
 1980 079c 00       		.byte	0
 1981 079d 00       		.byte	0
 1982 079e 00       		.byte	0
 1983 079f 00       		.byte	0
 1984 07a0 00       		.byte	0
 1985 07a1 00       		.byte	0
 1986 07a2 1E       		.byte	30
 1987 07a3 00       		.byte	0
 1988 07a4 06       		.byte	6
 1989 07a5 00       		.byte	0
 1990 07a6 06       		.byte	6
 1991 07a7 00       		.byte	0
 1992 07a8 06       		.byte	6
 1993 07a9 00       		.byte	0
 1994 07aa 06       		.byte	6
 1995 07ab 00       		.byte	0
 1996 07ac 06       		.byte	6
 1997 07ad 00       		.byte	0
 1998 07ae 06       		.byte	6
 1999 07af 00       		.byte	0
ARM GAS  /tmp/ccR1cKUm.s 			page 36


 2000 07b0 06       		.byte	6
 2001 07b1 00       		.byte	0
 2002 07b2 06       		.byte	6
 2003 07b3 00       		.byte	0
 2004 07b4 06       		.byte	6
 2005 07b5 00       		.byte	0
 2006 07b6 06       		.byte	6
 2007 07b7 00       		.byte	0
 2008 07b8 1E       		.byte	30
 2009 07b9 00       		.byte	0
 2010 07ba 00       		.byte	0
 2011 07bb 00       		.byte	0
 2012 07bc 00       		.byte	0
 2013 07bd 00       		.byte	0
 2014 07be 00       		.byte	0
 2015 07bf 00       		.byte	0
 2016 07c0 04       		.byte	4
 2017 07c1 00       		.byte	0
 2018 07c2 0A       		.byte	10
 2019 07c3 00       		.byte	0
 2020 07c4 0A       		.byte	10
 2021 07c5 00       		.byte	0
 2022 07c6 11       		.byte	17
 2023 07c7 00       		.byte	0
 2024 07c8 20       		.byte	32
 2025 07c9 80       		.byte	-128
 2026 07ca 20       		.byte	32
 2027 07cb 80       		.byte	-128
 2028 07cc 00       		.byte	0
 2029 07cd 00       		.byte	0
 2030 07ce 00       		.byte	0
 2031 07cf 00       		.byte	0
 2032 07d0 00       		.byte	0
 2033 07d1 00       		.byte	0
 2034 07d2 00       		.byte	0
 2035 07d3 00       		.byte	0
 2036 07d4 00       		.byte	0
 2037 07d5 00       		.byte	0
 2038 07d6 00       		.byte	0
 2039 07d7 00       		.byte	0
 2040 07d8 00       		.byte	0
 2041 07d9 00       		.byte	0
 2042 07da 00       		.byte	0
 2043 07db 00       		.byte	0
 2044 07dc 00       		.byte	0
 2045 07dd 00       		.byte	0
 2046 07de 00       		.byte	0
 2047 07df 00       		.byte	0
 2048 07e0 00       		.byte	0
 2049 07e1 00       		.byte	0
 2050 07e2 00       		.byte	0
 2051 07e3 00       		.byte	0
 2052 07e4 00       		.byte	0
 2053 07e5 00       		.byte	0
 2054 07e6 00       		.byte	0
 2055 07e7 00       		.byte	0
 2056 07e8 00       		.byte	0
ARM GAS  /tmp/ccR1cKUm.s 			page 37


 2057 07e9 00       		.byte	0
 2058 07ea 00       		.byte	0
 2059 07eb 00       		.byte	0
 2060 07ec 00       		.byte	0
 2061 07ed 00       		.byte	0
 2062 07ee 00       		.byte	0
 2063 07ef 00       		.byte	0
 2064 07f0 00       		.byte	0
 2065 07f1 00       		.byte	0
 2066 07f2 00       		.byte	0
 2067 07f3 00       		.byte	0
 2068 07f4 00       		.byte	0
 2069 07f5 00       		.byte	0
 2070 07f6 00       		.byte	0
 2071 07f7 00       		.byte	0
 2072 07f8 00       		.byte	0
 2073 07f9 00       		.byte	0
 2074 07fa 00       		.byte	0
 2075 07fb 00       		.byte	0
 2076 07fc 00       		.byte	0
 2077 07fd 00       		.byte	0
 2078 07fe FF       		.byte	-1
 2079 07ff E0       		.byte	-32
 2080 0800 08       		.byte	8
 2081 0801 00       		.byte	0
 2082 0802 04       		.byte	4
 2083 0803 00       		.byte	0
 2084 0804 02       		.byte	2
 2085 0805 00       		.byte	0
 2086 0806 00       		.byte	0
 2087 0807 00       		.byte	0
 2088 0808 00       		.byte	0
 2089 0809 00       		.byte	0
 2090 080a 00       		.byte	0
 2091 080b 00       		.byte	0
 2092 080c 00       		.byte	0
 2093 080d 00       		.byte	0
 2094 080e 00       		.byte	0
 2095 080f 00       		.byte	0
 2096 0810 00       		.byte	0
 2097 0811 00       		.byte	0
 2098 0812 00       		.byte	0
 2099 0813 00       		.byte	0
 2100 0814 00       		.byte	0
 2101 0815 00       		.byte	0
 2102 0816 00       		.byte	0
 2103 0817 00       		.byte	0
 2104 0818 00       		.byte	0
 2105 0819 00       		.byte	0
 2106 081a 00       		.byte	0
 2107 081b 00       		.byte	0
 2108 081c 00       		.byte	0
 2109 081d 00       		.byte	0
 2110 081e 00       		.byte	0
 2111 081f 00       		.byte	0
 2112 0820 00       		.byte	0
 2113 0821 00       		.byte	0
ARM GAS  /tmp/ccR1cKUm.s 			page 38


 2114 0822 00       		.byte	0
 2115 0823 00       		.byte	0
 2116 0824 00       		.byte	0
 2117 0825 00       		.byte	0
 2118 0826 00       		.byte	0
 2119 0827 00       		.byte	0
 2120 0828 1F       		.byte	31
 2121 0829 00       		.byte	0
 2122 082a 01       		.byte	1
 2123 082b 80       		.byte	-128
 2124 082c 01       		.byte	1
 2125 082d 80       		.byte	-128
 2126 082e 1F       		.byte	31
 2127 082f 80       		.byte	-128
 2128 0830 31       		.byte	49
 2129 0831 80       		.byte	-128
 2130 0832 33       		.byte	51
 2131 0833 80       		.byte	-128
 2132 0834 1D       		.byte	29
 2133 0835 C0       		.byte	-64
 2134 0836 00       		.byte	0
 2135 0837 00       		.byte	0
 2136 0838 00       		.byte	0
 2137 0839 00       		.byte	0
 2138 083a 00       		.byte	0
 2139 083b 00       		.byte	0
 2140 083c 00       		.byte	0
 2141 083d 00       		.byte	0
 2142 083e 00       		.byte	0
 2143 083f 00       		.byte	0
 2144 0840 00       		.byte	0
 2145 0841 00       		.byte	0
 2146 0842 70       		.byte	112
 2147 0843 00       		.byte	0
 2148 0844 30       		.byte	48
 2149 0845 00       		.byte	0
 2150 0846 30       		.byte	48
 2151 0847 00       		.byte	0
 2152 0848 37       		.byte	55
 2153 0849 00       		.byte	0
 2154 084a 39       		.byte	57
 2155 084b 80       		.byte	-128
 2156 084c 30       		.byte	48
 2157 084d C0       		.byte	-64
 2158 084e 30       		.byte	48
 2159 084f C0       		.byte	-64
 2160 0850 30       		.byte	48
 2161 0851 C0       		.byte	-64
 2162 0852 39       		.byte	57
 2163 0853 80       		.byte	-128
 2164 0854 77       		.byte	119
 2165 0855 00       		.byte	0
 2166 0856 00       		.byte	0
 2167 0857 00       		.byte	0
 2168 0858 00       		.byte	0
 2169 0859 00       		.byte	0
 2170 085a 00       		.byte	0
ARM GAS  /tmp/ccR1cKUm.s 			page 39


 2171 085b 00       		.byte	0
 2172 085c 00       		.byte	0
 2173 085d 00       		.byte	0
 2174 085e 00       		.byte	0
 2175 085f 00       		.byte	0
 2176 0860 00       		.byte	0
 2177 0861 00       		.byte	0
 2178 0862 00       		.byte	0
 2179 0863 00       		.byte	0
 2180 0864 00       		.byte	0
 2181 0865 00       		.byte	0
 2182 0866 00       		.byte	0
 2183 0867 00       		.byte	0
 2184 0868 1E       		.byte	30
 2185 0869 80       		.byte	-128
 2186 086a 31       		.byte	49
 2187 086b 80       		.byte	-128
 2188 086c 60       		.byte	96
 2189 086d 80       		.byte	-128
 2190 086e 60       		.byte	96
 2191 086f 00       		.byte	0
 2192 0870 60       		.byte	96
 2193 0871 80       		.byte	-128
 2194 0872 31       		.byte	49
 2195 0873 80       		.byte	-128
 2196 0874 1F       		.byte	31
 2197 0875 00       		.byte	0
 2198 0876 00       		.byte	0
 2199 0877 00       		.byte	0
 2200 0878 00       		.byte	0
 2201 0879 00       		.byte	0
 2202 087a 00       		.byte	0
 2203 087b 00       		.byte	0
 2204 087c 00       		.byte	0
 2205 087d 00       		.byte	0
 2206 087e 00       		.byte	0
 2207 087f 00       		.byte	0
 2208 0880 00       		.byte	0
 2209 0881 00       		.byte	0
 2210 0882 03       		.byte	3
 2211 0883 80       		.byte	-128
 2212 0884 01       		.byte	1
 2213 0885 80       		.byte	-128
 2214 0886 01       		.byte	1
 2215 0887 80       		.byte	-128
 2216 0888 1D       		.byte	29
 2217 0889 80       		.byte	-128
 2218 088a 33       		.byte	51
 2219 088b 80       		.byte	-128
 2220 088c 61       		.byte	97
 2221 088d 80       		.byte	-128
 2222 088e 61       		.byte	97
 2223 088f 80       		.byte	-128
 2224 0890 61       		.byte	97
 2225 0891 80       		.byte	-128
 2226 0892 33       		.byte	51
 2227 0893 80       		.byte	-128
ARM GAS  /tmp/ccR1cKUm.s 			page 40


 2228 0894 1D       		.byte	29
 2229 0895 C0       		.byte	-64
 2230 0896 00       		.byte	0
 2231 0897 00       		.byte	0
 2232 0898 00       		.byte	0
 2233 0899 00       		.byte	0
 2234 089a 00       		.byte	0
 2235 089b 00       		.byte	0
 2236 089c 00       		.byte	0
 2237 089d 00       		.byte	0
 2238 089e 00       		.byte	0
 2239 089f 00       		.byte	0
 2240 08a0 00       		.byte	0
 2241 08a1 00       		.byte	0
 2242 08a2 00       		.byte	0
 2243 08a3 00       		.byte	0
 2244 08a4 00       		.byte	0
 2245 08a5 00       		.byte	0
 2246 08a6 00       		.byte	0
 2247 08a7 00       		.byte	0
 2248 08a8 1F       		.byte	31
 2249 08a9 00       		.byte	0
 2250 08aa 31       		.byte	49
 2251 08ab 80       		.byte	-128
 2252 08ac 60       		.byte	96
 2253 08ad C0       		.byte	-64
 2254 08ae 7F       		.byte	127
 2255 08af C0       		.byte	-64
 2256 08b0 60       		.byte	96
 2257 08b1 00       		.byte	0
 2258 08b2 30       		.byte	48
 2259 08b3 C0       		.byte	-64
 2260 08b4 1F       		.byte	31
 2261 08b5 80       		.byte	-128
 2262 08b6 00       		.byte	0
 2263 08b7 00       		.byte	0
 2264 08b8 00       		.byte	0
 2265 08b9 00       		.byte	0
 2266 08ba 00       		.byte	0
 2267 08bb 00       		.byte	0
 2268 08bc 00       		.byte	0
 2269 08bd 00       		.byte	0
 2270 08be 00       		.byte	0
 2271 08bf 00       		.byte	0
 2272 08c0 00       		.byte	0
 2273 08c1 00       		.byte	0
 2274 08c2 07       		.byte	7
 2275 08c3 E0       		.byte	-32
 2276 08c4 0C       		.byte	12
 2277 08c5 00       		.byte	0
 2278 08c6 0C       		.byte	12
 2279 08c7 00       		.byte	0
 2280 08c8 3F       		.byte	63
 2281 08c9 80       		.byte	-128
 2282 08ca 0C       		.byte	12
 2283 08cb 00       		.byte	0
 2284 08cc 0C       		.byte	12
ARM GAS  /tmp/ccR1cKUm.s 			page 41


 2285 08cd 00       		.byte	0
 2286 08ce 0C       		.byte	12
 2287 08cf 00       		.byte	0
 2288 08d0 0C       		.byte	12
 2289 08d1 00       		.byte	0
 2290 08d2 0C       		.byte	12
 2291 08d3 00       		.byte	0
 2292 08d4 3F       		.byte	63
 2293 08d5 80       		.byte	-128
 2294 08d6 00       		.byte	0
 2295 08d7 00       		.byte	0
 2296 08d8 00       		.byte	0
 2297 08d9 00       		.byte	0
 2298 08da 00       		.byte	0
 2299 08db 00       		.byte	0
 2300 08dc 00       		.byte	0
 2301 08dd 00       		.byte	0
 2302 08de 00       		.byte	0
 2303 08df 00       		.byte	0
 2304 08e0 00       		.byte	0
 2305 08e1 00       		.byte	0
 2306 08e2 00       		.byte	0
 2307 08e3 00       		.byte	0
 2308 08e4 00       		.byte	0
 2309 08e5 00       		.byte	0
 2310 08e6 00       		.byte	0
 2311 08e7 00       		.byte	0
 2312 08e8 1D       		.byte	29
 2313 08e9 C0       		.byte	-64
 2314 08ea 33       		.byte	51
 2315 08eb 80       		.byte	-128
 2316 08ec 61       		.byte	97
 2317 08ed 80       		.byte	-128
 2318 08ee 61       		.byte	97
 2319 08ef 80       		.byte	-128
 2320 08f0 61       		.byte	97
 2321 08f1 80       		.byte	-128
 2322 08f2 33       		.byte	51
 2323 08f3 80       		.byte	-128
 2324 08f4 1D       		.byte	29
 2325 08f5 80       		.byte	-128
 2326 08f6 01       		.byte	1
 2327 08f7 80       		.byte	-128
 2328 08f8 01       		.byte	1
 2329 08f9 80       		.byte	-128
 2330 08fa 1F       		.byte	31
 2331 08fb 00       		.byte	0
 2332 08fc 00       		.byte	0
 2333 08fd 00       		.byte	0
 2334 08fe 00       		.byte	0
 2335 08ff 00       		.byte	0
 2336 0900 00       		.byte	0
 2337 0901 00       		.byte	0
 2338 0902 70       		.byte	112
 2339 0903 00       		.byte	0
 2340 0904 30       		.byte	48
 2341 0905 00       		.byte	0
ARM GAS  /tmp/ccR1cKUm.s 			page 42


 2342 0906 30       		.byte	48
 2343 0907 00       		.byte	0
 2344 0908 37       		.byte	55
 2345 0909 00       		.byte	0
 2346 090a 39       		.byte	57
 2347 090b 80       		.byte	-128
 2348 090c 31       		.byte	49
 2349 090d 80       		.byte	-128
 2350 090e 31       		.byte	49
 2351 090f 80       		.byte	-128
 2352 0910 31       		.byte	49
 2353 0911 80       		.byte	-128
 2354 0912 31       		.byte	49
 2355 0913 80       		.byte	-128
 2356 0914 7B       		.byte	123
 2357 0915 C0       		.byte	-64
 2358 0916 00       		.byte	0
 2359 0917 00       		.byte	0
 2360 0918 00       		.byte	0
 2361 0919 00       		.byte	0
 2362 091a 00       		.byte	0
 2363 091b 00       		.byte	0
 2364 091c 00       		.byte	0
 2365 091d 00       		.byte	0
 2366 091e 00       		.byte	0
 2367 091f 00       		.byte	0
 2368 0920 00       		.byte	0
 2369 0921 00       		.byte	0
 2370 0922 06       		.byte	6
 2371 0923 00       		.byte	0
 2372 0924 06       		.byte	6
 2373 0925 00       		.byte	0
 2374 0926 00       		.byte	0
 2375 0927 00       		.byte	0
 2376 0928 1E       		.byte	30
 2377 0929 00       		.byte	0
 2378 092a 06       		.byte	6
 2379 092b 00       		.byte	0
 2380 092c 06       		.byte	6
 2381 092d 00       		.byte	0
 2382 092e 06       		.byte	6
 2383 092f 00       		.byte	0
 2384 0930 06       		.byte	6
 2385 0931 00       		.byte	0
 2386 0932 06       		.byte	6
 2387 0933 00       		.byte	0
 2388 0934 3F       		.byte	63
 2389 0935 C0       		.byte	-64
 2390 0936 00       		.byte	0
 2391 0937 00       		.byte	0
 2392 0938 00       		.byte	0
 2393 0939 00       		.byte	0
 2394 093a 00       		.byte	0
 2395 093b 00       		.byte	0
 2396 093c 00       		.byte	0
 2397 093d 00       		.byte	0
 2398 093e 00       		.byte	0
ARM GAS  /tmp/ccR1cKUm.s 			page 43


 2399 093f 00       		.byte	0
 2400 0940 00       		.byte	0
 2401 0941 00       		.byte	0
 2402 0942 06       		.byte	6
 2403 0943 00       		.byte	0
 2404 0944 06       		.byte	6
 2405 0945 00       		.byte	0
 2406 0946 00       		.byte	0
 2407 0947 00       		.byte	0
 2408 0948 3F       		.byte	63
 2409 0949 00       		.byte	0
 2410 094a 03       		.byte	3
 2411 094b 00       		.byte	0
 2412 094c 03       		.byte	3
 2413 094d 00       		.byte	0
 2414 094e 03       		.byte	3
 2415 094f 00       		.byte	0
 2416 0950 03       		.byte	3
 2417 0951 00       		.byte	0
 2418 0952 03       		.byte	3
 2419 0953 00       		.byte	0
 2420 0954 03       		.byte	3
 2421 0955 00       		.byte	0
 2422 0956 03       		.byte	3
 2423 0957 00       		.byte	0
 2424 0958 03       		.byte	3
 2425 0959 00       		.byte	0
 2426 095a 3E       		.byte	62
 2427 095b 00       		.byte	0
 2428 095c 00       		.byte	0
 2429 095d 00       		.byte	0
 2430 095e 00       		.byte	0
 2431 095f 00       		.byte	0
 2432 0960 00       		.byte	0
 2433 0961 00       		.byte	0
 2434 0962 70       		.byte	112
 2435 0963 00       		.byte	0
 2436 0964 30       		.byte	48
 2437 0965 00       		.byte	0
 2438 0966 30       		.byte	48
 2439 0967 00       		.byte	0
 2440 0968 37       		.byte	55
 2441 0969 80       		.byte	-128
 2442 096a 36       		.byte	54
 2443 096b 00       		.byte	0
 2444 096c 3C       		.byte	60
 2445 096d 00       		.byte	0
 2446 096e 3C       		.byte	60
 2447 096f 00       		.byte	0
 2448 0970 36       		.byte	54
 2449 0971 00       		.byte	0
 2450 0972 33       		.byte	51
 2451 0973 00       		.byte	0
 2452 0974 77       		.byte	119
 2453 0975 C0       		.byte	-64
 2454 0976 00       		.byte	0
 2455 0977 00       		.byte	0
ARM GAS  /tmp/ccR1cKUm.s 			page 44


 2456 0978 00       		.byte	0
 2457 0979 00       		.byte	0
 2458 097a 00       		.byte	0
 2459 097b 00       		.byte	0
 2460 097c 00       		.byte	0
 2461 097d 00       		.byte	0
 2462 097e 00       		.byte	0
 2463 097f 00       		.byte	0
 2464 0980 00       		.byte	0
 2465 0981 00       		.byte	0
 2466 0982 1E       		.byte	30
 2467 0983 00       		.byte	0
 2468 0984 06       		.byte	6
 2469 0985 00       		.byte	0
 2470 0986 06       		.byte	6
 2471 0987 00       		.byte	0
 2472 0988 06       		.byte	6
 2473 0989 00       		.byte	0
 2474 098a 06       		.byte	6
 2475 098b 00       		.byte	0
 2476 098c 06       		.byte	6
 2477 098d 00       		.byte	0
 2478 098e 06       		.byte	6
 2479 098f 00       		.byte	0
 2480 0990 06       		.byte	6
 2481 0991 00       		.byte	0
 2482 0992 06       		.byte	6
 2483 0993 00       		.byte	0
 2484 0994 3F       		.byte	63
 2485 0995 C0       		.byte	-64
 2486 0996 00       		.byte	0
 2487 0997 00       		.byte	0
 2488 0998 00       		.byte	0
 2489 0999 00       		.byte	0
 2490 099a 00       		.byte	0
 2491 099b 00       		.byte	0
 2492 099c 00       		.byte	0
 2493 099d 00       		.byte	0
 2494 099e 00       		.byte	0
 2495 099f 00       		.byte	0
 2496 09a0 00       		.byte	0
 2497 09a1 00       		.byte	0
 2498 09a2 00       		.byte	0
 2499 09a3 00       		.byte	0
 2500 09a4 00       		.byte	0
 2501 09a5 00       		.byte	0
 2502 09a6 00       		.byte	0
 2503 09a7 00       		.byte	0
 2504 09a8 7F       		.byte	127
 2505 09a9 80       		.byte	-128
 2506 09aa 36       		.byte	54
 2507 09ab C0       		.byte	-64
 2508 09ac 36       		.byte	54
 2509 09ad C0       		.byte	-64
 2510 09ae 36       		.byte	54
 2511 09af C0       		.byte	-64
 2512 09b0 36       		.byte	54
ARM GAS  /tmp/ccR1cKUm.s 			page 45


 2513 09b1 C0       		.byte	-64
 2514 09b2 36       		.byte	54
 2515 09b3 C0       		.byte	-64
 2516 09b4 76       		.byte	118
 2517 09b5 E0       		.byte	-32
 2518 09b6 00       		.byte	0
 2519 09b7 00       		.byte	0
 2520 09b8 00       		.byte	0
 2521 09b9 00       		.byte	0
 2522 09ba 00       		.byte	0
 2523 09bb 00       		.byte	0
 2524 09bc 00       		.byte	0
 2525 09bd 00       		.byte	0
 2526 09be 00       		.byte	0
 2527 09bf 00       		.byte	0
 2528 09c0 00       		.byte	0
 2529 09c1 00       		.byte	0
 2530 09c2 00       		.byte	0
 2531 09c3 00       		.byte	0
 2532 09c4 00       		.byte	0
 2533 09c5 00       		.byte	0
 2534 09c6 00       		.byte	0
 2535 09c7 00       		.byte	0
 2536 09c8 77       		.byte	119
 2537 09c9 00       		.byte	0
 2538 09ca 39       		.byte	57
 2539 09cb 80       		.byte	-128
 2540 09cc 31       		.byte	49
 2541 09cd 80       		.byte	-128
 2542 09ce 31       		.byte	49
 2543 09cf 80       		.byte	-128
 2544 09d0 31       		.byte	49
 2545 09d1 80       		.byte	-128
 2546 09d2 31       		.byte	49
 2547 09d3 80       		.byte	-128
 2548 09d4 7B       		.byte	123
 2549 09d5 C0       		.byte	-64
 2550 09d6 00       		.byte	0
 2551 09d7 00       		.byte	0
 2552 09d8 00       		.byte	0
 2553 09d9 00       		.byte	0
 2554 09da 00       		.byte	0
 2555 09db 00       		.byte	0
 2556 09dc 00       		.byte	0
 2557 09dd 00       		.byte	0
 2558 09de 00       		.byte	0
 2559 09df 00       		.byte	0
 2560 09e0 00       		.byte	0
 2561 09e1 00       		.byte	0
 2562 09e2 00       		.byte	0
 2563 09e3 00       		.byte	0
 2564 09e4 00       		.byte	0
 2565 09e5 00       		.byte	0
 2566 09e6 00       		.byte	0
 2567 09e7 00       		.byte	0
 2568 09e8 1F       		.byte	31
 2569 09e9 00       		.byte	0
ARM GAS  /tmp/ccR1cKUm.s 			page 46


 2570 09ea 31       		.byte	49
 2571 09eb 80       		.byte	-128
 2572 09ec 60       		.byte	96
 2573 09ed C0       		.byte	-64
 2574 09ee 60       		.byte	96
 2575 09ef C0       		.byte	-64
 2576 09f0 60       		.byte	96
 2577 09f1 C0       		.byte	-64
 2578 09f2 31       		.byte	49
 2579 09f3 80       		.byte	-128
 2580 09f4 1F       		.byte	31
 2581 09f5 00       		.byte	0
 2582 09f6 00       		.byte	0
 2583 09f7 00       		.byte	0
 2584 09f8 00       		.byte	0
 2585 09f9 00       		.byte	0
 2586 09fa 00       		.byte	0
 2587 09fb 00       		.byte	0
 2588 09fc 00       		.byte	0
 2589 09fd 00       		.byte	0
 2590 09fe 00       		.byte	0
 2591 09ff 00       		.byte	0
 2592 0a00 00       		.byte	0
 2593 0a01 00       		.byte	0
 2594 0a02 00       		.byte	0
 2595 0a03 00       		.byte	0
 2596 0a04 00       		.byte	0
 2597 0a05 00       		.byte	0
 2598 0a06 00       		.byte	0
 2599 0a07 00       		.byte	0
 2600 0a08 77       		.byte	119
 2601 0a09 00       		.byte	0
 2602 0a0a 39       		.byte	57
 2603 0a0b 80       		.byte	-128
 2604 0a0c 30       		.byte	48
 2605 0a0d C0       		.byte	-64
 2606 0a0e 30       		.byte	48
 2607 0a0f C0       		.byte	-64
 2608 0a10 30       		.byte	48
 2609 0a11 C0       		.byte	-64
 2610 0a12 39       		.byte	57
 2611 0a13 80       		.byte	-128
 2612 0a14 37       		.byte	55
 2613 0a15 00       		.byte	0
 2614 0a16 30       		.byte	48
 2615 0a17 00       		.byte	0
 2616 0a18 30       		.byte	48
 2617 0a19 00       		.byte	0
 2618 0a1a 7C       		.byte	124
 2619 0a1b 00       		.byte	0
 2620 0a1c 00       		.byte	0
 2621 0a1d 00       		.byte	0
 2622 0a1e 00       		.byte	0
 2623 0a1f 00       		.byte	0
 2624 0a20 00       		.byte	0
 2625 0a21 00       		.byte	0
 2626 0a22 00       		.byte	0
ARM GAS  /tmp/ccR1cKUm.s 			page 47


 2627 0a23 00       		.byte	0
 2628 0a24 00       		.byte	0
 2629 0a25 00       		.byte	0
 2630 0a26 00       		.byte	0
 2631 0a27 00       		.byte	0
 2632 0a28 1D       		.byte	29
 2633 0a29 C0       		.byte	-64
 2634 0a2a 33       		.byte	51
 2635 0a2b 80       		.byte	-128
 2636 0a2c 61       		.byte	97
 2637 0a2d 80       		.byte	-128
 2638 0a2e 61       		.byte	97
 2639 0a2f 80       		.byte	-128
 2640 0a30 61       		.byte	97
 2641 0a31 80       		.byte	-128
 2642 0a32 33       		.byte	51
 2643 0a33 80       		.byte	-128
 2644 0a34 1D       		.byte	29
 2645 0a35 80       		.byte	-128
 2646 0a36 01       		.byte	1
 2647 0a37 80       		.byte	-128
 2648 0a38 01       		.byte	1
 2649 0a39 80       		.byte	-128
 2650 0a3a 07       		.byte	7
 2651 0a3b C0       		.byte	-64
 2652 0a3c 00       		.byte	0
 2653 0a3d 00       		.byte	0
 2654 0a3e 00       		.byte	0
 2655 0a3f 00       		.byte	0
 2656 0a40 00       		.byte	0
 2657 0a41 00       		.byte	0
 2658 0a42 00       		.byte	0
 2659 0a43 00       		.byte	0
 2660 0a44 00       		.byte	0
 2661 0a45 00       		.byte	0
 2662 0a46 00       		.byte	0
 2663 0a47 00       		.byte	0
 2664 0a48 7B       		.byte	123
 2665 0a49 80       		.byte	-128
 2666 0a4a 1C       		.byte	28
 2667 0a4b C0       		.byte	-64
 2668 0a4c 18       		.byte	24
 2669 0a4d 00       		.byte	0
 2670 0a4e 18       		.byte	24
 2671 0a4f 00       		.byte	0
 2672 0a50 18       		.byte	24
 2673 0a51 00       		.byte	0
 2674 0a52 18       		.byte	24
 2675 0a53 00       		.byte	0
 2676 0a54 7F       		.byte	127
 2677 0a55 00       		.byte	0
 2678 0a56 00       		.byte	0
 2679 0a57 00       		.byte	0
 2680 0a58 00       		.byte	0
 2681 0a59 00       		.byte	0
 2682 0a5a 00       		.byte	0
 2683 0a5b 00       		.byte	0
ARM GAS  /tmp/ccR1cKUm.s 			page 48


 2684 0a5c 00       		.byte	0
 2685 0a5d 00       		.byte	0
 2686 0a5e 00       		.byte	0
 2687 0a5f 00       		.byte	0
 2688 0a60 00       		.byte	0
 2689 0a61 00       		.byte	0
 2690 0a62 00       		.byte	0
 2691 0a63 00       		.byte	0
 2692 0a64 00       		.byte	0
 2693 0a65 00       		.byte	0
 2694 0a66 00       		.byte	0
 2695 0a67 00       		.byte	0
 2696 0a68 1F       		.byte	31
 2697 0a69 80       		.byte	-128
 2698 0a6a 31       		.byte	49
 2699 0a6b 80       		.byte	-128
 2700 0a6c 3C       		.byte	60
 2701 0a6d 00       		.byte	0
 2702 0a6e 1F       		.byte	31
 2703 0a6f 00       		.byte	0
 2704 0a70 03       		.byte	3
 2705 0a71 80       		.byte	-128
 2706 0a72 31       		.byte	49
 2707 0a73 80       		.byte	-128
 2708 0a74 3F       		.byte	63
 2709 0a75 00       		.byte	0
 2710 0a76 00       		.byte	0
 2711 0a77 00       		.byte	0
 2712 0a78 00       		.byte	0
 2713 0a79 00       		.byte	0
 2714 0a7a 00       		.byte	0
 2715 0a7b 00       		.byte	0
 2716 0a7c 00       		.byte	0
 2717 0a7d 00       		.byte	0
 2718 0a7e 00       		.byte	0
 2719 0a7f 00       		.byte	0
 2720 0a80 00       		.byte	0
 2721 0a81 00       		.byte	0
 2722 0a82 18       		.byte	24
 2723 0a83 00       		.byte	0
 2724 0a84 18       		.byte	24
 2725 0a85 00       		.byte	0
 2726 0a86 18       		.byte	24
 2727 0a87 00       		.byte	0
 2728 0a88 7F       		.byte	127
 2729 0a89 00       		.byte	0
 2730 0a8a 18       		.byte	24
 2731 0a8b 00       		.byte	0
 2732 0a8c 18       		.byte	24
 2733 0a8d 00       		.byte	0
 2734 0a8e 18       		.byte	24
 2735 0a8f 00       		.byte	0
 2736 0a90 18       		.byte	24
 2737 0a91 00       		.byte	0
 2738 0a92 18       		.byte	24
 2739 0a93 80       		.byte	-128
 2740 0a94 0F       		.byte	15
ARM GAS  /tmp/ccR1cKUm.s 			page 49


 2741 0a95 00       		.byte	0
 2742 0a96 00       		.byte	0
 2743 0a97 00       		.byte	0
 2744 0a98 00       		.byte	0
 2745 0a99 00       		.byte	0
 2746 0a9a 00       		.byte	0
 2747 0a9b 00       		.byte	0
 2748 0a9c 00       		.byte	0
 2749 0a9d 00       		.byte	0
 2750 0a9e 00       		.byte	0
 2751 0a9f 00       		.byte	0
 2752 0aa0 00       		.byte	0
 2753 0aa1 00       		.byte	0
 2754 0aa2 00       		.byte	0
 2755 0aa3 00       		.byte	0
 2756 0aa4 00       		.byte	0
 2757 0aa5 00       		.byte	0
 2758 0aa6 00       		.byte	0
 2759 0aa7 00       		.byte	0
 2760 0aa8 73       		.byte	115
 2761 0aa9 80       		.byte	-128
 2762 0aaa 31       		.byte	49
 2763 0aab 80       		.byte	-128
 2764 0aac 31       		.byte	49
 2765 0aad 80       		.byte	-128
 2766 0aae 31       		.byte	49
 2767 0aaf 80       		.byte	-128
 2768 0ab0 31       		.byte	49
 2769 0ab1 80       		.byte	-128
 2770 0ab2 33       		.byte	51
 2771 0ab3 80       		.byte	-128
 2772 0ab4 1D       		.byte	29
 2773 0ab5 C0       		.byte	-64
 2774 0ab6 00       		.byte	0
 2775 0ab7 00       		.byte	0
 2776 0ab8 00       		.byte	0
 2777 0ab9 00       		.byte	0
 2778 0aba 00       		.byte	0
 2779 0abb 00       		.byte	0
 2780 0abc 00       		.byte	0
 2781 0abd 00       		.byte	0
 2782 0abe 00       		.byte	0
 2783 0abf 00       		.byte	0
 2784 0ac0 00       		.byte	0
 2785 0ac1 00       		.byte	0
 2786 0ac2 00       		.byte	0
 2787 0ac3 00       		.byte	0
 2788 0ac4 00       		.byte	0
 2789 0ac5 00       		.byte	0
 2790 0ac6 00       		.byte	0
 2791 0ac7 00       		.byte	0
 2792 0ac8 7B       		.byte	123
 2793 0ac9 C0       		.byte	-64
 2794 0aca 31       		.byte	49
 2795 0acb 80       		.byte	-128
 2796 0acc 31       		.byte	49
 2797 0acd 80       		.byte	-128
ARM GAS  /tmp/ccR1cKUm.s 			page 50


 2798 0ace 1B       		.byte	27
 2799 0acf 00       		.byte	0
 2800 0ad0 1B       		.byte	27
 2801 0ad1 00       		.byte	0
 2802 0ad2 0E       		.byte	14
 2803 0ad3 00       		.byte	0
 2804 0ad4 0E       		.byte	14
 2805 0ad5 00       		.byte	0
 2806 0ad6 00       		.byte	0
 2807 0ad7 00       		.byte	0
 2808 0ad8 00       		.byte	0
 2809 0ad9 00       		.byte	0
 2810 0ada 00       		.byte	0
 2811 0adb 00       		.byte	0
 2812 0adc 00       		.byte	0
 2813 0add 00       		.byte	0
 2814 0ade 00       		.byte	0
 2815 0adf 00       		.byte	0
 2816 0ae0 00       		.byte	0
 2817 0ae1 00       		.byte	0
 2818 0ae2 00       		.byte	0
 2819 0ae3 00       		.byte	0
 2820 0ae4 00       		.byte	0
 2821 0ae5 00       		.byte	0
 2822 0ae6 00       		.byte	0
 2823 0ae7 00       		.byte	0
 2824 0ae8 F1       		.byte	-15
 2825 0ae9 E0       		.byte	-32
 2826 0aea 60       		.byte	96
 2827 0aeb C0       		.byte	-64
 2828 0aec 64       		.byte	100
 2829 0aed C0       		.byte	-64
 2830 0aee 6E       		.byte	110
 2831 0aef C0       		.byte	-64
 2832 0af0 3B       		.byte	59
 2833 0af1 80       		.byte	-128
 2834 0af2 3B       		.byte	59
 2835 0af3 80       		.byte	-128
 2836 0af4 31       		.byte	49
 2837 0af5 80       		.byte	-128
 2838 0af6 00       		.byte	0
 2839 0af7 00       		.byte	0
 2840 0af8 00       		.byte	0
 2841 0af9 00       		.byte	0
 2842 0afa 00       		.byte	0
 2843 0afb 00       		.byte	0
 2844 0afc 00       		.byte	0
 2845 0afd 00       		.byte	0
 2846 0afe 00       		.byte	0
 2847 0aff 00       		.byte	0
 2848 0b00 00       		.byte	0
 2849 0b01 00       		.byte	0
 2850 0b02 00       		.byte	0
 2851 0b03 00       		.byte	0
 2852 0b04 00       		.byte	0
 2853 0b05 00       		.byte	0
 2854 0b06 00       		.byte	0
ARM GAS  /tmp/ccR1cKUm.s 			page 51


 2855 0b07 00       		.byte	0
 2856 0b08 7B       		.byte	123
 2857 0b09 C0       		.byte	-64
 2858 0b0a 1B       		.byte	27
 2859 0b0b 00       		.byte	0
 2860 0b0c 0E       		.byte	14
 2861 0b0d 00       		.byte	0
 2862 0b0e 0E       		.byte	14
 2863 0b0f 00       		.byte	0
 2864 0b10 0E       		.byte	14
 2865 0b11 00       		.byte	0
 2866 0b12 1B       		.byte	27
 2867 0b13 00       		.byte	0
 2868 0b14 7B       		.byte	123
 2869 0b15 C0       		.byte	-64
 2870 0b16 00       		.byte	0
 2871 0b17 00       		.byte	0
 2872 0b18 00       		.byte	0
 2873 0b19 00       		.byte	0
 2874 0b1a 00       		.byte	0
 2875 0b1b 00       		.byte	0
 2876 0b1c 00       		.byte	0
 2877 0b1d 00       		.byte	0
 2878 0b1e 00       		.byte	0
 2879 0b1f 00       		.byte	0
 2880 0b20 00       		.byte	0
 2881 0b21 00       		.byte	0
 2882 0b22 00       		.byte	0
 2883 0b23 00       		.byte	0
 2884 0b24 00       		.byte	0
 2885 0b25 00       		.byte	0
 2886 0b26 00       		.byte	0
 2887 0b27 00       		.byte	0
 2888 0b28 79       		.byte	121
 2889 0b29 E0       		.byte	-32
 2890 0b2a 30       		.byte	48
 2891 0b2b C0       		.byte	-64
 2892 0b2c 19       		.byte	25
 2893 0b2d 80       		.byte	-128
 2894 0b2e 19       		.byte	25
 2895 0b2f 80       		.byte	-128
 2896 0b30 0B       		.byte	11
 2897 0b31 00       		.byte	0
 2898 0b32 0F       		.byte	15
 2899 0b33 00       		.byte	0
 2900 0b34 06       		.byte	6
 2901 0b35 00       		.byte	0
 2902 0b36 06       		.byte	6
 2903 0b37 00       		.byte	0
 2904 0b38 0C       		.byte	12
 2905 0b39 00       		.byte	0
 2906 0b3a 3E       		.byte	62
 2907 0b3b 00       		.byte	0
 2908 0b3c 00       		.byte	0
 2909 0b3d 00       		.byte	0
 2910 0b3e 00       		.byte	0
 2911 0b3f 00       		.byte	0
ARM GAS  /tmp/ccR1cKUm.s 			page 52


 2912 0b40 00       		.byte	0
 2913 0b41 00       		.byte	0
 2914 0b42 00       		.byte	0
 2915 0b43 00       		.byte	0
 2916 0b44 00       		.byte	0
 2917 0b45 00       		.byte	0
 2918 0b46 00       		.byte	0
 2919 0b47 00       		.byte	0
 2920 0b48 3F       		.byte	63
 2921 0b49 80       		.byte	-128
 2922 0b4a 21       		.byte	33
 2923 0b4b 80       		.byte	-128
 2924 0b4c 03       		.byte	3
 2925 0b4d 00       		.byte	0
 2926 0b4e 0E       		.byte	14
 2927 0b4f 00       		.byte	0
 2928 0b50 18       		.byte	24
 2929 0b51 00       		.byte	0
 2930 0b52 30       		.byte	48
 2931 0b53 80       		.byte	-128
 2932 0b54 3F       		.byte	63
 2933 0b55 80       		.byte	-128
 2934 0b56 00       		.byte	0
 2935 0b57 00       		.byte	0
 2936 0b58 00       		.byte	0
 2937 0b59 00       		.byte	0
 2938 0b5a 00       		.byte	0
 2939 0b5b 00       		.byte	0
 2940 0b5c 00       		.byte	0
 2941 0b5d 00       		.byte	0
 2942 0b5e 00       		.byte	0
 2943 0b5f 00       		.byte	0
 2944 0b60 00       		.byte	0
 2945 0b61 00       		.byte	0
 2946 0b62 06       		.byte	6
 2947 0b63 00       		.byte	0
 2948 0b64 0C       		.byte	12
 2949 0b65 00       		.byte	0
 2950 0b66 0C       		.byte	12
 2951 0b67 00       		.byte	0
 2952 0b68 0C       		.byte	12
 2953 0b69 00       		.byte	0
 2954 0b6a 0C       		.byte	12
 2955 0b6b 00       		.byte	0
 2956 0b6c 0C       		.byte	12
 2957 0b6d 00       		.byte	0
 2958 0b6e 18       		.byte	24
 2959 0b6f 00       		.byte	0
 2960 0b70 0C       		.byte	12
 2961 0b71 00       		.byte	0
 2962 0b72 0C       		.byte	12
 2963 0b73 00       		.byte	0
 2964 0b74 0C       		.byte	12
 2965 0b75 00       		.byte	0
 2966 0b76 0C       		.byte	12
 2967 0b77 00       		.byte	0
 2968 0b78 06       		.byte	6
ARM GAS  /tmp/ccR1cKUm.s 			page 53


 2969 0b79 00       		.byte	0
 2970 0b7a 00       		.byte	0
 2971 0b7b 00       		.byte	0
 2972 0b7c 00       		.byte	0
 2973 0b7d 00       		.byte	0
 2974 0b7e 00       		.byte	0
 2975 0b7f 00       		.byte	0
 2976 0b80 00       		.byte	0
 2977 0b81 00       		.byte	0
 2978 0b82 06       		.byte	6
 2979 0b83 00       		.byte	0
 2980 0b84 06       		.byte	6
 2981 0b85 00       		.byte	0
 2982 0b86 06       		.byte	6
 2983 0b87 00       		.byte	0
 2984 0b88 06       		.byte	6
 2985 0b89 00       		.byte	0
 2986 0b8a 06       		.byte	6
 2987 0b8b 00       		.byte	0
 2988 0b8c 06       		.byte	6
 2989 0b8d 00       		.byte	0
 2990 0b8e 06       		.byte	6
 2991 0b8f 00       		.byte	0
 2992 0b90 06       		.byte	6
 2993 0b91 00       		.byte	0
 2994 0b92 06       		.byte	6
 2995 0b93 00       		.byte	0
 2996 0b94 06       		.byte	6
 2997 0b95 00       		.byte	0
 2998 0b96 06       		.byte	6
 2999 0b97 00       		.byte	0
 3000 0b98 06       		.byte	6
 3001 0b99 00       		.byte	0
 3002 0b9a 00       		.byte	0
 3003 0b9b 00       		.byte	0
 3004 0b9c 00       		.byte	0
 3005 0b9d 00       		.byte	0
 3006 0b9e 00       		.byte	0
 3007 0b9f 00       		.byte	0
 3008 0ba0 00       		.byte	0
 3009 0ba1 00       		.byte	0
 3010 0ba2 0C       		.byte	12
 3011 0ba3 00       		.byte	0
 3012 0ba4 06       		.byte	6
 3013 0ba5 00       		.byte	0
 3014 0ba6 06       		.byte	6
 3015 0ba7 00       		.byte	0
 3016 0ba8 06       		.byte	6
 3017 0ba9 00       		.byte	0
 3018 0baa 06       		.byte	6
 3019 0bab 00       		.byte	0
 3020 0bac 06       		.byte	6
 3021 0bad 00       		.byte	0
 3022 0bae 03       		.byte	3
 3023 0baf 00       		.byte	0
 3024 0bb0 06       		.byte	6
 3025 0bb1 00       		.byte	0
ARM GAS  /tmp/ccR1cKUm.s 			page 54


 3026 0bb2 06       		.byte	6
 3027 0bb3 00       		.byte	0
 3028 0bb4 06       		.byte	6
 3029 0bb5 00       		.byte	0
 3030 0bb6 06       		.byte	6
 3031 0bb7 00       		.byte	0
 3032 0bb8 0C       		.byte	12
 3033 0bb9 00       		.byte	0
 3034 0bba 00       		.byte	0
 3035 0bbb 00       		.byte	0
 3036 0bbc 00       		.byte	0
 3037 0bbd 00       		.byte	0
 3038 0bbe 00       		.byte	0
 3039 0bbf 00       		.byte	0
 3040 0bc0 00       		.byte	0
 3041 0bc1 00       		.byte	0
 3042 0bc2 00       		.byte	0
 3043 0bc3 00       		.byte	0
 3044 0bc4 00       		.byte	0
 3045 0bc5 00       		.byte	0
 3046 0bc6 00       		.byte	0
 3047 0bc7 00       		.byte	0
 3048 0bc8 00       		.byte	0
 3049 0bc9 00       		.byte	0
 3050 0bca 18       		.byte	24
 3051 0bcb 00       		.byte	0
 3052 0bcc 24       		.byte	36
 3053 0bcd 80       		.byte	-128
 3054 0bce 03       		.byte	3
 3055 0bcf 00       		.byte	0
 3056 0bd0 00       		.byte	0
 3057 0bd1 00       		.byte	0
 3058 0bd2 00       		.byte	0
 3059 0bd3 00       		.byte	0
 3060 0bd4 00       		.byte	0
 3061 0bd5 00       		.byte	0
 3062 0bd6 00       		.byte	0
 3063 0bd7 00       		.byte	0
 3064 0bd8 00       		.byte	0
 3065 0bd9 00       		.byte	0
 3066 0bda 00       		.byte	0
 3067 0bdb 00       		.byte	0
 3068 0bdc 00       		.byte	0
 3069 0bdd 00       		.byte	0
 3070 0bde 00       		.byte	0
 3071 0bdf 00       		.byte	0
 3072              		.text
 3073              	.Letext0:
 3074              		.file 1 "/usr/arm-none-eabi/include/machine/_default_types.h"
 3075              		.file 2 "/usr/arm-none-eabi/include/sys/_stdint.h"
 3076              		.file 3 "Display/Fonts/fonts.h"
 3077              		.file 4 "Display/Fonts/font16.c"
ARM GAS  /tmp/ccR1cKUm.s 			page 55


DEFINED SYMBOLS
                            *ABS*:0000000000000000 font16.c
     /tmp/ccR1cKUm.s:23     .data.Font16:0000000000000000 Font16
     /tmp/ccR1cKUm.s:31     .rodata.Font16_Table:0000000000000000 Font16_Table
     /tmp/ccR1cKUm.s:20     .data.Font16:0000000000000000 $d
     /tmp/ccR1cKUm.s:28     .rodata.Font16_Table:0000000000000000 $d

NO UNDEFINED SYMBOLS
