ARM GAS  /tmp/cc4fo0hd.s 			page 1


   1              		.cpu cortex-m4
   2              		.eabi_attribute 27, 1
   3              		.eabi_attribute 28, 1
   4              		.eabi_attribute 20, 1
   5              		.eabi_attribute 21, 1
   6              		.eabi_attribute 23, 3
   7              		.eabi_attribute 24, 1
   8              		.eabi_attribute 25, 1
   9              		.eabi_attribute 26, 1
  10              		.eabi_attribute 30, 1
  11              		.eabi_attribute 34, 1
  12              		.eabi_attribute 18, 4
  13              		.file	"stm32l4xx_hal_msp.c"
  14              		.text
  15              	.Ltext0:
  16              		.cfi_sections	.debug_frame
  17              		.section	.text.HAL_MspInit,"ax",%progbits
  18              		.align	1
  19              		.global	HAL_MspInit
  20              		.syntax unified
  21              		.thumb
  22              		.thumb_func
  23              		.fpu fpv4-sp-d16
  25              	HAL_MspInit:
  26              	.LFB123:
  27              		.file 1 "Src/stm32l4xx_hal_msp.c"
   1:Src/stm32l4xx_hal_msp.c **** /* USER CODE BEGIN Header */
   2:Src/stm32l4xx_hal_msp.c **** /**
   3:Src/stm32l4xx_hal_msp.c ****   ******************************************************************************
   4:Src/stm32l4xx_hal_msp.c ****   * File Name          : stm32l4xx_hal_msp.c
   5:Src/stm32l4xx_hal_msp.c ****   * Description        : This file provides code for the MSP Initialization 
   6:Src/stm32l4xx_hal_msp.c ****   *                      and de-Initialization codes.
   7:Src/stm32l4xx_hal_msp.c ****   ******************************************************************************
   8:Src/stm32l4xx_hal_msp.c ****   * @attention
   9:Src/stm32l4xx_hal_msp.c ****   *
  10:Src/stm32l4xx_hal_msp.c ****   * <h2><center>&copy; Copyright (c) 2019 STMicroelectronics.
  11:Src/stm32l4xx_hal_msp.c ****   * All rights reserved.</center></h2>
  12:Src/stm32l4xx_hal_msp.c ****   *
  13:Src/stm32l4xx_hal_msp.c ****   * This software component is licensed by ST under BSD 3-Clause license,
  14:Src/stm32l4xx_hal_msp.c ****   * the "License"; You may not use this file except in compliance with the
  15:Src/stm32l4xx_hal_msp.c ****   * License. You may obtain a copy of the License at:
  16:Src/stm32l4xx_hal_msp.c ****   *                        opensource.org/licenses/BSD-3-Clause
  17:Src/stm32l4xx_hal_msp.c ****   *
  18:Src/stm32l4xx_hal_msp.c ****   ******************************************************************************
  19:Src/stm32l4xx_hal_msp.c ****   */
  20:Src/stm32l4xx_hal_msp.c **** /* USER CODE END Header */
  21:Src/stm32l4xx_hal_msp.c **** 
  22:Src/stm32l4xx_hal_msp.c **** /* Includes ------------------------------------------------------------------*/
  23:Src/stm32l4xx_hal_msp.c **** #include "main.h"
  24:Src/stm32l4xx_hal_msp.c **** /* USER CODE BEGIN Includes */
  25:Src/stm32l4xx_hal_msp.c **** 
  26:Src/stm32l4xx_hal_msp.c **** /* USER CODE END Includes */
  27:Src/stm32l4xx_hal_msp.c **** 
  28:Src/stm32l4xx_hal_msp.c **** /* Private typedef -----------------------------------------------------------*/
  29:Src/stm32l4xx_hal_msp.c **** /* USER CODE BEGIN TD */
  30:Src/stm32l4xx_hal_msp.c **** 
  31:Src/stm32l4xx_hal_msp.c **** /* USER CODE END TD */
ARM GAS  /tmp/cc4fo0hd.s 			page 2


  32:Src/stm32l4xx_hal_msp.c **** 
  33:Src/stm32l4xx_hal_msp.c **** /* Private define ------------------------------------------------------------*/
  34:Src/stm32l4xx_hal_msp.c **** /* USER CODE BEGIN Define */
  35:Src/stm32l4xx_hal_msp.c ****  
  36:Src/stm32l4xx_hal_msp.c **** /* USER CODE END Define */
  37:Src/stm32l4xx_hal_msp.c **** 
  38:Src/stm32l4xx_hal_msp.c **** /* Private macro -------------------------------------------------------------*/
  39:Src/stm32l4xx_hal_msp.c **** /* USER CODE BEGIN Macro */
  40:Src/stm32l4xx_hal_msp.c **** 
  41:Src/stm32l4xx_hal_msp.c **** /* USER CODE END Macro */
  42:Src/stm32l4xx_hal_msp.c **** 
  43:Src/stm32l4xx_hal_msp.c **** /* Private variables ---------------------------------------------------------*/
  44:Src/stm32l4xx_hal_msp.c **** /* USER CODE BEGIN PV */
  45:Src/stm32l4xx_hal_msp.c **** 
  46:Src/stm32l4xx_hal_msp.c **** /* USER CODE END PV */
  47:Src/stm32l4xx_hal_msp.c **** 
  48:Src/stm32l4xx_hal_msp.c **** /* Private function prototypes -----------------------------------------------*/
  49:Src/stm32l4xx_hal_msp.c **** /* USER CODE BEGIN PFP */
  50:Src/stm32l4xx_hal_msp.c **** 
  51:Src/stm32l4xx_hal_msp.c **** /* USER CODE END PFP */
  52:Src/stm32l4xx_hal_msp.c **** 
  53:Src/stm32l4xx_hal_msp.c **** /* External functions --------------------------------------------------------*/
  54:Src/stm32l4xx_hal_msp.c **** /* USER CODE BEGIN ExternalFunctions */
  55:Src/stm32l4xx_hal_msp.c **** 
  56:Src/stm32l4xx_hal_msp.c **** /* USER CODE END ExternalFunctions */
  57:Src/stm32l4xx_hal_msp.c **** 
  58:Src/stm32l4xx_hal_msp.c **** /* USER CODE BEGIN 0 */
  59:Src/stm32l4xx_hal_msp.c **** 
  60:Src/stm32l4xx_hal_msp.c **** /* USER CODE END 0 */
  61:Src/stm32l4xx_hal_msp.c **** /**
  62:Src/stm32l4xx_hal_msp.c ****   * Initializes the Global MSP.
  63:Src/stm32l4xx_hal_msp.c ****   */
  64:Src/stm32l4xx_hal_msp.c **** void HAL_MspInit(void)
  65:Src/stm32l4xx_hal_msp.c **** {
  28              		.loc 1 65 0
  29              		.cfi_startproc
  30              		@ args = 0, pretend = 0, frame = 8
  31              		@ frame_needed = 0, uses_anonymous_args = 0
  32              		@ link register save eliminated.
  33 0000 82B0     		sub	sp, sp, #8
  34              	.LCFI0:
  35              		.cfi_def_cfa_offset 8
  36              	.LBB2:
  66:Src/stm32l4xx_hal_msp.c ****   /* USER CODE BEGIN MspInit 0 */
  67:Src/stm32l4xx_hal_msp.c **** 
  68:Src/stm32l4xx_hal_msp.c ****   /* USER CODE END MspInit 0 */
  69:Src/stm32l4xx_hal_msp.c **** 
  70:Src/stm32l4xx_hal_msp.c ****   __HAL_RCC_SYSCFG_CLK_ENABLE();
  37              		.loc 1 70 0
  38 0002 0A4B     		ldr	r3, .L3
  39 0004 1A6E     		ldr	r2, [r3, #96]
  40 0006 42F00102 		orr	r2, r2, #1
  41 000a 1A66     		str	r2, [r3, #96]
  42 000c 1A6E     		ldr	r2, [r3, #96]
  43 000e 02F00102 		and	r2, r2, #1
  44 0012 0092     		str	r2, [sp]
  45 0014 009A     		ldr	r2, [sp]
ARM GAS  /tmp/cc4fo0hd.s 			page 3


  46              	.LBE2:
  47              	.LBB3:
  71:Src/stm32l4xx_hal_msp.c ****   __HAL_RCC_PWR_CLK_ENABLE();
  48              		.loc 1 71 0
  49 0016 9A6D     		ldr	r2, [r3, #88]
  50 0018 42F08052 		orr	r2, r2, #268435456
  51 001c 9A65     		str	r2, [r3, #88]
  52 001e 9B6D     		ldr	r3, [r3, #88]
  53 0020 03F08053 		and	r3, r3, #268435456
  54 0024 0193     		str	r3, [sp, #4]
  55 0026 019B     		ldr	r3, [sp, #4]
  56              	.LBE3:
  72:Src/stm32l4xx_hal_msp.c **** 
  73:Src/stm32l4xx_hal_msp.c ****   /* System interrupt init*/
  74:Src/stm32l4xx_hal_msp.c **** 
  75:Src/stm32l4xx_hal_msp.c ****   /* USER CODE BEGIN MspInit 1 */
  76:Src/stm32l4xx_hal_msp.c **** 
  77:Src/stm32l4xx_hal_msp.c ****   /* USER CODE END MspInit 1 */
  78:Src/stm32l4xx_hal_msp.c **** }
  57              		.loc 1 78 0
  58 0028 02B0     		add	sp, sp, #8
  59              	.LCFI1:
  60              		.cfi_def_cfa_offset 0
  61              		@ sp needed
  62 002a 7047     		bx	lr
  63              	.L4:
  64              		.align	2
  65              	.L3:
  66 002c 00100240 		.word	1073876992
  67              		.cfi_endproc
  68              	.LFE123:
  70              		.section	.text.HAL_SPI_MspInit,"ax",%progbits
  71              		.align	1
  72              		.global	HAL_SPI_MspInit
  73              		.syntax unified
  74              		.thumb
  75              		.thumb_func
  76              		.fpu fpv4-sp-d16
  78              	HAL_SPI_MspInit:
  79              	.LFB124:
  79:Src/stm32l4xx_hal_msp.c **** 
  80:Src/stm32l4xx_hal_msp.c **** /**
  81:Src/stm32l4xx_hal_msp.c **** * @brief SPI MSP Initialization
  82:Src/stm32l4xx_hal_msp.c **** * This function configures the hardware resources used in this example
  83:Src/stm32l4xx_hal_msp.c **** * @param hspi: SPI handle pointer
  84:Src/stm32l4xx_hal_msp.c **** * @retval None
  85:Src/stm32l4xx_hal_msp.c **** */
  86:Src/stm32l4xx_hal_msp.c **** void HAL_SPI_MspInit(SPI_HandleTypeDef* hspi)
  87:Src/stm32l4xx_hal_msp.c **** {
  80              		.loc 1 87 0
  81              		.cfi_startproc
  82              		@ args = 0, pretend = 0, frame = 32
  83              		@ frame_needed = 0, uses_anonymous_args = 0
  84              	.LVL0:
  85 0000 00B5     		push	{lr}
  86              	.LCFI2:
  87              		.cfi_def_cfa_offset 4
ARM GAS  /tmp/cc4fo0hd.s 			page 4


  88              		.cfi_offset 14, -4
  89 0002 89B0     		sub	sp, sp, #36
  90              	.LCFI3:
  91              		.cfi_def_cfa_offset 40
  88:Src/stm32l4xx_hal_msp.c ****   GPIO_InitTypeDef GPIO_InitStruct = {0};
  92              		.loc 1 88 0
  93 0004 0023     		movs	r3, #0
  94 0006 0393     		str	r3, [sp, #12]
  95 0008 0493     		str	r3, [sp, #16]
  96 000a 0593     		str	r3, [sp, #20]
  97 000c 0693     		str	r3, [sp, #24]
  98 000e 0793     		str	r3, [sp, #28]
  89:Src/stm32l4xx_hal_msp.c ****   if(hspi->Instance==SPI1)
  99              		.loc 1 89 0
 100 0010 0268     		ldr	r2, [r0]
 101 0012 134B     		ldr	r3, .L9
 102 0014 9A42     		cmp	r2, r3
 103 0016 02D0     		beq	.L8
 104              	.LVL1:
 105              	.L5:
  90:Src/stm32l4xx_hal_msp.c ****   {
  91:Src/stm32l4xx_hal_msp.c ****   /* USER CODE BEGIN SPI1_MspInit 0 */
  92:Src/stm32l4xx_hal_msp.c **** 
  93:Src/stm32l4xx_hal_msp.c ****   /* USER CODE END SPI1_MspInit 0 */
  94:Src/stm32l4xx_hal_msp.c ****     /* Peripheral clock enable */
  95:Src/stm32l4xx_hal_msp.c ****     __HAL_RCC_SPI1_CLK_ENABLE();
  96:Src/stm32l4xx_hal_msp.c ****   
  97:Src/stm32l4xx_hal_msp.c ****     __HAL_RCC_GPIOB_CLK_ENABLE();
  98:Src/stm32l4xx_hal_msp.c ****     /**SPI1 GPIO Configuration    
  99:Src/stm32l4xx_hal_msp.c ****     PB3 (JTDO-TRACESWO)     ------> SPI1_SCK
 100:Src/stm32l4xx_hal_msp.c ****     PB5     ------> SPI1_MOSI 
 101:Src/stm32l4xx_hal_msp.c ****     */
 102:Src/stm32l4xx_hal_msp.c ****     GPIO_InitStruct.Pin = GPIO_PIN_3|GPIO_PIN_5;
 103:Src/stm32l4xx_hal_msp.c ****     GPIO_InitStruct.Mode = GPIO_MODE_AF_PP;
 104:Src/stm32l4xx_hal_msp.c ****     GPIO_InitStruct.Pull = GPIO_NOPULL;
 105:Src/stm32l4xx_hal_msp.c ****     GPIO_InitStruct.Speed = GPIO_SPEED_FREQ_VERY_HIGH;
 106:Src/stm32l4xx_hal_msp.c ****     GPIO_InitStruct.Alternate = GPIO_AF5_SPI1;
 107:Src/stm32l4xx_hal_msp.c ****     HAL_GPIO_Init(GPIOB, &GPIO_InitStruct);
 108:Src/stm32l4xx_hal_msp.c **** 
 109:Src/stm32l4xx_hal_msp.c ****   /* USER CODE BEGIN SPI1_MspInit 1 */
 110:Src/stm32l4xx_hal_msp.c **** 
 111:Src/stm32l4xx_hal_msp.c ****   /* USER CODE END SPI1_MspInit 1 */
 112:Src/stm32l4xx_hal_msp.c ****   }
 113:Src/stm32l4xx_hal_msp.c **** 
 114:Src/stm32l4xx_hal_msp.c **** }
 106              		.loc 1 114 0
 107 0018 09B0     		add	sp, sp, #36
 108              	.LCFI4:
 109              		.cfi_remember_state
 110              		.cfi_def_cfa_offset 4
 111              		@ sp needed
 112 001a 5DF804FB 		ldr	pc, [sp], #4
 113              	.LVL2:
 114              	.L8:
 115              	.LCFI5:
 116              		.cfi_restore_state
 117              	.LBB4:
ARM GAS  /tmp/cc4fo0hd.s 			page 5


  95:Src/stm32l4xx_hal_msp.c ****   
 118              		.loc 1 95 0
 119 001e 03F56043 		add	r3, r3, #57344
 120 0022 1A6E     		ldr	r2, [r3, #96]
 121 0024 42F48052 		orr	r2, r2, #4096
 122 0028 1A66     		str	r2, [r3, #96]
 123 002a 1A6E     		ldr	r2, [r3, #96]
 124 002c 02F48052 		and	r2, r2, #4096
 125 0030 0192     		str	r2, [sp, #4]
 126 0032 019A     		ldr	r2, [sp, #4]
 127              	.LBE4:
 128              	.LBB5:
  97:Src/stm32l4xx_hal_msp.c ****     /**SPI1 GPIO Configuration    
 129              		.loc 1 97 0
 130 0034 DA6C     		ldr	r2, [r3, #76]
 131 0036 42F00202 		orr	r2, r2, #2
 132 003a DA64     		str	r2, [r3, #76]
 133 003c DB6C     		ldr	r3, [r3, #76]
 134 003e 03F00203 		and	r3, r3, #2
 135 0042 0293     		str	r3, [sp, #8]
 136 0044 029B     		ldr	r3, [sp, #8]
 137              	.LBE5:
 102:Src/stm32l4xx_hal_msp.c ****     GPIO_InitStruct.Mode = GPIO_MODE_AF_PP;
 138              		.loc 1 102 0
 139 0046 2823     		movs	r3, #40
 140 0048 0393     		str	r3, [sp, #12]
 103:Src/stm32l4xx_hal_msp.c ****     GPIO_InitStruct.Pull = GPIO_NOPULL;
 141              		.loc 1 103 0
 142 004a 0223     		movs	r3, #2
 143 004c 0493     		str	r3, [sp, #16]
 105:Src/stm32l4xx_hal_msp.c ****     GPIO_InitStruct.Alternate = GPIO_AF5_SPI1;
 144              		.loc 1 105 0
 145 004e 0323     		movs	r3, #3
 146 0050 0693     		str	r3, [sp, #24]
 106:Src/stm32l4xx_hal_msp.c ****     HAL_GPIO_Init(GPIOB, &GPIO_InitStruct);
 147              		.loc 1 106 0
 148 0052 0523     		movs	r3, #5
 149 0054 0793     		str	r3, [sp, #28]
 107:Src/stm32l4xx_hal_msp.c **** 
 150              		.loc 1 107 0
 151 0056 03A9     		add	r1, sp, #12
 152 0058 0248     		ldr	r0, .L9+4
 153              	.LVL3:
 154 005a FFF7FEFF 		bl	HAL_GPIO_Init
 155              	.LVL4:
 156              		.loc 1 114 0
 157 005e DBE7     		b	.L5
 158              	.L10:
 159              		.align	2
 160              	.L9:
 161 0060 00300140 		.word	1073819648
 162 0064 00040048 		.word	1207960576
 163              		.cfi_endproc
 164              	.LFE124:
 166              		.section	.text.HAL_SPI_MspDeInit,"ax",%progbits
 167              		.align	1
 168              		.global	HAL_SPI_MspDeInit
ARM GAS  /tmp/cc4fo0hd.s 			page 6


 169              		.syntax unified
 170              		.thumb
 171              		.thumb_func
 172              		.fpu fpv4-sp-d16
 174              	HAL_SPI_MspDeInit:
 175              	.LFB125:
 115:Src/stm32l4xx_hal_msp.c **** 
 116:Src/stm32l4xx_hal_msp.c **** /**
 117:Src/stm32l4xx_hal_msp.c **** * @brief SPI MSP De-Initialization
 118:Src/stm32l4xx_hal_msp.c **** * This function freeze the hardware resources used in this example
 119:Src/stm32l4xx_hal_msp.c **** * @param hspi: SPI handle pointer
 120:Src/stm32l4xx_hal_msp.c **** * @retval None
 121:Src/stm32l4xx_hal_msp.c **** */
 122:Src/stm32l4xx_hal_msp.c **** void HAL_SPI_MspDeInit(SPI_HandleTypeDef* hspi)
 123:Src/stm32l4xx_hal_msp.c **** {
 176              		.loc 1 123 0
 177              		.cfi_startproc
 178              		@ args = 0, pretend = 0, frame = 0
 179              		@ frame_needed = 0, uses_anonymous_args = 0
 180              	.LVL5:
 181 0000 08B5     		push	{r3, lr}
 182              	.LCFI6:
 183              		.cfi_def_cfa_offset 8
 184              		.cfi_offset 3, -8
 185              		.cfi_offset 14, -4
 124:Src/stm32l4xx_hal_msp.c ****   if(hspi->Instance==SPI1)
 186              		.loc 1 124 0
 187 0002 0268     		ldr	r2, [r0]
 188 0004 064B     		ldr	r3, .L15
 189 0006 9A42     		cmp	r2, r3
 190 0008 00D0     		beq	.L14
 191              	.LVL6:
 192              	.L11:
 125:Src/stm32l4xx_hal_msp.c ****   {
 126:Src/stm32l4xx_hal_msp.c ****   /* USER CODE BEGIN SPI1_MspDeInit 0 */
 127:Src/stm32l4xx_hal_msp.c **** 
 128:Src/stm32l4xx_hal_msp.c ****   /* USER CODE END SPI1_MspDeInit 0 */
 129:Src/stm32l4xx_hal_msp.c ****     /* Peripheral clock disable */
 130:Src/stm32l4xx_hal_msp.c ****     __HAL_RCC_SPI1_CLK_DISABLE();
 131:Src/stm32l4xx_hal_msp.c ****   
 132:Src/stm32l4xx_hal_msp.c ****     /**SPI1 GPIO Configuration    
 133:Src/stm32l4xx_hal_msp.c ****     PB3 (JTDO-TRACESWO)     ------> SPI1_SCK
 134:Src/stm32l4xx_hal_msp.c ****     PB5     ------> SPI1_MOSI 
 135:Src/stm32l4xx_hal_msp.c ****     */
 136:Src/stm32l4xx_hal_msp.c ****     HAL_GPIO_DeInit(GPIOB, GPIO_PIN_3|GPIO_PIN_5);
 137:Src/stm32l4xx_hal_msp.c **** 
 138:Src/stm32l4xx_hal_msp.c ****   /* USER CODE BEGIN SPI1_MspDeInit 1 */
 139:Src/stm32l4xx_hal_msp.c **** 
 140:Src/stm32l4xx_hal_msp.c ****   /* USER CODE END SPI1_MspDeInit 1 */
 141:Src/stm32l4xx_hal_msp.c ****   }
 142:Src/stm32l4xx_hal_msp.c **** 
 143:Src/stm32l4xx_hal_msp.c **** }
 193              		.loc 1 143 0
 194 000a 08BD     		pop	{r3, pc}
 195              	.LVL7:
 196              	.L14:
 130:Src/stm32l4xx_hal_msp.c ****   
ARM GAS  /tmp/cc4fo0hd.s 			page 7


 197              		.loc 1 130 0
 198 000c 054A     		ldr	r2, .L15+4
 199 000e 136E     		ldr	r3, [r2, #96]
 200 0010 23F48053 		bic	r3, r3, #4096
 201 0014 1366     		str	r3, [r2, #96]
 136:Src/stm32l4xx_hal_msp.c **** 
 202              		.loc 1 136 0
 203 0016 2821     		movs	r1, #40
 204 0018 0348     		ldr	r0, .L15+8
 205              	.LVL8:
 206 001a FFF7FEFF 		bl	HAL_GPIO_DeInit
 207              	.LVL9:
 208              		.loc 1 143 0
 209 001e F4E7     		b	.L11
 210              	.L16:
 211              		.align	2
 212              	.L15:
 213 0020 00300140 		.word	1073819648
 214 0024 00100240 		.word	1073876992
 215 0028 00040048 		.word	1207960576
 216              		.cfi_endproc
 217              	.LFE125:
 219              		.section	.text.HAL_TIM_Base_MspInit,"ax",%progbits
 220              		.align	1
 221              		.global	HAL_TIM_Base_MspInit
 222              		.syntax unified
 223              		.thumb
 224              		.thumb_func
 225              		.fpu fpv4-sp-d16
 227              	HAL_TIM_Base_MspInit:
 228              	.LFB126:
 144:Src/stm32l4xx_hal_msp.c **** 
 145:Src/stm32l4xx_hal_msp.c **** /**
 146:Src/stm32l4xx_hal_msp.c **** * @brief TIM_Base MSP Initialization
 147:Src/stm32l4xx_hal_msp.c **** * This function configures the hardware resources used in this example
 148:Src/stm32l4xx_hal_msp.c **** * @param htim_base: TIM_Base handle pointer
 149:Src/stm32l4xx_hal_msp.c **** * @retval None
 150:Src/stm32l4xx_hal_msp.c **** */
 151:Src/stm32l4xx_hal_msp.c **** void HAL_TIM_Base_MspInit(TIM_HandleTypeDef* htim_base)
 152:Src/stm32l4xx_hal_msp.c **** {
 229              		.loc 1 152 0
 230              		.cfi_startproc
 231              		@ args = 0, pretend = 0, frame = 8
 232              		@ frame_needed = 0, uses_anonymous_args = 0
 233              	.LVL10:
 153:Src/stm32l4xx_hal_msp.c ****   if(htim_base->Instance==TIM1)
 234              		.loc 1 153 0
 235 0000 0268     		ldr	r2, [r0]
 236 0002 0E4B     		ldr	r3, .L24
 237 0004 9A42     		cmp	r2, r3
 238 0006 00D0     		beq	.L23
 239 0008 7047     		bx	lr
 240              	.L23:
 152:Src/stm32l4xx_hal_msp.c ****   if(htim_base->Instance==TIM1)
 241              		.loc 1 152 0
 242 000a 00B5     		push	{lr}
 243              	.LCFI7:
ARM GAS  /tmp/cc4fo0hd.s 			page 8


 244              		.cfi_def_cfa_offset 4
 245              		.cfi_offset 14, -4
 246 000c 83B0     		sub	sp, sp, #12
 247              	.LCFI8:
 248              		.cfi_def_cfa_offset 16
 249              	.LBB6:
 154:Src/stm32l4xx_hal_msp.c ****   {
 155:Src/stm32l4xx_hal_msp.c ****   /* USER CODE BEGIN TIM1_MspInit 0 */
 156:Src/stm32l4xx_hal_msp.c **** 
 157:Src/stm32l4xx_hal_msp.c ****   /* USER CODE END TIM1_MspInit 0 */
 158:Src/stm32l4xx_hal_msp.c ****     /* Peripheral clock enable */
 159:Src/stm32l4xx_hal_msp.c ****     __HAL_RCC_TIM1_CLK_ENABLE();
 250              		.loc 1 159 0
 251 000e 03F56443 		add	r3, r3, #58368
 252 0012 1A6E     		ldr	r2, [r3, #96]
 253 0014 42F40062 		orr	r2, r2, #2048
 254 0018 1A66     		str	r2, [r3, #96]
 255 001a 1B6E     		ldr	r3, [r3, #96]
 256 001c 03F40063 		and	r3, r3, #2048
 257 0020 0193     		str	r3, [sp, #4]
 258 0022 019B     		ldr	r3, [sp, #4]
 259              	.LBE6:
 160:Src/stm32l4xx_hal_msp.c ****     /* TIM1 interrupt Init */
 161:Src/stm32l4xx_hal_msp.c ****     HAL_NVIC_SetPriority(TIM1_BRK_TIM15_IRQn, 0, 0);
 260              		.loc 1 161 0
 261 0024 0022     		movs	r2, #0
 262 0026 1146     		mov	r1, r2
 263 0028 1820     		movs	r0, #24
 264              	.LVL11:
 265 002a FFF7FEFF 		bl	HAL_NVIC_SetPriority
 266              	.LVL12:
 162:Src/stm32l4xx_hal_msp.c ****     HAL_NVIC_EnableIRQ(TIM1_BRK_TIM15_IRQn);
 267              		.loc 1 162 0
 268 002e 1820     		movs	r0, #24
 269 0030 FFF7FEFF 		bl	HAL_NVIC_EnableIRQ
 270              	.LVL13:
 163:Src/stm32l4xx_hal_msp.c ****   /* USER CODE BEGIN TIM1_MspInit 1 */
 164:Src/stm32l4xx_hal_msp.c **** 
 165:Src/stm32l4xx_hal_msp.c ****   /* USER CODE END TIM1_MspInit 1 */
 166:Src/stm32l4xx_hal_msp.c ****   }
 167:Src/stm32l4xx_hal_msp.c **** 
 168:Src/stm32l4xx_hal_msp.c **** }
 271              		.loc 1 168 0
 272 0034 03B0     		add	sp, sp, #12
 273              	.LCFI9:
 274              		.cfi_def_cfa_offset 4
 275              		@ sp needed
 276 0036 5DF804FB 		ldr	pc, [sp], #4
 277              	.L25:
 278 003a 00BF     		.align	2
 279              	.L24:
 280 003c 002C0140 		.word	1073818624
 281              		.cfi_endproc
 282              	.LFE126:
 284              		.section	.text.HAL_TIM_Base_MspDeInit,"ax",%progbits
 285              		.align	1
 286              		.global	HAL_TIM_Base_MspDeInit
ARM GAS  /tmp/cc4fo0hd.s 			page 9


 287              		.syntax unified
 288              		.thumb
 289              		.thumb_func
 290              		.fpu fpv4-sp-d16
 292              	HAL_TIM_Base_MspDeInit:
 293              	.LFB127:
 169:Src/stm32l4xx_hal_msp.c **** 
 170:Src/stm32l4xx_hal_msp.c **** /**
 171:Src/stm32l4xx_hal_msp.c **** * @brief TIM_Base MSP De-Initialization
 172:Src/stm32l4xx_hal_msp.c **** * This function freeze the hardware resources used in this example
 173:Src/stm32l4xx_hal_msp.c **** * @param htim_base: TIM_Base handle pointer
 174:Src/stm32l4xx_hal_msp.c **** * @retval None
 175:Src/stm32l4xx_hal_msp.c **** */
 176:Src/stm32l4xx_hal_msp.c **** void HAL_TIM_Base_MspDeInit(TIM_HandleTypeDef* htim_base)
 177:Src/stm32l4xx_hal_msp.c **** {
 294              		.loc 1 177 0
 295              		.cfi_startproc
 296              		@ args = 0, pretend = 0, frame = 0
 297              		@ frame_needed = 0, uses_anonymous_args = 0
 298              	.LVL14:
 299 0000 08B5     		push	{r3, lr}
 300              	.LCFI10:
 301              		.cfi_def_cfa_offset 8
 302              		.cfi_offset 3, -8
 303              		.cfi_offset 14, -4
 178:Src/stm32l4xx_hal_msp.c ****   if(htim_base->Instance==TIM1)
 304              		.loc 1 178 0
 305 0002 0268     		ldr	r2, [r0]
 306 0004 064B     		ldr	r3, .L30
 307 0006 9A42     		cmp	r2, r3
 308 0008 00D0     		beq	.L29
 309              	.LVL15:
 310              	.L26:
 179:Src/stm32l4xx_hal_msp.c ****   {
 180:Src/stm32l4xx_hal_msp.c ****   /* USER CODE BEGIN TIM1_MspDeInit 0 */
 181:Src/stm32l4xx_hal_msp.c **** 
 182:Src/stm32l4xx_hal_msp.c ****   /* USER CODE END TIM1_MspDeInit 0 */
 183:Src/stm32l4xx_hal_msp.c ****     /* Peripheral clock disable */
 184:Src/stm32l4xx_hal_msp.c ****     __HAL_RCC_TIM1_CLK_DISABLE();
 185:Src/stm32l4xx_hal_msp.c **** 
 186:Src/stm32l4xx_hal_msp.c ****     /* TIM1 interrupt DeInit */
 187:Src/stm32l4xx_hal_msp.c ****     HAL_NVIC_DisableIRQ(TIM1_BRK_TIM15_IRQn);
 188:Src/stm32l4xx_hal_msp.c ****   /* USER CODE BEGIN TIM1_MspDeInit 1 */
 189:Src/stm32l4xx_hal_msp.c **** 
 190:Src/stm32l4xx_hal_msp.c ****   /* USER CODE END TIM1_MspDeInit 1 */
 191:Src/stm32l4xx_hal_msp.c ****   }
 192:Src/stm32l4xx_hal_msp.c **** 
 193:Src/stm32l4xx_hal_msp.c **** }
 311              		.loc 1 193 0
 312 000a 08BD     		pop	{r3, pc}
 313              	.LVL16:
 314              	.L29:
 184:Src/stm32l4xx_hal_msp.c **** 
 315              		.loc 1 184 0
 316 000c 054A     		ldr	r2, .L30+4
 317 000e 136E     		ldr	r3, [r2, #96]
 318 0010 23F40063 		bic	r3, r3, #2048
ARM GAS  /tmp/cc4fo0hd.s 			page 10


 319 0014 1366     		str	r3, [r2, #96]
 187:Src/stm32l4xx_hal_msp.c ****   /* USER CODE BEGIN TIM1_MspDeInit 1 */
 320              		.loc 1 187 0
 321 0016 1820     		movs	r0, #24
 322              	.LVL17:
 323 0018 FFF7FEFF 		bl	HAL_NVIC_DisableIRQ
 324              	.LVL18:
 325              		.loc 1 193 0
 326 001c F5E7     		b	.L26
 327              	.L31:
 328 001e 00BF     		.align	2
 329              	.L30:
 330 0020 002C0140 		.word	1073818624
 331 0024 00100240 		.word	1073876992
 332              		.cfi_endproc
 333              	.LFE127:
 335              		.section	.text.HAL_UART_MspInit,"ax",%progbits
 336              		.align	1
 337              		.global	HAL_UART_MspInit
 338              		.syntax unified
 339              		.thumb
 340              		.thumb_func
 341              		.fpu fpv4-sp-d16
 343              	HAL_UART_MspInit:
 344              	.LFB128:
 194:Src/stm32l4xx_hal_msp.c **** 
 195:Src/stm32l4xx_hal_msp.c **** /**
 196:Src/stm32l4xx_hal_msp.c **** * @brief UART MSP Initialization
 197:Src/stm32l4xx_hal_msp.c **** * This function configures the hardware resources used in this example
 198:Src/stm32l4xx_hal_msp.c **** * @param huart: UART handle pointer
 199:Src/stm32l4xx_hal_msp.c **** * @retval None
 200:Src/stm32l4xx_hal_msp.c **** */
 201:Src/stm32l4xx_hal_msp.c **** void HAL_UART_MspInit(UART_HandleTypeDef* huart)
 202:Src/stm32l4xx_hal_msp.c **** {
 345              		.loc 1 202 0
 346              		.cfi_startproc
 347              		@ args = 0, pretend = 0, frame = 32
 348              		@ frame_needed = 0, uses_anonymous_args = 0
 349              	.LVL19:
 350 0000 00B5     		push	{lr}
 351              	.LCFI11:
 352              		.cfi_def_cfa_offset 4
 353              		.cfi_offset 14, -4
 354 0002 89B0     		sub	sp, sp, #36
 355              	.LCFI12:
 356              		.cfi_def_cfa_offset 40
 203:Src/stm32l4xx_hal_msp.c ****   GPIO_InitTypeDef GPIO_InitStruct = {0};
 357              		.loc 1 203 0
 358 0004 0023     		movs	r3, #0
 359 0006 0393     		str	r3, [sp, #12]
 360 0008 0493     		str	r3, [sp, #16]
 361 000a 0593     		str	r3, [sp, #20]
 362 000c 0693     		str	r3, [sp, #24]
 363 000e 0793     		str	r3, [sp, #28]
 204:Src/stm32l4xx_hal_msp.c ****   if(huart->Instance==USART2)
 364              		.loc 1 204 0
 365 0010 0268     		ldr	r2, [r0]
ARM GAS  /tmp/cc4fo0hd.s 			page 11


 366 0012 144B     		ldr	r3, .L36
 367 0014 9A42     		cmp	r2, r3
 368 0016 02D0     		beq	.L35
 369              	.LVL20:
 370              	.L32:
 205:Src/stm32l4xx_hal_msp.c ****   {
 206:Src/stm32l4xx_hal_msp.c ****   /* USER CODE BEGIN USART2_MspInit 0 */
 207:Src/stm32l4xx_hal_msp.c **** 
 208:Src/stm32l4xx_hal_msp.c ****   /* USER CODE END USART2_MspInit 0 */
 209:Src/stm32l4xx_hal_msp.c ****     /* Peripheral clock enable */
 210:Src/stm32l4xx_hal_msp.c ****     __HAL_RCC_USART2_CLK_ENABLE();
 211:Src/stm32l4xx_hal_msp.c ****   
 212:Src/stm32l4xx_hal_msp.c ****     __HAL_RCC_GPIOA_CLK_ENABLE();
 213:Src/stm32l4xx_hal_msp.c ****     /**USART2 GPIO Configuration    
 214:Src/stm32l4xx_hal_msp.c ****     PA2     ------> USART2_TX
 215:Src/stm32l4xx_hal_msp.c ****     PA3     ------> USART2_RX 
 216:Src/stm32l4xx_hal_msp.c ****     */
 217:Src/stm32l4xx_hal_msp.c ****     GPIO_InitStruct.Pin = USART_TX_Pin|USART_RX_Pin;
 218:Src/stm32l4xx_hal_msp.c ****     GPIO_InitStruct.Mode = GPIO_MODE_AF_PP;
 219:Src/stm32l4xx_hal_msp.c ****     GPIO_InitStruct.Pull = GPIO_NOPULL;
 220:Src/stm32l4xx_hal_msp.c ****     GPIO_InitStruct.Speed = GPIO_SPEED_FREQ_VERY_HIGH;
 221:Src/stm32l4xx_hal_msp.c ****     GPIO_InitStruct.Alternate = GPIO_AF7_USART2;
 222:Src/stm32l4xx_hal_msp.c ****     HAL_GPIO_Init(GPIOA, &GPIO_InitStruct);
 223:Src/stm32l4xx_hal_msp.c **** 
 224:Src/stm32l4xx_hal_msp.c ****   /* USER CODE BEGIN USART2_MspInit 1 */
 225:Src/stm32l4xx_hal_msp.c **** 
 226:Src/stm32l4xx_hal_msp.c ****   /* USER CODE END USART2_MspInit 1 */
 227:Src/stm32l4xx_hal_msp.c ****   }
 228:Src/stm32l4xx_hal_msp.c **** 
 229:Src/stm32l4xx_hal_msp.c **** }
 371              		.loc 1 229 0
 372 0018 09B0     		add	sp, sp, #36
 373              	.LCFI13:
 374              		.cfi_remember_state
 375              		.cfi_def_cfa_offset 4
 376              		@ sp needed
 377 001a 5DF804FB 		ldr	pc, [sp], #4
 378              	.LVL21:
 379              	.L35:
 380              	.LCFI14:
 381              		.cfi_restore_state
 382              	.LBB7:
 210:Src/stm32l4xx_hal_msp.c ****   
 383              		.loc 1 210 0
 384 001e 03F5E633 		add	r3, r3, #117760
 385 0022 9A6D     		ldr	r2, [r3, #88]
 386 0024 42F40032 		orr	r2, r2, #131072
 387 0028 9A65     		str	r2, [r3, #88]
 388 002a 9A6D     		ldr	r2, [r3, #88]
 389 002c 02F40032 		and	r2, r2, #131072
 390 0030 0192     		str	r2, [sp, #4]
 391 0032 019A     		ldr	r2, [sp, #4]
 392              	.LBE7:
 393              	.LBB8:
 212:Src/stm32l4xx_hal_msp.c ****     /**USART2 GPIO Configuration    
 394              		.loc 1 212 0
 395 0034 DA6C     		ldr	r2, [r3, #76]
ARM GAS  /tmp/cc4fo0hd.s 			page 12


 396 0036 42F00102 		orr	r2, r2, #1
 397 003a DA64     		str	r2, [r3, #76]
 398 003c DB6C     		ldr	r3, [r3, #76]
 399 003e 03F00103 		and	r3, r3, #1
 400 0042 0293     		str	r3, [sp, #8]
 401 0044 029B     		ldr	r3, [sp, #8]
 402              	.LBE8:
 217:Src/stm32l4xx_hal_msp.c ****     GPIO_InitStruct.Mode = GPIO_MODE_AF_PP;
 403              		.loc 1 217 0
 404 0046 0C23     		movs	r3, #12
 405 0048 0393     		str	r3, [sp, #12]
 218:Src/stm32l4xx_hal_msp.c ****     GPIO_InitStruct.Pull = GPIO_NOPULL;
 406              		.loc 1 218 0
 407 004a 0223     		movs	r3, #2
 408 004c 0493     		str	r3, [sp, #16]
 220:Src/stm32l4xx_hal_msp.c ****     GPIO_InitStruct.Alternate = GPIO_AF7_USART2;
 409              		.loc 1 220 0
 410 004e 0323     		movs	r3, #3
 411 0050 0693     		str	r3, [sp, #24]
 221:Src/stm32l4xx_hal_msp.c ****     HAL_GPIO_Init(GPIOA, &GPIO_InitStruct);
 412              		.loc 1 221 0
 413 0052 0723     		movs	r3, #7
 414 0054 0793     		str	r3, [sp, #28]
 222:Src/stm32l4xx_hal_msp.c **** 
 415              		.loc 1 222 0
 416 0056 03A9     		add	r1, sp, #12
 417 0058 4FF09040 		mov	r0, #1207959552
 418              	.LVL22:
 419 005c FFF7FEFF 		bl	HAL_GPIO_Init
 420              	.LVL23:
 421              		.loc 1 229 0
 422 0060 DAE7     		b	.L32
 423              	.L37:
 424 0062 00BF     		.align	2
 425              	.L36:
 426 0064 00440040 		.word	1073759232
 427              		.cfi_endproc
 428              	.LFE128:
 430              		.section	.text.HAL_UART_MspDeInit,"ax",%progbits
 431              		.align	1
 432              		.global	HAL_UART_MspDeInit
 433              		.syntax unified
 434              		.thumb
 435              		.thumb_func
 436              		.fpu fpv4-sp-d16
 438              	HAL_UART_MspDeInit:
 439              	.LFB129:
 230:Src/stm32l4xx_hal_msp.c **** 
 231:Src/stm32l4xx_hal_msp.c **** /**
 232:Src/stm32l4xx_hal_msp.c **** * @brief UART MSP De-Initialization
 233:Src/stm32l4xx_hal_msp.c **** * This function freeze the hardware resources used in this example
 234:Src/stm32l4xx_hal_msp.c **** * @param huart: UART handle pointer
 235:Src/stm32l4xx_hal_msp.c **** * @retval None
 236:Src/stm32l4xx_hal_msp.c **** */
 237:Src/stm32l4xx_hal_msp.c **** void HAL_UART_MspDeInit(UART_HandleTypeDef* huart)
 238:Src/stm32l4xx_hal_msp.c **** {
 440              		.loc 1 238 0
ARM GAS  /tmp/cc4fo0hd.s 			page 13


 441              		.cfi_startproc
 442              		@ args = 0, pretend = 0, frame = 0
 443              		@ frame_needed = 0, uses_anonymous_args = 0
 444              	.LVL24:
 445 0000 08B5     		push	{r3, lr}
 446              	.LCFI15:
 447              		.cfi_def_cfa_offset 8
 448              		.cfi_offset 3, -8
 449              		.cfi_offset 14, -4
 239:Src/stm32l4xx_hal_msp.c ****   if(huart->Instance==USART2)
 450              		.loc 1 239 0
 451 0002 0268     		ldr	r2, [r0]
 452 0004 074B     		ldr	r3, .L42
 453 0006 9A42     		cmp	r2, r3
 454 0008 00D0     		beq	.L41
 455              	.LVL25:
 456              	.L38:
 240:Src/stm32l4xx_hal_msp.c ****   {
 241:Src/stm32l4xx_hal_msp.c ****   /* USER CODE BEGIN USART2_MspDeInit 0 */
 242:Src/stm32l4xx_hal_msp.c **** 
 243:Src/stm32l4xx_hal_msp.c ****   /* USER CODE END USART2_MspDeInit 0 */
 244:Src/stm32l4xx_hal_msp.c ****     /* Peripheral clock disable */
 245:Src/stm32l4xx_hal_msp.c ****     __HAL_RCC_USART2_CLK_DISABLE();
 246:Src/stm32l4xx_hal_msp.c ****   
 247:Src/stm32l4xx_hal_msp.c ****     /**USART2 GPIO Configuration    
 248:Src/stm32l4xx_hal_msp.c ****     PA2     ------> USART2_TX
 249:Src/stm32l4xx_hal_msp.c ****     PA3     ------> USART2_RX 
 250:Src/stm32l4xx_hal_msp.c ****     */
 251:Src/stm32l4xx_hal_msp.c ****     HAL_GPIO_DeInit(GPIOA, USART_TX_Pin|USART_RX_Pin);
 252:Src/stm32l4xx_hal_msp.c **** 
 253:Src/stm32l4xx_hal_msp.c ****   /* USER CODE BEGIN USART2_MspDeInit 1 */
 254:Src/stm32l4xx_hal_msp.c **** 
 255:Src/stm32l4xx_hal_msp.c ****   /* USER CODE END USART2_MspDeInit 1 */
 256:Src/stm32l4xx_hal_msp.c ****   }
 257:Src/stm32l4xx_hal_msp.c **** 
 258:Src/stm32l4xx_hal_msp.c **** }
 457              		.loc 1 258 0
 458 000a 08BD     		pop	{r3, pc}
 459              	.LVL26:
 460              	.L41:
 245:Src/stm32l4xx_hal_msp.c ****   
 461              		.loc 1 245 0
 462 000c 064A     		ldr	r2, .L42+4
 463 000e 936D     		ldr	r3, [r2, #88]
 464 0010 23F40033 		bic	r3, r3, #131072
 465 0014 9365     		str	r3, [r2, #88]
 251:Src/stm32l4xx_hal_msp.c **** 
 466              		.loc 1 251 0
 467 0016 0C21     		movs	r1, #12
 468 0018 4FF09040 		mov	r0, #1207959552
 469              	.LVL27:
 470 001c FFF7FEFF 		bl	HAL_GPIO_DeInit
 471              	.LVL28:
 472              		.loc 1 258 0
 473 0020 F3E7     		b	.L38
 474              	.L43:
 475 0022 00BF     		.align	2
ARM GAS  /tmp/cc4fo0hd.s 			page 14


 476              	.L42:
 477 0024 00440040 		.word	1073759232
 478 0028 00100240 		.word	1073876992
 479              		.cfi_endproc
 480              	.LFE129:
 482              		.comm	display_previous_mode,4,4
 483              		.comm	display_mode,4,4
 484              		.comm	BlackImage,4,4
 485              		.comm	click,4,4
 486              		.comm	current_position,4,4
 487              		.comm	menu_text_usage,12,4
 488              		.comm	mode,4,4
 489              		.comm	action,4,4
 490              		.text
 491              	.Letext0:
 492              		.file 2 "/usr/arm-none-eabi/include/machine/_default_types.h"
 493              		.file 3 "/usr/arm-none-eabi/include/sys/_stdint.h"
 494              		.file 4 "Drivers/CMSIS/Include/core_cm4.h"
 495              		.file 5 "Drivers/CMSIS/Device/ST/STM32L4xx/Include/system_stm32l4xx.h"
 496              		.file 6 "Drivers/CMSIS/Device/ST/STM32L4xx/Include/stm32l476xx.h"
 497              		.file 7 "Drivers/STM32L4xx_HAL_Driver/Inc/stm32l4xx_hal_def.h"
 498              		.file 8 "Drivers/STM32L4xx_HAL_Driver/Inc/stm32l4xx_hal_gpio.h"
 499              		.file 9 "Drivers/STM32L4xx_HAL_Driver/Inc/stm32l4xx_hal_dma.h"
 500              		.file 10 "Drivers/STM32L4xx_HAL_Driver/Inc/stm32l4xx_hal_spi.h"
 501              		.file 11 "Drivers/STM32L4xx_HAL_Driver/Inc/stm32l4xx_hal_tim.h"
 502              		.file 12 "Drivers/STM32L4xx_HAL_Driver/Inc/stm32l4xx_hal_uart.h"
 503              		.file 13 "Drivers/STM32L4xx_HAL_Driver/Inc/stm32l4xx_hal.h"
 504              		.file 14 "Display/e-Paper/EPD_2in9.h"
 505              		.file 15 "Display/GUI/../Fonts/fonts.h"
 506              		.file 16 "Display/GUI/GUI_Paint.h"
 507              		.file 17 "Display/e-Paper/ImageData.h"
 508              		.file 18 "/usr/arm-none-eabi/include/sys/lock.h"
 509              		.file 19 "/usr/arm-none-eabi/include/sys/_types.h"
 510              		.file 20 "/usr/lib/gcc/arm-none-eabi/7.3.1/include/stddef.h"
 511              		.file 21 "/usr/arm-none-eabi/include/sys/reent.h"
 512              		.file 22 "/usr/arm-none-eabi/include/stdlib.h"
 513              		.file 23 "Inc/keyboard.h"
 514              		.file 24 "Display/Text_Mode/text.h"
 515              		.file 25 "Display/Menu/menu.h"
 516              		.file 26 "Display/display.h"
 517              		.file 27 "Drivers/STM32L4xx_HAL_Driver/Inc/stm32l4xx_hal_cortex.h"
ARM GAS  /tmp/cc4fo0hd.s 			page 15


DEFINED SYMBOLS
                            *ABS*:0000000000000000 stm32l4xx_hal_msp.c
     /tmp/cc4fo0hd.s:18     .text.HAL_MspInit:0000000000000000 $t
     /tmp/cc4fo0hd.s:25     .text.HAL_MspInit:0000000000000000 HAL_MspInit
     /tmp/cc4fo0hd.s:66     .text.HAL_MspInit:000000000000002c $d
     /tmp/cc4fo0hd.s:71     .text.HAL_SPI_MspInit:0000000000000000 $t
     /tmp/cc4fo0hd.s:78     .text.HAL_SPI_MspInit:0000000000000000 HAL_SPI_MspInit
     /tmp/cc4fo0hd.s:161    .text.HAL_SPI_MspInit:0000000000000060 $d
     /tmp/cc4fo0hd.s:167    .text.HAL_SPI_MspDeInit:0000000000000000 $t
     /tmp/cc4fo0hd.s:174    .text.HAL_SPI_MspDeInit:0000000000000000 HAL_SPI_MspDeInit
     /tmp/cc4fo0hd.s:213    .text.HAL_SPI_MspDeInit:0000000000000020 $d
     /tmp/cc4fo0hd.s:220    .text.HAL_TIM_Base_MspInit:0000000000000000 $t
     /tmp/cc4fo0hd.s:227    .text.HAL_TIM_Base_MspInit:0000000000000000 HAL_TIM_Base_MspInit
     /tmp/cc4fo0hd.s:280    .text.HAL_TIM_Base_MspInit:000000000000003c $d
     /tmp/cc4fo0hd.s:285    .text.HAL_TIM_Base_MspDeInit:0000000000000000 $t
     /tmp/cc4fo0hd.s:292    .text.HAL_TIM_Base_MspDeInit:0000000000000000 HAL_TIM_Base_MspDeInit
     /tmp/cc4fo0hd.s:330    .text.HAL_TIM_Base_MspDeInit:0000000000000020 $d
     /tmp/cc4fo0hd.s:336    .text.HAL_UART_MspInit:0000000000000000 $t
     /tmp/cc4fo0hd.s:343    .text.HAL_UART_MspInit:0000000000000000 HAL_UART_MspInit
     /tmp/cc4fo0hd.s:426    .text.HAL_UART_MspInit:0000000000000064 $d
     /tmp/cc4fo0hd.s:431    .text.HAL_UART_MspDeInit:0000000000000000 $t
     /tmp/cc4fo0hd.s:438    .text.HAL_UART_MspDeInit:0000000000000000 HAL_UART_MspDeInit
     /tmp/cc4fo0hd.s:477    .text.HAL_UART_MspDeInit:0000000000000024 $d
                            *COM*:0000000000000004 display_previous_mode
                            *COM*:0000000000000004 display_mode
                            *COM*:0000000000000004 BlackImage
                            *COM*:0000000000000004 click
                            *COM*:0000000000000004 current_position
                            *COM*:000000000000000c menu_text_usage
                            *COM*:0000000000000004 mode
                            *COM*:0000000000000004 action

UNDEFINED SYMBOLS
HAL_GPIO_Init
HAL_GPIO_DeInit
HAL_NVIC_SetPriority
HAL_NVIC_EnableIRQ
HAL_NVIC_DisableIRQ
